
-----------------------------------------Test 'verifyAddToCartFunctionality: Cash_SA'------------------------------


-----------------------------------------Test 'verifyNavigationFromPLPToPDP: Cash_SA'------------------------------

Start-> verifyAddToCartFunctionality

Start-> verifyNavigationFromPLPToPDP

 ********Test Description = Cash_SA, Cash_SA

 ********Test Description = Cash_SA, Cash_SA

*****Result = PASSED

[08/11/2020 13:08:02] END -> verifyNavigationFromPLPToPDP

----

*****Result = PASSED

[08/11/2020 13:08:02] END -> verifyAddToCartFunctionality

----


-----------------------------------------Test 'verifyNavigationFromPLPToPDP: Trade_SA'------------------------------

Start-> verifyNavigationFromPLPToPDP

 ********Test Description = Trade_SA, Trade_SA


-----------------------------------------Test 'verifyAddToCartFunctionality: Trade_SA'------------------------------

Start-> verifyAddToCartFunctionality

 ********Test Description = Trade_SA, Trade_SA

*****Result = PASSED

[08/11/2020 13:09:02] END -> verifyNavigationFromPLPToPDP

----


-----------------------------------------Test 'verifyDisplayOfCheckStockAvilabilityFutureDate: Cash_SA'------------------------------

Start-> verifyDisplayOfCheckStockAvilabilityFutureDate

 ********Test Description = Cash_SA, Cash_SA

*****Result = PASSED

[08/11/2020 13:09:21] END -> verifyAddToCartFunctionality

----


-----------------------------------------Test 'verifyAddToCartDisabledFunctionalityForAOUsers'------------------------------

Start-> verifyAddToCartDisabledFunctionalityForAOUsers

 ********Test Description = To verify Add to cart button is disabled for AO users in PLP

*****Result = PASSED

[08/11/2020 13:10:07] END -> verifyDisplayOfCheckStockAvilabilityFutureDate

----

*****************Result = SKIPPED

[08/11/2020 13:10:09] END ->com.testCases.PLPTestCases.verifyAddToCartDisabledFunctionalityForAOUsers

--------------


-----------------------------------------Test 'verifyDisplayOfCheckStockAvilabilityFutureDate: Trade_SA'------------------------------

Start-> verifyDisplayOfCheckStockAvilabilityFutureDate

 ********Test Description = Trade_SA, Trade_SA


-----------------------------------------Test 'verifyAddToCartDisabledFunctionalityForAOUsers'------------------------------

Start-> verifyAddToCartDisabledFunctionalityForAOUsers

 ********Test Description = To verify Add to cart button is disabled for AO users in PLP

*****************Result = FAILED

[08/11/2020 13:10:53] END ->com.testCases.PLPTestCases.verifyAddToCartDisabledFunctionalityForAOUsers

--------------


-----------------------------------------Test 'verifySortingFunctionality: Cash_SA'------------------------------

Start-> verifySortingFunctionality

 ********Test Description = Cash_SA, Cash_SA

*****Result = PASSED

[08/11/2020 13:11:16] END -> verifyDisplayOfCheckStockAvilabilityFutureDate

----


-----------------------------------------Test 'verifyCheckStockAvailabilityForFutureDate: Cash_SA'------------------------------

Start-> verifyCheckStockAvailabilityForFutureDate

 ********Test Description = Cash_SA, Cash_SA

*****Result = PASSED

[08/11/2020 13:13:25] END -> verifySortingFunctionality

----


-----------------------------------------Test 'verifySortingFunctionality: Trade_SA'------------------------------

Start-> verifySortingFunctionality

 ********Test Description = Trade_SA, Trade_SA

expected [true] but found [false]

*****************Result = SKIPPED

[08/11/2020 13:13:57] END ->com.testCases.PDPTestCases.verifyCheckStockAvailabilityForFutureDate

--------------


-----------------------------------------Test 'verifyCheckStockAvailabilityForFutureDate: Cash_SA'------------------------------

Start-> verifyCheckStockAvailabilityForFutureDate

 ********Test Description = Cash_SA, Cash_SA

*****Result = PASSED

[08/11/2020 13:14:22] END -> verifySortingFunctionality

----


-----------------------------------------Test 'verifycheCkStockAvailabilityFunctionality: Cash_SA'------------------------------

Start-> verifycheCkStockAvailabilityFunctionality

 ********Test Description = Cash_SA, Cash_SA

*****Result = PASSED

[08/11/2020 13:15:33] END -> verifyCheckStockAvailabilityForFutureDate

----


-----------------------------------------Test 'verifyCheckStockAvailabilityForFutureDate: Trade_SA'------------------------------

Start-> verifyCheckStockAvailabilityForFutureDate

 ********Test Description = Trade_SA, Trade_SA

*****Result = PASSED

[08/11/2020 13:15:52] END -> verifycheCkStockAvailabilityFunctionality

----


-----------------------------------------Test 'verifycheCkStockAvailabilityFunctionality: Trade_SA'------------------------------

Start-> verifycheCkStockAvailabilityFunctionality

 ********Test Description = Trade_SA, Trade_SA

*****Result = PASSED

[08/11/2020 13:16:57] END -> verifycheCkStockAvailabilityFunctionality

----


-----------------------------------------Test 'verifyCheckETAFunctionality: Cash_SA'------------------------------

Start-> verifyCheckETAFunctionality

 ********Test Description = Cash_SA, Cash_SA

*****Result = PASSED

[08/11/2020 13:17:10] END -> verifyCheckStockAvailabilityForFutureDate

----


-----------------------------------------Test 'verifyChekStockAvailabilityFunctionality: Cash_SA'------------------------------

Start-> verifyChekStockAvailabilityFunctionality

 ********Test Description = Cash_SA, Cash_SA

expected [5] but found [10]

*****************Result = SKIPPED

[08/11/2020 13:17:58] END ->com.testCases.PLPTestCases.verifyCheckETAFunctionality

--------------


-----------------------------------------Test 'verifyCheckETAFunctionality: Cash_SA'------------------------------

Start-> verifyCheckETAFunctionality

 ********Test Description = Cash_SA, Cash_SA

*****Result = PASSED

[08/11/2020 13:19:00] END -> verifyCheckETAFunctionality

----


-----------------------------------------Test 'verifyCheckETAFunctionality: Trade_SA'------------------------------

Start-> verifyCheckETAFunctionality

 ********Test Description = Trade_SA, Trade_SA

*****Result = PASSED

[08/11/2020 13:20:02] END -> verifyCheckETAFunctionality

----


-----------------------------------------Test 'verifyCheckStockAvailabilityForFutureDate: Cash_SA'------------------------------

Start-> verifyCheckStockAvailabilityForFutureDate

 ********Test Description = Cash_SA, Cash_SA

*****Result = PASSED

[08/11/2020 13:20:26] END -> verifyChekStockAvailabilityFunctionality

----


-----------------------------------------Test 'verifyChekStockAvailabilityFunctionality: Trade_SA'------------------------------

Start-> verifyChekStockAvailabilityFunctionality

 ********Test Description = Trade_SA, Trade_SA

*****Result = PASSED

[08/11/2020 13:21:22] END -> verifyCheckStockAvailabilityForFutureDate

----


-----------------------------------------Test 'verifyCheckStockAvailabilityForFutureDate: Trade_SA'------------------------------

Start-> verifyCheckStockAvailabilityForFutureDate

 ********Test Description = Trade_SA, Trade_SA

*****Result = PASSED

[08/11/2020 13:21:39] END -> verifyChekStockAvailabilityFunctionality

----


-----------------------------------------Test 'verifyDisplayingOfDisclaimerMessage: Cash_SA'------------------------------

Start-> verifyDisplayingOfDisclaimerMessage

 ********Test Description = Cash_SA, Cash_SA

*****Result = PASSED

[08/11/2020 13:22:45] END -> verifyCheckStockAvailabilityForFutureDate

----


-----------------------------------------Test 'verifyCheckStockAvailabilityForPastDate: Cash_SA'------------------------------

Start-> verifyCheckStockAvailabilityForPastDate

 ********Test Description = Cash_SA, Cash_SA

*****Result = PASSED

[08/11/2020 13:23:10] END -> verifyDisplayingOfDisclaimerMessage

----


-----------------------------------------Test 'verifyDisplayingOfDisclaimerMessage: Trade_SA'------------------------------

Start-> verifyDisplayingOfDisclaimerMessage

 ********Test Description = Trade_SA, Trade_SA

*****Result = PASSED

[08/11/2020 13:24:00] END -> verifyCheckStockAvailabilityForPastDate

----


-----------------------------------------Test 'verifyCheckStockAvailabilityForPastDate: Trade_SA'------------------------------

Start-> verifyCheckStockAvailabilityForPastDate

 ********Test Description = Trade_SA, Trade_SA

*****Result = PASSED

[08/11/2020 13:24:40] END -> verifyDisplayingOfDisclaimerMessage

----


-----------------------------------------Test 'verifyCurrentDateAndPreviousDateSelection: Cash_SA'------------------------------

Start-> verifyCurrentDateAndPreviousDateSelection

 ********Test Description = Cash_SA, Cash_SA

*****Result = PASSED

[08/11/2020 13:25:07] END -> verifyCheckStockAvailabilityForPastDate

----


-----------------------------------------Test 'verifyCheckStockAvailabilityMessage: Cash_SA'------------------------------

Start-> verifyCheckStockAvailabilityMessage

 ********Test Description = Cash_SA, Cash_SA

*****Result = PASSED

[08/11/2020 13:26:12] END -> verifyCurrentDateAndPreviousDateSelection

----


-----------------------------------------Test 'verifyCurrentDateAndPreviousDateSelection: Trade_SA'------------------------------

Start-> verifyCurrentDateAndPreviousDateSelection

 ********Test Description = Trade_SA, Trade_SA

*****Result = PASSED

[08/11/2020 13:26:29] END -> verifyCheckStockAvailabilityMessage

----


-----------------------------------------Test 'verifyCheckStockAvailabilityMessage: Trade_SA'------------------------------

Start-> verifyCheckStockAvailabilityMessage

 ********Test Description = Trade_SA, Trade_SA

*****Result = PASSED

[08/11/2020 13:27:36] END -> verifyCurrentDateAndPreviousDateSelection

----

*****Result = PASSED

[08/11/2020 13:27:40] END -> verifyCheckStockAvailabilityMessage

----


-----------------------------------------Test 'verifyDiffrentDateSelection: Cash_SA'------------------------------

Start-> verifyDiffrentDateSelection

 ********Test Description = Cash_SA, Cash_SA


-----------------------------------------Test 'verifyOkButtonFunctionality: Cash_SA'------------------------------

Start-> verifyOkButtonFunctionality

 ********Test Description = Cash_SA, Cash_SA

*****Result = PASSED

[08/11/2020 13:29:12] END -> verifyOkButtonFunctionality

----


-----------------------------------------Test 'verifyOkButtonFunctionality: Trade_SA'------------------------------

Start-> verifyOkButtonFunctionality

 ********Test Description = Trade_SA, Trade_SA

*****Result = PASSED

[08/11/2020 13:29:39] END -> verifyDiffrentDateSelection

----


-----------------------------------------Test 'verifyDiffrentDateSelection: Trade_SA'------------------------------

Start-> verifyDiffrentDateSelection

 ********Test Description = Trade_SA, Trade_SA

*****Result = PASSED

[08/11/2020 13:30:33] END -> verifyOkButtonFunctionality

----


-----------------------------------------Test 'verifyNavigationFromPLPToPDP: Cash_SA'------------------------------

Start-> verifyNavigationFromPLPToPDP

 ********Test Description = Cash_SA, Cash_SA

*****Result = PASSED

[08/11/2020 13:31:40] END -> verifyDiffrentDateSelection

----

*****Result = PASSED

[08/11/2020 13:31:44] END -> verifyNavigationFromPLPToPDP

----


-----------------------------------------Test 'verifyDateFormatInDatepicker: Cash_SA'------------------------------

Start-> verifyDateFormatInDatepicker

 ********Test Description = Cash_SA, Cash_SA


-----------------------------------------Test 'verifyNavigationFromPLPToPDP: Trade_SA'------------------------------

Start-> verifyNavigationFromPLPToPDP

 ********Test Description = Trade_SA, Trade_SA

*****Result = PASSED

[08/11/2020 13:32:50] END -> verifyNavigationFromPLPToPDP

----


-----------------------------------------Test 'verifyCheckStockAvailabilityForFutureDateForOutofStockProduct: Cash_SA'------------------------------

Start-> verifyCheckStockAvailabilityForFutureDateForOutofStockProduct

 ********Test Description = Cash_SA, Cash_SA

*****Result = PASSED

[08/11/2020 13:33:14] END -> verifyDateFormatInDatepicker

----


-----------------------------------------Test 'verifyDateFormatInDatepicker: Trade_SA'------------------------------

Start-> verifyDateFormatInDatepicker

 ********Test Description = Trade_SA, Trade_SA

*****Result = PASSED

[08/11/2020 13:34:15] END -> verifyCheckStockAvailabilityForFutureDateForOutofStockProduct

----


-----------------------------------------Test 'verifyCheckStockAvailabilityForFutureDateForOutofStockProduct: Trade_SA'------------------------------

Start-> verifyCheckStockAvailabilityForFutureDateForOutofStockProduct

 ********Test Description = Trade_SA, Trade_SA

*****Result = PASSED

[08/11/2020 13:35:36] END -> verifyCheckStockAvailabilityForFutureDateForOutofStockProduct

----


-----------------------------------------Test 'verifyStockInformationNotAvailableForSelectedDate: Cash_SA'------------------------------

Start-> verifyStockInformationNotAvailableForSelectedDate

 ********Test Description = Cash_SA, Cash_SA

expected [true] but found [false]

*****************Result = SKIPPED

[08/11/2020 13:35:53] END ->com.testCases.PDPTestCases.verifyDateFormatInDatepicker

--------------


-----------------------------------------Test 'verifyDateFormatInDatepicker: Trade_SA'------------------------------

Start-> verifyDateFormatInDatepicker

 ********Test Description = Trade_SA, Trade_SA

*****Result = PASSED

[08/11/2020 13:38:06] END -> verifyStockInformationNotAvailableForSelectedDate

----

*****Result = PASSED

[08/11/2020 13:38:09] END -> verifyDateFormatInDatepicker

----


-----------------------------------------Test 'verifyStockInformationNotAvailableForSelectedDate: Trade_SA'------------------------------

Start-> verifyStockInformationNotAvailableForSelectedDate

 ********Test Description = Trade_SA, Trade_SA


-----------------------------------------Test 'verifyCheckStockAvailabilityMessage: Cash_SA'------------------------------

Start-> verifyCheckStockAvailabilityMessage

 ********Test Description = Cash_SA, Cash_SA

*****Result = PASSED

[08/11/2020 13:40:32] END -> verifyCheckStockAvailabilityMessage

----


-----------------------------------------Test 'verifyCheckStockAvailabilityMessage: Trade_SA'------------------------------

Start-> verifyCheckStockAvailabilityMessage

 ********Test Description = Trade_SA, Trade_SA

*****Result = PASSED

[08/11/2020 13:42:12] END -> verifyCheckStockAvailabilityMessage

----

Expected condition failed: waiting for element to be clickable: [[FirefoxDriver: firefox on WINDOWS (8460fafd-fdb2-4591-a321-792c2e6e3e81)] -> xpath: //*[@id='datepicker']] (tried for 40 second(s) with 500 MILLISECONDS interval)
Build info: version: '3.7.1', revision: '8a0099a', time: '2017-11-06T21:07:31.527Z'
System info: host: 'ECH-LPT-356', ip: '192.168.1.3', os.name: 'Windows 10', os.arch: 'amd64', os.version: '10.0', java.version: '14.0.1'
Driver info: org.openqa.selenium.firefox.FirefoxDriver
Capabilities {acceptInsecureCerts: true, browserName: firefox, browserVersion: 78.0.2, javascriptEnabled: true, moz:accessibilityChecks: false, moz:buildID: 20200708170202, moz:geckodriverVersion: 0.23.0, moz:headless: false, moz:processID: 4328, moz:profile: C:\Users\pankajkumar.y\AppD..., moz:shutdownTimeout: 60000, moz:useNonSpecCompliantPointerOrigin: false, moz:webdriverClick: true, pageLoadStrategy: normal, platform: WINDOWS, platformName: WINDOWS, platformVersion: 10.0, rotatable: false, setWindowRect: true, strictFileInteractability: false, timeouts: {implicit: 0, pageLoad: 300000, script: 30000}, unhandledPromptBehavior: dismiss and notify}
Session ID: 8460fafd-fdb2-4591-a321-792c2e6e3e81

*****************Result = SKIPPED

[08/11/2020 13:42:17] END ->com.testCases.PLPTestCases.verifyStockInformationNotAvailableForSelectedDate

--------------


-----------------------------------------Test 'verifyOkButtonFunctionality: Cash_SA'------------------------------

Start-> verifyOkButtonFunctionality

 ********Test Description = Cash_SA, Cash_SA


-----------------------------------------Test 'verifyStockInformationNotAvailableForSelectedDate: Trade_SA'------------------------------

Start-> verifyStockInformationNotAvailableForSelectedDate

 ********Test Description = Trade_SA, Trade_SA

*****Result = PASSED

[08/11/2020 13:44:05] END -> verifyOkButtonFunctionality

----


-----------------------------------------Test 'verifyOkButtonFunctionality: Trade_SA'------------------------------

Start-> verifyOkButtonFunctionality

 ********Test Description = Trade_SA, Trade_SA

*****Result = PASSED

[08/11/2020 13:45:16] END -> verifyStockInformationNotAvailableForSelectedDate

----


-----------------------------------------Test 'verifyItemPerPageFunctionality: Cash_SA'------------------------------

Start-> verifyItemPerPageFunctionality

 ********Test Description = Cash_SA, Cash_SA

expected [true] but found [false]

*****************Result = SKIPPED

[08/11/2020 13:46:22] END ->com.testCases.PLPTestCases.verifyItemPerPageFunctionality

--------------


-----------------------------------------Test 'verifyItemPerPageFunctionality: Cash_SA'------------------------------

Start-> verifyItemPerPageFunctionality

 ********Test Description = Cash_SA, Cash_SA

*****Result = PASSED

[08/11/2020 13:47:03] END -> verifyOkButtonFunctionality

----


-----------------------------------------Test 'verifyPopupCloseButtonFunctionality: Cash_SA'------------------------------

Start-> verifyPopupCloseButtonFunctionality

 ********Test Description = Cash_SA, Cash_SA

expected [true] but found [false]

*****************Result = FAILED

[08/11/2020 13:47:31] END ->com.testCases.PLPTestCases.verifyItemPerPageFunctionality

--------------


-----------------------------------------Test 'verifyItemPerPageFunctionality: Trade_SA'------------------------------

Start-> verifyItemPerPageFunctionality

 ********Test Description = Trade_SA, Trade_SA

*****Result = PASSED

[08/11/2020 13:48:39] END -> verifyPopupCloseButtonFunctionality

----


-----------------------------------------Test 'verifyPopupCloseButtonFunctionality: Trade_SA'------------------------------

Start-> verifyPopupCloseButtonFunctionality

 ********Test Description = Trade_SA, Trade_SA

expected [true] but found [false]

*****************Result = FAILED

[08/11/2020 13:49:56] END ->com.testCases.PLPTestCases.verifyItemPerPageFunctionality

--------------


-----------------------------------------Test 'verifyItemPerPageFunctionality: Trade_SA'------------------------------

Start-> verifyItemPerPageFunctionality

 ********Test Description = Trade_SA, Trade_SA

*****Result = PASSED

[08/11/2020 13:50:18] END -> verifyPopupCloseButtonFunctionality

----


-----------------------------------------Test 'verifyCheckETAFunctionality: Cash_SA'------------------------------

Start-> verifyCheckETAFunctionality

 ********Test Description = Cash_SA, Cash_SA

expected [true] but found [false]

*****************Result = FAILED

[08/11/2020 13:51:01] END ->com.testCases.PLPTestCases.verifyItemPerPageFunctionality

--------------


-----------------------------------------Test 'navigationFromPLPToShoppingCart: Cash_SA'------------------------------

Start-> navigationFromPLPToShoppingCart

 ********Test Description = Cash_SA, Cash_SA

expected [5] but found [9]

*****************Result = SKIPPED

[08/11/2020 13:51:48] END ->com.testCases.PDPTestCases.verifyCheckETAFunctionality

--------------


-----------------------------------------Test 'verifyCheckETAFunctionality: Cash_SA'------------------------------

Start-> verifyCheckETAFunctionality

 ********Test Description = Cash_SA, Cash_SA

*****Result = PASSED

[08/11/2020 13:53:15] END -> verifyCheckETAFunctionality

----


-----------------------------------------Test 'verifyCheckETAFunctionality: Trade_SA'------------------------------

Start-> verifyCheckETAFunctionality

 ********Test Description = Trade_SA, Trade_SA

*****Result = PASSED

[08/11/2020 13:54:00] END -> navigationFromPLPToShoppingCart

----


-----------------------------------------Test 'navigationFromPLPToShoppingCart: Trade_SA'------------------------------

Start-> navigationFromPLPToShoppingCart

 ********Test Description = Trade_SA, Trade_SA

*****Result = PASSED

[08/11/2020 13:55:37] END -> navigationFromPLPToShoppingCart

----


-----------------------------------------Test 'navigationFromPLPToCheckout: Cash_SA'------------------------------

Start-> navigationFromPLPToCheckout

 ********Test Description = Cash_SA, Cash_SA

*****************Result = FAILED

[08/11/2020 13:56:15] END ->com.testCases.PDPTestCases.verifyCheckETAFunctionality

--------------


-----------------------------------------Test 'verifyCheckETAFunctionality: Trade_SA'------------------------------

Start-> verifyCheckETAFunctionality

 ********Test Description = Trade_SA, Trade_SA

*****Result = PASSED

[08/11/2020 13:57:53] END -> verifyCheckETAFunctionality

----


-----------------------------------------Test 'verifyAddToCartDisabledFunctionalityForAOUsers'------------------------------

Start-> verifyAddToCartDisabledFunctionalityForAOUsers

 ********Test Description = To verify Add to cart button is disabled for AO users in PDP

*****************Result = SKIPPED

[08/11/2020 13:58:40] END ->com.testCases.PDPTestCases.verifyAddToCartDisabledFunctionalityForAOUsers

--------------


-----------------------------------------Test 'verifyAddToCartDisabledFunctionalityForAOUsers'------------------------------

Start-> verifyAddToCartDisabledFunctionalityForAOUsers

 ********Test Description = To verify Add to cart button is disabled for AO users in PDP

*****************Result = FAILED

[08/11/2020 13:59:28] END ->com.testCases.PDPTestCases.verifyAddToCartDisabledFunctionalityForAOUsers

--------------


-----------------------------------------Test 'verifyCheckStockAvailabilityForFutureDateForOutofStockProduct: Cash_SA'------------------------------

Start-> verifyCheckStockAvailabilityForFutureDateForOutofStockProduct

 ********Test Description = Cash_SA, Cash_SA

*****Result = PASSED

[08/11/2020 13:59:37] END -> navigationFromPLPToCheckout

----


-----------------------------------------Test 'navigationFromPLPToCheckout: Trade_SA'------------------------------

Start-> navigationFromPLPToCheckout

 ********Test Description = Trade_SA, Trade_SA

*****Result = PASSED

[08/11/2020 14:01:07] END -> verifyCheckStockAvailabilityForFutureDateForOutofStockProduct

----


-----------------------------------------Test 'verifyCheckStockAvailabilityForFutureDateForOutofStockProduct: Trade_SA'------------------------------

Start-> verifyCheckStockAvailabilityForFutureDateForOutofStockProduct

 ********Test Description = Trade_SA, Trade_SA

*****Result = PASSED

[08/11/2020 14:02:51] END -> navigationFromPLPToCheckout

----


Total Passed = 51, Total Failed = 6, Total Skipped = 8


Suite Start Date: 08.11.2020.14.02.52.log

-----------------------------------------Test 'verifyChekStockAvailabilityFunctionality: Cash_SA'------------------------------

Start-> verifyChekStockAvailabilityFunctionality

 ********Test Description = Cash_SA, Cash_SA

*****Result = PASSED

[08/11/2020 14:03:02] END -> verifyCheckStockAvailabilityForFutureDateForOutofStockProduct

----


-----------------------------------------Test 'verifyDisplayingSignCTAForNonLoggedinUser'------------------------------

Start-> verifyDisplayingSignCTAForNonLoggedinUser

 ********Test Description = To Verify the display of  "Sign In" CTA for the non logged in Users.

*****Result = PASSED

[08/11/2020 14:03:28] END -> verifyDisplayingSignCTAForNonLoggedinUser

----


-----------------------------------------Test 'verifyStockInformationNotAvailableForSelectedDate: Cash_SA'------------------------------

Start-> verifyStockInformationNotAvailableForSelectedDate

 ********Test Description = Cash_SA, Cash_SA

*****Result = PASSED

[08/11/2020 14:04:03] END -> verifyChekStockAvailabilityFunctionality

----


-----------------------------------------Test 'verifyChekStockAvailabilityFunctionality: Trade_SA'------------------------------

Start-> verifyChekStockAvailabilityFunctionality

 ********Test Description = Trade_SA, Trade_SA

*****Result = PASSED

[08/11/2020 14:05:09] END -> verifyChekStockAvailabilityFunctionality

----


-----------------------------------------Test 'verifyCheckStockAvailabilityForFutureDate: Cash_SA'------------------------------

Start-> verifyCheckStockAvailabilityForFutureDate

 ********Test Description = Cash_SA, Cash_SA

*****Result = PASSED

[08/11/2020 14:05:24] END -> verifyStockInformationNotAvailableForSelectedDate

----


-----------------------------------------Test 'verifyStockInformationNotAvailableForSelectedDate: Trade_SA'------------------------------

Start-> verifyStockInformationNotAvailableForSelectedDate

 ********Test Description = Trade_SA, Trade_SA

*****************Result = SKIPPED

[08/11/2020 14:07:05] END ->com.testCases.SRPTestCases.verifyCheckStockAvailabilityForFutureDate

--------------


-----------------------------------------Test 'verifyCheckStockAvailabilityForFutureDate: Cash_SA'------------------------------

Start-> verifyCheckStockAvailabilityForFutureDate

 ********Test Description = Cash_SA, Cash_SA

*****Result = PASSED

[08/11/2020 14:08:39] END -> verifyCheckStockAvailabilityForFutureDate

----

*****Result = PASSED

[08/11/2020 14:08:40] END -> verifyStockInformationNotAvailableForSelectedDate

----


Total Passed = 58, Total Failed = 6, Total Skipped = 9


Suite Start Date: 08.11.2020.14.08.41.log

-----------------------------------------Test 'verifyCheckStockAvailabilityForFutureDate: Trade_SA'------------------------------

Start-> verifyCheckStockAvailabilityForFutureDate

 ********Test Description = Trade_SA, Trade_SA


-----------------------------------------Test 'verifynavigationToPLPAU'------------------------------

Start-> verifynavigationToPLPAU

 ********Test Description = To verify navigation to PLP from megamenu layover

*****Result = PASSED

[08/11/2020 14:09:31] END -> verifynavigationToPLPAU

----


-----------------------------------------Test 'verifynavigationToPLPNZ'------------------------------

Start-> verifynavigationToPLPNZ

 ********Test Description = To verify navigation to PLP from megamenu layover

*****Result = PASSED

[08/11/2020 14:10:09] END -> verifyCheckStockAvailabilityForFutureDate

----


-----------------------------------------Test 'verifyCheckStockAvailabilityForPastDate: Cash_SA'------------------------------

Start-> verifyCheckStockAvailabilityForPastDate

 ********Test Description = Cash_SA, Cash_SA

TypeError: rect is undefined
Build info: version: '3.7.1', revision: '8a0099a', time: '2017-11-06T21:07:31.527Z'
System info: host: 'ECH-LPT-356', ip: '192.168.1.3', os.name: 'Windows 10', os.arch: 'amd64', os.version: '10.0', java.version: '14.0.1'
Driver info: org.openqa.selenium.firefox.FirefoxDriver
Capabilities {acceptInsecureCerts: true, browserName: firefox, browserVersion: 78.0.2, javascriptEnabled: true, moz:accessibilityChecks: false, moz:buildID: 20200708170202, moz:geckodriverVersion: 0.23.0, moz:headless: false, moz:processID: 17572, moz:profile: C:\Users\pankajkumar.y\AppD..., moz:shutdownTimeout: 60000, moz:useNonSpecCompliantPointerOrigin: false, moz:webdriverClick: true, pageLoadStrategy: normal, platform: WINDOWS, platformName: WINDOWS, platformVersion: 10.0, rotatable: false, setWindowRect: true, strictFileInteractability: false, timeouts: {implicit: 0, pageLoad: 300000, script: 30000}, unhandledPromptBehavior: dismiss and notify}
Session ID: 9e805b3d-01ef-49e7-bba1-18ab06d16c82

*****************Result = SKIPPED

[08/11/2020 14:10:26] END ->com.testCases.HeaderTestCases.verifynavigationToPLPNZ

--------------


-----------------------------------------Test 'verifynavigationToPLPNZ'------------------------------

Start-> verifynavigationToPLPNZ

 ********Test Description = To verify navigation to PLP from megamenu layover

TypeError: rect is undefined
Build info: version: '3.7.1', revision: '8a0099a', time: '2017-11-06T21:07:31.527Z'
System info: host: 'ECH-LPT-356', ip: '192.168.1.3', os.name: 'Windows 10', os.arch: 'amd64', os.version: '10.0', java.version: '14.0.1'
Driver info: org.openqa.selenium.firefox.FirefoxDriver
Capabilities {acceptInsecureCerts: true, browserName: firefox, browserVersion: 78.0.2, javascriptEnabled: true, moz:accessibilityChecks: false, moz:buildID: 20200708170202, moz:geckodriverVersion: 0.23.0, moz:headless: false, moz:processID: 19868, moz:profile: C:\Users\pankajkumar.y\AppD..., moz:shutdownTimeout: 60000, moz:useNonSpecCompliantPointerOrigin: false, moz:webdriverClick: true, pageLoadStrategy: normal, platform: WINDOWS, platformName: WINDOWS, platformVersion: 10.0, rotatable: false, setWindowRect: true, strictFileInteractability: false, timeouts: {implicit: 0, pageLoad: 300000, script: 30000}, unhandledPromptBehavior: dismiss and notify}
Session ID: c9c52fda-b54d-4f52-a183-2628f3cb69f6

*****************Result = FAILED

[08/11/2020 14:12:03] END ->com.testCases.HeaderTestCases.verifynavigationToPLPNZ

--------------

*****Result = PASSED

[08/11/2020 14:12:11] END -> verifyCheckStockAvailabilityForPastDate

----


-----------------------------------------Test 'verifycontactusAU'------------------------------

Start-> verifycontactusAU

 ********Test Description = To verify able to navigate to Contact us page on click of Contact Us link in th header


-----------------------------------------Test 'verifyCheckStockAvailabilityForPastDate: Trade_SA'------------------------------

Start-> verifyCheckStockAvailabilityForPastDate

 ********Test Description = Trade_SA, Trade_SA

*****Result = PASSED

[08/11/2020 14:13:10] END -> verifycontactusAU

----


-----------------------------------------Test 'verifycontactusNZ'------------------------------

Start-> verifycontactusNZ

 ********Test Description = To verify able to navigate to Contact us page on click of Contact Us link in th header

*****Result = PASSED

[08/11/2020 14:14:16] END -> verifyCheckStockAvailabilityForPastDate

----


-----------------------------------------Test 'verifyCheckStockAvailabilityMessage: Cash_SA'------------------------------

Start-> verifyCheckStockAvailabilityMessage

 ********Test Description = Cash_SA, Cash_SA

*****Result = PASSED

[08/11/2020 14:14:34] END -> verifycontactusNZ

----


-----------------------------------------Test 'verifyregionSwitchAU'------------------------------

Start-> verifyregionSwitchAU

 ********Test Description = To verify able to switch the region frm Au to Nz and vice-versa

*****Result = PASSED

[08/11/2020 14:15:52] END -> verifyregionSwitchAU

----

*****Result = PASSED

[08/11/2020 14:15:53] END -> verifyCheckStockAvailabilityMessage

----


-----------------------------------------Test 'verifyregionSwitchNZ'------------------------------

Start-> verifyregionSwitchNZ

 ********Test Description = To verify able to switch the region frm Nz to Au and vice-versa


-----------------------------------------Test 'verifyCheckStockAvailabilityMessage: Trade_SA'------------------------------

Start-> verifyCheckStockAvailabilityMessage

 ********Test Description = Trade_SA, Trade_SA

*****Result = PASSED

[08/11/2020 14:16:47] END -> verifyregionSwitchNZ

----


Total Passed = 67, Total Failed = 7, Total Skipped = 10


Suite Start Date: 08.11.2020.14.16.48.log

-----------------------------------------Test 'verifyFeatureProductSectionForLoggedInUserSAAU'------------------------------

Start-> verifyFeatureProductSectionForLoggedInUserSAAU

 ********Test Description = To verify Feature productsection in Homepage for logged in users

*****Result = PASSED

[08/11/2020 14:18:15] END -> verifyFeatureProductSectionForLoggedInUserSAAU

----


-----------------------------------------Test 'verifyFeatureProductSectionForLoggedInUserSANZ'------------------------------

Start-> verifyFeatureProductSectionForLoggedInUserSANZ

 ********Test Description = To verify Feature productsection in Homepage for logged in users

*****Result = PASSED

[08/11/2020 14:19:43] END -> verifyFeatureProductSectionForLoggedInUserSANZ

----


-----------------------------------------Test 'verifyFeatureProductSectionForGuestUserAU'------------------------------

Start-> verifyFeatureProductSectionForGuestUserAU

 ********Test Description = To verify Feature productsection in Homepage for Guest users

*****Result = PASSED

[08/11/2020 14:20:08] END -> verifyCheckStockAvailabilityMessage

----


-----------------------------------------Test 'verifyOkButtonFunctionality: Cash_SA'------------------------------

Start-> verifyOkButtonFunctionality

 ********Test Description = Cash_SA, Cash_SA

*****************Result = SKIPPED

[08/11/2020 14:20:29] END ->com.testCases.HomePageTestCases.verifyFeatureProductSectionForGuestUserAU

--------------


-----------------------------------------Test 'verifyFeatureProductSectionForGuestUserAU'------------------------------

Start-> verifyFeatureProductSectionForGuestUserAU

 ********Test Description = To verify Feature productsection in Homepage for Guest users

*****************Result = FAILED

[08/11/2020 14:21:17] END ->com.testCases.HomePageTestCases.verifyFeatureProductSectionForGuestUserAU

--------------


-----------------------------------------Test 'verifyFeatureProductSectionForGuestUserNZ'------------------------------

Start-> verifyFeatureProductSectionForGuestUserNZ

 ********Test Description = To verify Feature productsection in Homepage for Guest users

*****Result = PASSED

[08/11/2020 14:21:51] END -> verifyOkButtonFunctionality

----


-----------------------------------------Test 'verifyOkButtonFunctionality: Trade_SA'------------------------------

Start-> verifyOkButtonFunctionality

 ********Test Description = Trade_SA, Trade_SA

*****************Result = SKIPPED

[08/11/2020 14:22:04] END ->com.testCases.HomePageTestCases.verifyFeatureProductSectionForGuestUserNZ

--------------


-----------------------------------------Test 'verifyFeatureProductSectionForGuestUserNZ'------------------------------

Start-> verifyFeatureProductSectionForGuestUserNZ

 ********Test Description = To verify Feature productsection in Homepage for Guest users

*****************Result = FAILED

[08/11/2020 14:22:52] END ->com.testCases.HomePageTestCases.verifyFeatureProductSectionForGuestUserNZ

--------------


Total Passed = 71, Total Failed = 9, Total Skipped = 12


Suite Start Date: 08.11.2020.14.22.53.log

-----------------------------------------Test 'verifyMessageDisplayedInStoreAU'------------------------------

Start-> verifyMessageDisplayedInStoreAU

 ********Test Description = To verify no result message is displayed for invalid address in store locator page for Australia site

*****Result = PASSED

[08/11/2020 14:23:08] END -> verifyMessageDisplayedInStoreAU

----


-----------------------------------------Test 'verifyMessageDisplayedInStoreNZ'------------------------------

Start-> verifyMessageDisplayedInStoreNZ

 ********Test Description = To verify no result message is displayed for invalid address in store locator page for Newzealand site

*****Result = PASSED

[08/11/2020 14:23:25] END -> verifyMessageDisplayedInStoreNZ

----


Total Passed = 73, Total Failed = 9, Total Skipped = 12


Suite Start Date: 08.11.2020.14.23.27.log
*****Result = PASSED

[08/11/2020 14:23:27] END -> verifyOkButtonFunctionality

----


-----------------------------------------Test 'verifycartvalueinminicartoverlaySAAU: Cash_SA'------------------------------

Start-> verifycartvalueinminicartoverlaySAAU

 ********Test Description = Cash_SA, Cash_SA


-----------------------------------------Test 'verifyCheckETAFunctionality: Cash_SA'------------------------------

Start-> verifyCheckETAFunctionality

 ********Test Description = Cash_SA, Cash_SA

*****Result = PASSED

[08/11/2020 14:24:29] END -> verifyCheckETAFunctionality

----


-----------------------------------------Test 'verifyCheckETAFunctionality: Trade_SA'------------------------------

Start-> verifyCheckETAFunctionality

 ********Test Description = Trade_SA, Trade_SA

*****Result = PASSED

[08/11/2020 14:24:35] END -> verifycartvalueinminicartoverlaySAAU

----


-----------------------------------------Test 'verifycartvalueinminicartoverlaySAAU: Trade_SA'------------------------------

Start-> verifycartvalueinminicartoverlaySAAU

 ********Test Description = Trade_SA, Trade_SA

*****Result = PASSED

[08/11/2020 14:26:11] END -> verifyCheckETAFunctionality

----


-----------------------------------------Test 'verifyNavigationFromSRPToPDP: Cash_SA'------------------------------

Start-> verifyNavigationFromSRPToPDP

 ********Test Description = Cash_SA, Cash_SA

expected [4310.2] but found [4310.199999999999]

*****************Result = SKIPPED

[08/11/2020 14:27:14] END ->com.testCases.MiniCartTestCases.verifycartvalueinminicartoverlaySAAU

--------------


-----------------------------------------Test 'verifycartvalueinminicartoverlaySAAU: Trade_SA'------------------------------

Start-> verifycartvalueinminicartoverlaySAAU

 ********Test Description = Trade_SA, Trade_SA

*****Result = PASSED

[08/11/2020 14:28:02] END -> verifyNavigationFromSRPToPDP

----


-----------------------------------------Test 'verifyNavigationFromSRPToPDP: Trade_SA'------------------------------

Start-> verifyNavigationFromSRPToPDP

 ********Test Description = Trade_SA, Trade_SA

expected [4528.56] but found [4528.559999999999]

*****************Result = FAILED

[08/11/2020 14:29:05] END ->com.testCases.MiniCartTestCases.verifycartvalueinminicartoverlaySAAU

--------------


-----------------------------------------Test 'verifycarteidtinminicartoverlaySAAU: Cash_SA'------------------------------

Start-> verifycarteidtinminicartoverlaySAAU

 ********Test Description = Cash_SA, Cash_SA

*****Result = PASSED

[08/11/2020 14:29:59] END -> verifyNavigationFromSRPToPDP

----


-----------------------------------------Test 'verifyAddToCartFunctionality: Cash_SA'------------------------------

Start-> verifyAddToCartFunctionality

 ********Test Description = Cash_SA, Cash_SA

*****Result = PASSED

[08/11/2020 14:31:03] END -> verifycarteidtinminicartoverlaySAAU

----


-----------------------------------------Test 'verifycarteidtinminicartoverlaySAAU: Trade_SA'------------------------------

Start-> verifycarteidtinminicartoverlaySAAU

 ********Test Description = Trade_SA, Trade_SA

*****Result = PASSED

[08/11/2020 14:31:48] END -> verifyAddToCartFunctionality

----


-----------------------------------------Test 'verifyAddToCartFunctionality: Trade_SA'------------------------------

Start-> verifyAddToCartFunctionality

 ********Test Description = Trade_SA, Trade_SA

*****Result = PASSED

[08/11/2020 14:32:53] END -> verifycarteidtinminicartoverlaySAAU

----


-----------------------------------------Test 'verifyfunctionalityofXbuttonoverlaySAAU: Cash_SA'------------------------------

Start-> verifyfunctionalityofXbuttonoverlaySAAU

 ********Test Description = Cash_SA, Cash_SA

expected [true] but found [false]

*****************Result = SKIPPED

[08/11/2020 14:34:20] END ->com.testCases.SRPTestCases.verifyAddToCartFunctionality

--------------


-----------------------------------------Test 'verifyAddToCartFunctionality: Trade_SA'------------------------------

Start-> verifyAddToCartFunctionality

 ********Test Description = Trade_SA, Trade_SA

*****Result = PASSED

[08/11/2020 14:34:55] END -> verifyfunctionalityofXbuttonoverlaySAAU

----


-----------------------------------------Test 'verifyfunctionalityofXbuttonoverlaySAAU: Trade_SA'------------------------------

Start-> verifyfunctionalityofXbuttonoverlaySAAU

 ********Test Description = Trade_SA, Trade_SA

*****Result = PASSED

[08/11/2020 14:35:27] END -> verifyAddToCartFunctionality

----


-----------------------------------------Test 'verifyCheckStockAvailabilityForFutureDateForOutofStockProduct: Cash_SA'------------------------------

Start-> verifyCheckStockAvailabilityForFutureDateForOutofStockProduct

 ********Test Description = Cash_SA, Cash_SA

*****Result = PASSED

[08/11/2020 14:36:21] END -> verifyfunctionalityofXbuttonoverlaySAAU

----


-----------------------------------------Test 'verifyfunctionalityofCheckoutbuttonoverlaySAAU: Cash_SA'------------------------------

Start-> verifyfunctionalityofCheckoutbuttonoverlaySAAU

 ********Test Description = Cash_SA, Cash_SA

*****Result = PASSED

[08/11/2020 14:36:46] END -> verifyCheckStockAvailabilityForFutureDateForOutofStockProduct

----


-----------------------------------------Test 'verifyCheckStockAvailabilityForFutureDateForOutofStockProduct: Trade_SA'------------------------------

Start-> verifyCheckStockAvailabilityForFutureDateForOutofStockProduct

 ********Test Description = Trade_SA, Trade_SA

*****Result = PASSED

[08/11/2020 14:37:33] END -> verifyfunctionalityofCheckoutbuttonoverlaySAAU

----


-----------------------------------------Test 'verifyfunctionalityofCheckoutbuttonoverlaySAAU: Trade_SA'------------------------------

Start-> verifyfunctionalityofCheckoutbuttonoverlaySAAU

 ********Test Description = Trade_SA, Trade_SA

*****Result = PASSED

[08/11/2020 14:38:47] END -> verifyfunctionalityofCheckoutbuttonoverlaySAAU

----


Total Passed = 88, Total Failed = 10, Total Skipped = 14


Suite Start Date: 08.11.2020.14.38.48.log
Expected condition failed: waiting for element to be clickable: [[FirefoxDriver: firefox on WINDOWS (9b24872d-b5b0-4668-9d6f-38b20ceb213d)] -> xpath: //*[@id='datepicker']] (tried for 40 second(s) with 500 MILLISECONDS interval)
Build info: version: '3.7.1', revision: '8a0099a', time: '2017-11-06T21:07:31.527Z'
System info: host: 'ECH-LPT-356', ip: '192.168.1.3', os.name: 'Windows 10', os.arch: 'amd64', os.version: '10.0', java.version: '14.0.1'
Driver info: org.openqa.selenium.firefox.FirefoxDriver
Capabilities {acceptInsecureCerts: true, browserName: firefox, browserVersion: 78.0.2, javascriptEnabled: true, moz:accessibilityChecks: false, moz:buildID: 20200708170202, moz:geckodriverVersion: 0.23.0, moz:headless: false, moz:processID: 11220, moz:profile: C:\Users\pankajkumar.y\AppD..., moz:shutdownTimeout: 60000, moz:useNonSpecCompliantPointerOrigin: false, moz:webdriverClick: true, pageLoadStrategy: normal, platform: WINDOWS, platformName: WINDOWS, platformVersion: 10.0, rotatable: false, setWindowRect: true, strictFileInteractability: false, timeouts: {implicit: 0, pageLoad: 300000, script: 30000}, unhandledPromptBehavior: dismiss and notify}
Session ID: 9b24872d-b5b0-4668-9d6f-38b20ceb213d

*****************Result = SKIPPED

[08/11/2020 14:38:52] END ->com.testCases.SRPTestCases.verifyCheckStockAvailabilityForFutureDateForOutofStockProduct

--------------


-----------------------------------------Test 'verifyPriceNameQuantiyInCart: Cash_SA'------------------------------

Start-> verifyPriceNameQuantiyInCart

 ********Test Description = Cash_SA, Cash_SA


-----------------------------------------Test 'verifyCheckStockAvailabilityForFutureDateForOutofStockProduct: Trade_SA'------------------------------

Start-> verifyCheckStockAvailabilityForFutureDateForOutofStockProduct

 ********Test Description = Trade_SA, Trade_SA

expected [52.0] but found [79.0]

*****************Result = SKIPPED

[08/11/2020 14:40:09] END ->com.testCases.ShoppingCartTestCases.verifyPriceNameQuantiyInCart

--------------


-----------------------------------------Test 'verifyPriceNameQuantiyInCart: Cash_SA'------------------------------

Start-> verifyPriceNameQuantiyInCart

 ********Test Description = Cash_SA, Cash_SA

Expected condition failed: waiting for element to be clickable: [[FirefoxDriver: firefox on WINDOWS (6b7d121a-f29e-4fb7-a187-133e12af4208)] -> xpath: //*[@id='datepicker']] (tried for 40 second(s) with 500 MILLISECONDS interval)
Build info: version: '3.7.1', revision: '8a0099a', time: '2017-11-06T21:07:31.527Z'
System info: host: 'ECH-LPT-356', ip: '192.168.1.3', os.name: 'Windows 10', os.arch: 'amd64', os.version: '10.0', java.version: '14.0.1'
Driver info: org.openqa.selenium.firefox.FirefoxDriver
Capabilities {acceptInsecureCerts: true, browserName: firefox, browserVersion: 78.0.2, javascriptEnabled: true, moz:accessibilityChecks: false, moz:buildID: 20200708170202, moz:geckodriverVersion: 0.23.0, moz:headless: false, moz:processID: 16468, moz:profile: C:\Users\pankajkumar.y\AppD..., moz:shutdownTimeout: 60000, moz:useNonSpecCompliantPointerOrigin: false, moz:webdriverClick: true, pageLoadStrategy: normal, platform: WINDOWS, platformName: WINDOWS, platformVersion: 10.0, rotatable: false, setWindowRect: true, strictFileInteractability: false, timeouts: {implicit: 0, pageLoad: 300000, script: 30000}, unhandledPromptBehavior: dismiss and notify}
Session ID: 6b7d121a-f29e-4fb7-a187-133e12af4208

*****************Result = FAILED

[08/11/2020 14:40:57] END ->com.testCases.SRPTestCases.verifyCheckStockAvailabilityForFutureDateForOutofStockProduct

--------------


-----------------------------------------Test 'verifyStockInformationNotAvailableForSelectedDate: Cash_SA'------------------------------

Start-> verifyStockInformationNotAvailableForSelectedDate

 ********Test Description = Cash_SA, Cash_SA

expected [531.0] but found [807.0]

*****************Result = FAILED

[08/11/2020 14:41:29] END ->com.testCases.ShoppingCartTestCases.verifyPriceNameQuantiyInCart

--------------


-----------------------------------------Test 'verifyPriceNameQuantiyInCart: Trade_SA'------------------------------

Start-> verifyPriceNameQuantiyInCart

 ********Test Description = Trade_SA, Trade_SA

*****Result = PASSED

[08/11/2020 14:42:41] END -> verifyStockInformationNotAvailableForSelectedDate

----

*****Result = PASSED

[08/11/2020 14:42:45] END -> verifyPriceNameQuantiyInCart

----


-----------------------------------------Test 'verifyStockInformationNotAvailableForSelectedDate: Trade_SA'------------------------------

Start-> verifyStockInformationNotAvailableForSelectedDate

 ********Test Description = Trade_SA, Trade_SA


-----------------------------------------Test 'verifyUpdateQuantiyInCart: Cash_SA'------------------------------

Start-> verifyUpdateQuantiyInCart

 ********Test Description = Cash_SA, Cash_SA

*****Result = PASSED

[08/11/2020 14:44:11] END -> verifyUpdateQuantiyInCart

----


-----------------------------------------Test 'verifyUpdateQuantiyInCart: Trade_SA'------------------------------

Start-> verifyUpdateQuantiyInCart

 ********Test Description = Trade_SA, Trade_SA

*****Result = PASSED

[08/11/2020 14:44:19] END -> verifyStockInformationNotAvailableForSelectedDate

----


Total Passed = 92, Total Failed = 12, Total Skipped = 16

*****Result = PASSED

[08/11/2020 14:45:36] END -> verifyUpdateQuantiyInCart

----


-----------------------------------------Test 'verifyRemoveProductInCart: Cash_SA'------------------------------

Start-> verifyRemoveProductInCart

 ********Test Description = Cash_SA, Cash_SA

expected [2752.0] but found [3784.29]

*****************Result = SKIPPED

[08/11/2020 14:47:10] END ->com.testCases.ShoppingCartTestCases.verifyRemoveProductInCart

--------------


-----------------------------------------Test 'verifyRemoveProductInCart: Cash_SA'------------------------------

Start-> verifyRemoveProductInCart

 ********Test Description = Cash_SA, Cash_SA

expected [3811.29] but found [2770.0]

*****************Result = FAILED

[08/11/2020 14:48:51] END ->com.testCases.ShoppingCartTestCases.verifyRemoveProductInCart

--------------


-----------------------------------------Test 'verifyRemoveProductInCart: Trade_SA'------------------------------

Start-> verifyRemoveProductInCart

 ********Test Description = Trade_SA, Trade_SA

*****Result = PASSED

[08/11/2020 14:50:25] END -> verifyRemoveProductInCart

----


-----------------------------------------Test 'verifyAddingProductToWishListInCart: Cash_SA'------------------------------

Start-> verifyAddingProductToWishListInCart

 ********Test Description = Cash_SA, Cash_SA

*****Result = PASSED

[08/11/2020 14:51:49] END -> verifyAddingProductToWishListInCart

----


-----------------------------------------Test 'verifyAddingProductToWishListInCart: Trade_SA'------------------------------

Start-> verifyAddingProductToWishListInCart

 ********Test Description = Trade_SA, Trade_SA

*****Result = PASSED

[08/11/2020 14:53:10] END -> verifyAddingProductToWishListInCart

----


-----------------------------------------Test 'verifyNavigationToHomePage: Cash_SA'------------------------------

Start-> verifyNavigationToHomePage

 ********Test Description = Cash_SA, Cash_SA

*****Result = PASSED

[08/11/2020 14:54:36] END -> verifyNavigationToHomePage

----


-----------------------------------------Test 'verifyNavigationToHomePage: Trade_SA'------------------------------

Start-> verifyNavigationToHomePage

 ********Test Description = Trade_SA, Trade_SA

*****Result = PASSED

[08/11/2020 14:55:58] END -> verifyNavigationToHomePage

----


-----------------------------------------Test 'verifyNavigationToWishList: Cash_SA'------------------------------

Start-> verifyNavigationToWishList

 ********Test Description = Cash_SA, Cash_SA

*****Result = PASSED

[08/11/2020 14:57:41] END -> verifyNavigationToWishList

----


-----------------------------------------Test 'verifyNavigationToWishList: Trade_SA'------------------------------

Start-> verifyNavigationToWishList

 ********Test Description = Trade_SA, Trade_SA

*****Result = PASSED

[08/11/2020 14:59:20] END -> verifyNavigationToWishList

----


-----------------------------------------Test 'verifyRemoveOfProductFromCart: Cash_SA'------------------------------

Start-> verifyRemoveOfProductFromCart

 ********Test Description = Cash_SA, Cash_SA

empty String

*****************Result = SKIPPED

[08/11/2020 15:04:22] END ->com.testCases.ShoppingCartTestCases.verifyRemoveOfProductFromCart

--------------


-----------------------------------------Test 'verifyRemoveOfProductFromCart: Cash_SA'------------------------------

Start-> verifyRemoveOfProductFromCart

 ********Test Description = Cash_SA, Cash_SA

*****Result = PASSED

[08/11/2020 15:06:30] END -> verifyRemoveOfProductFromCart

----


-----------------------------------------Test 'verifyRemoveOfProductFromCart: Trade_SA'------------------------------

Start-> verifyRemoveOfProductFromCart

 ********Test Description = Trade_SA, Trade_SA

*****Result = PASSED

[08/11/2020 15:08:31] END -> verifyRemoveOfProductFromCart

----


-----------------------------------------Test 'verifyNavigationToPDPFromCart: Cash_SA'------------------------------

Start-> verifyNavigationToPDPFromCart

 ********Test Description = Cash_SA, Cash_SA

*****Result = PASSED

[08/11/2020 15:11:26] END -> verifyNavigationToPDPFromCart

----


-----------------------------------------Test 'verifyNavigationToPDPFromCart: Trade_SA'------------------------------

Start-> verifyNavigationToPDPFromCart

 ********Test Description = Trade_SA, Trade_SA

*****Result = PASSED

[08/11/2020 15:12:47] END -> verifyNavigationToPDPFromCart

----


Total Passed = 104, Total Failed = 13, Total Skipped = 18

