
<!DOCTYPE html>
<html>


<head>
	<meta charset='UTF-8' /> 
	<meta name='description' content='' />
	<meta name='robots' content='noodp, noydir' />
	<meta name='viewport' content='width=device-width, initial-scale=1' />
	<meta id="timeStampFormat" name="timeStampFormat" content='MM-dd-yyyy HH:mm:ss a'/>
	
	<link href='https://fonts.googleapis.com/css?family=Source+Sans+Pro:400,600' rel='stylesheet' type='text/css'>
	<link href="https://fonts.googleapis.com/icon?family=Material+Icons" rel="stylesheet">

		<link href='https://cdn.rawgit.com/anshooarora/extentreports-java/bee7a4abdc590e21eec8618a90c81ff4d16e500a/dist/css/extent.css' type='text/css' rel='stylesheet' />
	
	<title>Selenium framework design in Data Driven Testing</title>

	<style type='text/css'>
			
            
             .extent{font-size: 12px; font-family: Helvetica Neue,
             Helvetica, Arial, sans-serif;}
             
             .nav-wrapper
             {background: linear-gradient(to left,white 0%, #1a75ff 100%);}
             
             .side-nav.fixed.hide-on-med-and-down
              {background: linear-gradient(to top,white 0%, #1a75ff 100%);}
              
              .logo-container
              {background: linear-gradient(to bottom,white 0%, #1a75ff 100%);}
                
              .brand-logo
                {background: linear-gradient(to right,blue 0%, #1a75ff 100%);} 
                
              .label.suite-start-time
                {background: linear-gradient(to bottom,red 100%, red 100%);} 
                
               .s2:nth-child(3) .card-panel:nth-child(1)
                {background-colour: #00af00;} 
                
                 .s2:nth-child(4) .card-panel:nth-child(1)
                {background-colour: #F7464A;} 
                
                .status.pass
                {colour: green;}
                
                  .status.fail
                {colour: red;}
                
                  .status.skip
                {colour: #1e90ff;}
                
                 .test-status.skip
                {colour: #1e90ff;}
                
                 .test-status.right.skip
                {colour: #1e90ff;}
                
                .label.others
                {background-colour: #1e90ff;)
                
                .teal-text> i:nth-child(1);
                {colour: #1e90ff;}
                
                .category-content .category-status-counts:nth-child(3)
                {background-colour: #1e90ff;}
                
                .yellow.darken-2
                {background-colour: #1e90ff !important;}
                
                
            
        
	</style>
</head>

	<body class='extent standard default hide-overflow '>
		<div id='theme-selector' alt='Click to toggle theme. To enable by default, use theme configuration.' title='Click to toggle theme. To enable by default, use theme configuration.'>
			<span><i class='material-icons'>desktop_windows</i></span>
		</div>

<nav>
	<div class="nav-wrapper">
		<a href="#!" class="brand-logo blue darken-3">Extent</a>

		<!-- slideout menu -->
		<ul id='slide-out' class='side-nav fixed hide-on-med-and-down'>
			<li class='waves-effect active'><a href='#!' view='test-view' onclick="configureView(0);chartsView('test');"><i class='material-icons'>dashboard</i></a></li>
						<li class='waves-effect'><a href='#!' view='category-view' onclick="configureView(1)"><i class='material-icons'>label_outline</i></a></li>
			<li class='waves-effect'><a href='#!' onclick="configureView(-1);chartsView('dashboard');" view='dashboard-view'><i class='material-icons'>track_changes</i></i></a></li>
		</ul>

		<!-- report name -->
		<span class='report-name'>AutomationSuite</span>
		
		<!-- report headline -->
		<span class='report-headline'></span>

		<!-- nav-right -->
		<ul id='nav-mobile' class='right hide-on-med-and-down nav-right'>
			<li>
                <a href='#!'>
                    <span class='label suite-start-time blue darken-3'>07-10-2020 20:58:19 PM</span>
				</a>
			</li>
			<li>
                <a href='#!'>
                    <span class='label blue darken-3'>v3.1.1</span>
				</a>
			</li>
		</ul>
	</div>
</nav>

		<!-- container -->
		<div class='container'>

<div id='test-view' class='view'>
				
	<section id='controls'>
		<div class='controls grey lighten-4'>
			<!-- test toggle -->
			<div class='chip transparent'>
				<a class='dropdown-button tests-toggle' data-activates='tests-toggle' data-constrainwidth='true' data-beloworigin='true' data-hover='true' href='#'>
					<i class='material-icons'>warning</i> Status
				</a>
				<ul id='tests-toggle' class='dropdown-content'>
											<li status='pass'><a href='#!'>Pass <i class='material-icons green-text'>check_circle</i></a></li>
						<li status='fail'><a href='#!'>Fail <i class='material-icons red-text'>cancel</i></a></li>
					<li class='divider'></li>
					<li status='clear' clear='true'><a href='#!'>Clear Filters <i class='material-icons'>clear</i></a></li>
				</ul>
			</div>
			<!-- test toggle -->

			<!-- category toggle -->
			<div class='chip transparent'>
				<a class='dropdown-button category-toggle' data-activates='category-toggle' data-constrainwidth='false' data-beloworigin='true' data-hover='true' href='#'>
					<i class='material-icons'>local_offer</i> Category
				</a>
				<ul id='category-toggle' class='dropdown-content'>
					<li><a href='#'>PLPTestCases</a></li>
					<li><a href='#'>PDPTestCases</a></li>
					<li><a href='#'>SignupTestCases</a></li>
					<li><a href='#'>SRPTestCases</a></li>
					<li><a href='#'>HeaderTestCases</a></li>
					<li><a href='#'>HomePageTestCases</a></li>
					<li class='divider'></li>
					<li class='clear'><a href='#!' clear='true'>Clear Filters</a></li>
				</ul>
			</div>
			<!-- category toggle -->

			<!-- clear filters -->
			<div class='chip transparent hide'>
				<a class='' id='clear-filters' alt='Clear Filters' title='Clear Filters'>
					<i class='material-icons'>close</i> Clear
				</a>
			</div>
			<!-- clear filters -->

			<!-- enable dashboard -->
			<div id='toggle-test-view-charts' class='chip transparent'>
				<a class='pink-text' id='enable-dashboard' alt='Enable Dashboard' title='Enable Dashboard'>
					<i class='material-icons'>track_changes</i> Dashboard
				</a>
			</div>
			<!-- enable dashboard -->

			<!-- search -->
			<div class='chip transparent' alt='Search Tests' title='Search Tests'>
				<a href="#" class='search-div'>
					<i class='material-icons'>search</i> Search
				</a>

				<div class='input-field left hide'>
					<input id='search-tests' type='text' class='validate browser-default' placeholder='Search Tests...'>
				</div>
				
			</div>
			<!-- search -->
		</div>
	</section>


<div id='test-view-charts' class='subview-full'>
	<div id='charts-row' class='row nm-v nm-h'>
		<div class='col s12 m6 l6 np-h'>
			<div class='card-panel nm-v'>
				<div class='left panel-name'>Tests</div>
				<div class='chart-box'>
					<canvas id='parent-analysis' width='100' height='80'></canvas>
				</div>
				<div class='block text-small'>
					<span class='tooltipped' data-position='top' data-tooltip='61.111%'><span class='strong'>33</span> test(s) passed</span>
				</div>
				<div class='block text-small'>
					<span class='strong tooltipped' data-position='top' data-tooltip='38.889%'>21</span> test(s) failed, <span class='strong tooltipped' data-position='top' data-tooltip='0%'>0</span> others
				</div>
			</div>
		</div>
		
		<div class='col s12 m6 l6 np-h'>
			<div class='card-panel nm-v'>
				<div class='left panel-name'>Steps</div>
				<div class='chart-box'>
					<canvas id='child-analysis' width='100' height='80'></canvas>
				</div>
				<div class='block text-small'>
					<span class='tooltipped' data-position='top' data-tooltip='19.298%'><span class='strong'>33</span> step(s) passed</span>
				</div>
				<div class='block text-small'>
					<span class='strong tooltipped' data-position='top' data-tooltip='12.281%'>21</span> step(s) failed, <span class='strong tooltipped' data-position='top' data-tooltip='68.421%'>117</span> others
				</div>
			</div>
		</div>
		
	</div>
</div>

	<div class='subview-left left'>
		
		<div class='view-summary'>
			<h5>Tests</h5>
			<ul id='test-collection' class='test-collection'>
				
				
				<li class='test displayed active  pass' status='pass' bdd='false' test-id='1'>
					<div class='test-heading'>
						<span class='test-name'>verify add to cart functionality</span>
						<span class='test-time'>07-10-2020 20:58:19 PM</span>
						<span class='test-status right pass'>pass</span>
					</div>
					<div class='test-content hide'>
<div class='test-time-info'>
	<span class='label start-time'>07-10-2020 20:58:19 PM</span>
	<span class='label end-time'>07-10-2020 21:01:01 PM</span>
	<span class='label time-taken grey lighten-1 white-text'>0h 2m 41s+917ms</span>
</div>
	<div class='test-attributes'>
			<div class='category-list'>
				<span class='category label white-text'>PLPTestCases</span>
			</div>
	</div>
	<div class='test-steps'>
		<table class='bordered table-results'>
			<thead>
				<tr>
					<th>Status</th>
					<th>Timestamp</th>
					<th>Details</th>
				</tr>
			</thead>
			<tbody>
				<tr class='log' status='pass'>
					<td class='status pass' title='pass' alt='pass'><i class='material-icons'>check_circle</i></td>
					<td class='timestamp'>11:46:41 PM</td>
					<td class='step-details'><font colour=#00af00>PASS</font></td>
				</tr>
				<tr class='log' status='info'>
					<td class='status info' title='info' alt='info'><i class='material-icons'>info_outline</i></td>
					<td class='timestamp'>11:46:41 PM</td>
					<td class='step-details'>TEST DESCRIPTION= [verify add to cart functionality]</td>
				</tr>
			</tbody>
		</table>
	</div>
					</div>
				</li>
				
				
				<li class='test displayed active  fail' status='fail' bdd='false' test-id='2'>
					<div class='test-heading'>
						<span class='test-name'>To verify Add to cart button is disabled for AO users in PLP</span>
						<span class='test-time'>07-10-2020 21:05:20 PM</span>
						<span class='test-status right fail'>fail</span>
					</div>
					<div class='test-content hide'>
<div class='test-time-info'>
	<span class='label start-time'>07-10-2020 21:05:20 PM</span>
	<span class='label end-time'>07-10-2020 21:07:21 PM</span>
	<span class='label time-taken grey lighten-1 white-text'>0h 2m 1s+23ms</span>
</div>
	<div class='test-attributes'>
			<div class='category-list'>
				<span class='category label white-text'>PLPTestCases</span>
			</div>
	</div>
	<div class='test-steps'>
		<table class='bordered table-results'>
			<thead>
				<tr>
					<th>Status</th>
					<th>Timestamp</th>
					<th>Details</th>
				</tr>
			</thead>
			<tbody>
				<tr class='log' status='fail'>
					<td class='status fail' title='fail' alt='fail'><i class='material-icons'>cancel</i></td>
					<td class='timestamp'>11:46:41 PM</td>
					<td class='step-details'><font colour=#F7464A>FAIL</font></td>
				</tr>
				<tr class='log' status='info'>
					<td class='status info' title='info' alt='info'><i class='material-icons'>info_outline</i></td>
					<td class='timestamp'>11:46:41 PM</td>
					<td class='step-details'>TEST DESCRIPTION= [To verify Add to cart button is disabled for AO users in PLP]</td>
				</tr>
				<tr class='log' status='info'>
					<td class='status info' title='info' alt='info'><i class='material-icons'>info_outline</i></td>
					<td class='timestamp'>11:46:41 PM</td>
					<td class='step-details'>EXCEPTION = [<font colour=#F7464A>expected [true] but found [false]</font>]</td>
				</tr>
				<tr class='log' status='info'>
					<td class='status info' title='info' alt='info'><i class='material-icons'>info_outline</i></td>
					<td class='timestamp'>11:46:41 PM</td>
					<td class='step-details'>SCREENSHOT<img data-featherlight='C:\Users\pankajkumar.y\Documents\Workspace 2\HillsProd//test-output//screenshots//verifyAddToCartDisabledFunctionalityForAOUsers.png' width='10%' src='C:\Users\pankajkumar.y\Documents\Workspace 2\HillsProd//test-output//screenshots//verifyAddToCartDisabledFunctionalityForAOUsers.png' data-src='C:\Users\pankajkumar.y\Documents\Workspace 2\HillsProd//test-output//screenshots//verifyAddToCartDisabledFunctionalityForAOUsers.png'></td>
				</tr>
				<tr class='log' status='info'>
					<td class='status info' title='info' alt='info'><i class='material-icons'>info_outline</i></td>
					<td class='timestamp'>11:46:41 PM</td>
					<td class='step-details'>STACKTRACE <br/>
java.lang.AssertionError: expected [true] but found [false]<br/>
	at org.testng.Assert.fail(Assert.java:96)<br/>
	at org.testng.Assert.failNotEquals(Assert.java:776)<br/>
	at org.testng.Assert.assertTrue(Assert.java:44)<br/>
	at org.testng.Assert.assertTrue(Assert.java:54)<br/>
	at com.modules.PLPActions.verifyAddToCartDisabledFunctionalityForAOUsers(PLPActions.java:43)<br/>
	at com.testCases.PLPTestCases.verifyAddToCartDisabledFunctionalityForAOUsers(PLPTestCases.java:19)<br/>
	at java.base/jdk.internal.reflect.NativeMethodAccessorImpl.invoke0(Native Method)<br/>
	at java.base/jdk.internal.reflect.NativeMethodAccessorImpl.invoke(NativeMethodAccessorImpl.java:62)<br/>
	at java.base/jdk.internal.reflect.DelegatingMethodAccessorImpl.invoke(DelegatingMethodAccessorImpl.java:43)<br/>
	at java.base/java.lang.reflect.Method.invoke(Method.java:564)<br/>
	at org.testng.internal.MethodInvocationHelper.invokeMethod(MethodInvocationHelper.java:124)<br/>
	at org.testng.internal.Invoker.invokeMethod(Invoker.java:580)<br/>
	at org.testng.internal.Invoker.retryFailed(Invoker.java:838)<br/>
	at org.testng.internal.Invoker.invokeTestMethods(Invoker.java:1009)<br/>
	at org.testng.internal.TestMethodWorker.invokeTestMethods(TestMethodWorker.java:125)<br/>
	at org.testng.internal.TestMethodWorker.run(TestMethodWorker.java:109)<br/>
	at org.testng.TestRunner.privateRun(TestRunner.java:648)<br/>
	at org.testng.TestRunner.run(TestRunner.java:505)<br/>
	at org.testng.SuiteRunner.runTest(SuiteRunner.java:455)<br/>
	at org.testng.SuiteRunner.access$000(SuiteRunner.java:40)<br/>
	at org.testng.SuiteRunner$SuiteWorker.run(SuiteRunner.java:489)<br/>
	at org.testng.internal.thread.ThreadUtil$1.call(ThreadUtil.java:52)<br/>
	at java.base/java.util.concurrent.FutureTask.run(FutureTask.java:264)<br/>
	at java.base/java.util.concurrent.ThreadPoolExecutor.runWorker(ThreadPoolExecutor.java:1130)<br/>
	at java.base/java.util.concurrent.ThreadPoolExecutor$Worker.run(ThreadPoolExecutor.java:630)<br/>
	at java.base/java.lang.Thread.run(Thread.java:832)<br/></td>
				</tr>
			</tbody>
		</table>
	</div>
					</div>
				</li>
				
				
				<li class='test displayed active  pass' status='pass' bdd='false' test-id='3'>
					<div class='test-heading'>
						<span class='test-name'>To verify sort by functionality in PLP</span>
						<span class='test-time'>07-10-2020 21:07:26 PM</span>
						<span class='test-status right pass'>pass</span>
					</div>
					<div class='test-content hide'>
<div class='test-time-info'>
	<span class='label start-time'>07-10-2020 21:07:26 PM</span>
	<span class='label end-time'>07-10-2020 21:09:58 PM</span>
	<span class='label time-taken grey lighten-1 white-text'>0h 2m 31s+835ms</span>
</div>
	<div class='test-attributes'>
			<div class='category-list'>
				<span class='category label white-text'>PLPTestCases</span>
			</div>
	</div>
	<div class='test-steps'>
		<table class='bordered table-results'>
			<thead>
				<tr>
					<th>Status</th>
					<th>Timestamp</th>
					<th>Details</th>
				</tr>
			</thead>
			<tbody>
				<tr class='log' status='pass'>
					<td class='status pass' title='pass' alt='pass'><i class='material-icons'>check_circle</i></td>
					<td class='timestamp'>11:46:41 PM</td>
					<td class='step-details'><font colour=#00af00>PASS</font></td>
				</tr>
				<tr class='log' status='info'>
					<td class='status info' title='info' alt='info'><i class='material-icons'>info_outline</i></td>
					<td class='timestamp'>11:46:41 PM</td>
					<td class='step-details'>TEST DESCRIPTION= [To verify sort by functionality in PLP]</td>
				</tr>
			</tbody>
		</table>
	</div>
					</div>
				</li>
				
				
				<li class='test displayed active  pass' status='pass' bdd='false' test-id='4'>
					<div class='test-heading'>
						<span class='test-name'>To Verify the CTA of  "Check Stock Availability at Future Date " link.</span>
						<span class='test-time'>07-10-2020 21:10:02 PM</span>
						<span class='test-status right pass'>pass</span>
					</div>
					<div class='test-content hide'>
<div class='test-time-info'>
	<span class='label start-time'>07-10-2020 21:10:02 PM</span>
	<span class='label end-time'>07-10-2020 21:11:22 PM</span>
	<span class='label time-taken grey lighten-1 white-text'>0h 1m 19s+785ms</span>
</div>
	<div class='test-attributes'>
			<div class='category-list'>
				<span class='category label white-text'>PLPTestCases</span>
			</div>
	</div>
	<div class='test-steps'>
		<table class='bordered table-results'>
			<thead>
				<tr>
					<th>Status</th>
					<th>Timestamp</th>
					<th>Details</th>
				</tr>
			</thead>
			<tbody>
				<tr class='log' status='pass'>
					<td class='status pass' title='pass' alt='pass'><i class='material-icons'>check_circle</i></td>
					<td class='timestamp'>11:46:41 PM</td>
					<td class='step-details'><font colour=#00af00>PASS</font></td>
				</tr>
				<tr class='log' status='info'>
					<td class='status info' title='info' alt='info'><i class='material-icons'>info_outline</i></td>
					<td class='timestamp'>11:46:41 PM</td>
					<td class='step-details'>TEST DESCRIPTION= [To Verify the CTA of  "Check Stock Availability at Future Date " link.]</td>
				</tr>
			</tbody>
		</table>
	</div>
					</div>
				</li>
				
				
				<li class='test displayed active  pass' status='pass' bdd='false' test-id='5'>
					<div class='test-heading'>
						<span class='test-name'>To verify the functionality of Check ETA button in PLP</span>
						<span class='test-time'>07-10-2020 21:11:27 PM</span>
						<span class='test-status right pass'>pass</span>
					</div>
					<div class='test-content hide'>
<div class='test-time-info'>
	<span class='label start-time'>07-10-2020 21:11:27 PM</span>
	<span class='label end-time'>07-10-2020 21:13:40 PM</span>
	<span class='label time-taken grey lighten-1 white-text'>0h 2m 12s+815ms</span>
</div>
	<div class='test-attributes'>
			<div class='category-list'>
				<span class='category label white-text'>PLPTestCases</span>
			</div>
	</div>
	<div class='test-steps'>
		<table class='bordered table-results'>
			<thead>
				<tr>
					<th>Status</th>
					<th>Timestamp</th>
					<th>Details</th>
				</tr>
			</thead>
			<tbody>
				<tr class='log' status='pass'>
					<td class='status pass' title='pass' alt='pass'><i class='material-icons'>check_circle</i></td>
					<td class='timestamp'>11:46:41 PM</td>
					<td class='step-details'><font colour=#00af00>PASS</font></td>
				</tr>
				<tr class='log' status='info'>
					<td class='status info' title='info' alt='info'><i class='material-icons'>info_outline</i></td>
					<td class='timestamp'>11:46:41 PM</td>
					<td class='step-details'>TEST DESCRIPTION= [To verify the functionality of Check ETA button in PLP]</td>
				</tr>
			</tbody>
		</table>
	</div>
					</div>
				</li>
				
				
				<li class='test displayed active  pass' status='pass' bdd='false' test-id='6'>
					<div class='test-heading'>
						<span class='test-name'>To verify the display of "Check Stock Availability at Future Date " CTA  for the Out of Stock Products.</span>
						<span class='test-time'>07-10-2020 21:13:45 PM</span>
						<span class='test-status right pass'>pass</span>
					</div>
					<div class='test-content hide'>
<div class='test-time-info'>
	<span class='label start-time'>07-10-2020 21:13:45 PM</span>
	<span class='label end-time'>07-10-2020 21:15:20 PM</span>
	<span class='label time-taken grey lighten-1 white-text'>0h 1m 34s+329ms</span>
</div>
	<div class='test-attributes'>
			<div class='category-list'>
				<span class='category label white-text'>PLPTestCases</span>
			</div>
	</div>
	<div class='test-steps'>
		<table class='bordered table-results'>
			<thead>
				<tr>
					<th>Status</th>
					<th>Timestamp</th>
					<th>Details</th>
				</tr>
			</thead>
			<tbody>
				<tr class='log' status='pass'>
					<td class='status pass' title='pass' alt='pass'><i class='material-icons'>check_circle</i></td>
					<td class='timestamp'>11:46:41 PM</td>
					<td class='step-details'><font colour=#00af00>PASS</font></td>
				</tr>
				<tr class='log' status='info'>
					<td class='status info' title='info' alt='info'><i class='material-icons'>info_outline</i></td>
					<td class='timestamp'>11:46:41 PM</td>
					<td class='step-details'>TEST DESCRIPTION= [To verify the display of "Check Stock Availability at Future Date " CTA  for the Out of Stock Products.]</td>
				</tr>
			</tbody>
		</table>
	</div>
					</div>
				</li>
				
				
				<li class='test displayed active  pass' status='pass' bdd='false' test-id='7'>
					<div class='test-heading'>
						<span class='test-name'>To verify the selection of past dates are not allowed in the Date picker.</span>
						<span class='test-time'>07-10-2020 21:15:25 PM</span>
						<span class='test-status right pass'>pass</span>
					</div>
					<div class='test-content hide'>
<div class='test-time-info'>
	<span class='label start-time'>07-10-2020 21:15:25 PM</span>
	<span class='label end-time'>07-10-2020 21:16:55 PM</span>
	<span class='label time-taken grey lighten-1 white-text'>0h 1m 30s+391ms</span>
</div>
	<div class='test-attributes'>
			<div class='category-list'>
				<span class='category label white-text'>PLPTestCases</span>
			</div>
	</div>
	<div class='test-steps'>
		<table class='bordered table-results'>
			<thead>
				<tr>
					<th>Status</th>
					<th>Timestamp</th>
					<th>Details</th>
				</tr>
			</thead>
			<tbody>
				<tr class='log' status='pass'>
					<td class='status pass' title='pass' alt='pass'><i class='material-icons'>check_circle</i></td>
					<td class='timestamp'>11:46:41 PM</td>
					<td class='step-details'><font colour=#00af00>PASS</font></td>
				</tr>
				<tr class='log' status='info'>
					<td class='status info' title='info' alt='info'><i class='material-icons'>info_outline</i></td>
					<td class='timestamp'>11:46:41 PM</td>
					<td class='step-details'>TEST DESCRIPTION= [To verify the selection of past dates are not allowed in the Date picker.]</td>
				</tr>
			</tbody>
		</table>
	</div>
					</div>
				</li>
				
				
				<li class='test displayed active  pass' status='pass' bdd='false' test-id='8'>
					<div class='test-heading'>
						<span class='test-name'>To verify the stock information displayed for any selected date.</span>
						<span class='test-time'>07-10-2020 21:17:00 PM</span>
						<span class='test-status right pass'>pass</span>
					</div>
					<div class='test-content hide'>
<div class='test-time-info'>
	<span class='label start-time'>07-10-2020 21:17:00 PM</span>
	<span class='label end-time'>07-10-2020 21:18:33 PM</span>
	<span class='label time-taken grey lighten-1 white-text'>0h 1m 33s+58ms</span>
</div>
	<div class='test-attributes'>
			<div class='category-list'>
				<span class='category label white-text'>PLPTestCases</span>
			</div>
	</div>
	<div class='test-steps'>
		<table class='bordered table-results'>
			<thead>
				<tr>
					<th>Status</th>
					<th>Timestamp</th>
					<th>Details</th>
				</tr>
			</thead>
			<tbody>
				<tr class='log' status='pass'>
					<td class='status pass' title='pass' alt='pass'><i class='material-icons'>check_circle</i></td>
					<td class='timestamp'>11:46:41 PM</td>
					<td class='step-details'><font colour=#00af00>PASS</font></td>
				</tr>
				<tr class='log' status='info'>
					<td class='status info' title='info' alt='info'><i class='material-icons'>info_outline</i></td>
					<td class='timestamp'>11:46:41 PM</td>
					<td class='step-details'>TEST DESCRIPTION= [To verify the stock information displayed for any selected date.]</td>
				</tr>
			</tbody>
		</table>
	</div>
					</div>
				</li>
				
				
				<li class='test displayed active  pass' status='pass' bdd='false' test-id='9'>
					<div class='test-heading'>
						<span class='test-name'>To verify the functionality of OK CTA displayed on the Popup.</span>
						<span class='test-time'>07-10-2020 21:18:38 PM</span>
						<span class='test-status right pass'>pass</span>
					</div>
					<div class='test-content hide'>
<div class='test-time-info'>
	<span class='label start-time'>07-10-2020 21:18:38 PM</span>
	<span class='label end-time'>07-10-2020 21:20:17 PM</span>
	<span class='label time-taken grey lighten-1 white-text'>0h 1m 38s+470ms</span>
</div>
	<div class='test-attributes'>
			<div class='category-list'>
				<span class='category label white-text'>PLPTestCases</span>
			</div>
	</div>
	<div class='test-steps'>
		<table class='bordered table-results'>
			<thead>
				<tr>
					<th>Status</th>
					<th>Timestamp</th>
					<th>Details</th>
				</tr>
			</thead>
			<tbody>
				<tr class='log' status='pass'>
					<td class='status pass' title='pass' alt='pass'><i class='material-icons'>check_circle</i></td>
					<td class='timestamp'>11:46:41 PM</td>
					<td class='step-details'><font colour=#00af00>PASS</font></td>
				</tr>
				<tr class='log' status='info'>
					<td class='status info' title='info' alt='info'><i class='material-icons'>info_outline</i></td>
					<td class='timestamp'>11:46:41 PM</td>
					<td class='step-details'>TEST DESCRIPTION= [To verify the functionality of OK CTA displayed on the Popup.]</td>
				</tr>
			</tbody>
		</table>
	</div>
					</div>
				</li>
				
				
				<li class='test displayed active  pass' status='pass' bdd='false' test-id='10'>
					<div class='test-heading'>
						<span class='test-name'>To verify the navigation functionality from PLP to PDP</span>
						<span class='test-time'>07-10-2020 21:23:34 PM</span>
						<span class='test-status right pass'>pass</span>
					</div>
					<div class='test-content hide'>
<div class='test-time-info'>
	<span class='label start-time'>07-10-2020 21:23:34 PM</span>
	<span class='label end-time'>07-10-2020 21:25:40 PM</span>
	<span class='label time-taken grey lighten-1 white-text'>0h 2m 5s+134ms</span>
</div>
	<div class='test-attributes'>
			<div class='category-list'>
				<span class='category label white-text'>PLPTestCases</span>
			</div>
	</div>
	<div class='test-steps'>
		<table class='bordered table-results'>
			<thead>
				<tr>
					<th>Status</th>
					<th>Timestamp</th>
					<th>Details</th>
				</tr>
			</thead>
			<tbody>
				<tr class='log' status='pass'>
					<td class='status pass' title='pass' alt='pass'><i class='material-icons'>check_circle</i></td>
					<td class='timestamp'>11:46:41 PM</td>
					<td class='step-details'><font colour=#00af00>PASS</font></td>
				</tr>
				<tr class='log' status='info'>
					<td class='status info' title='info' alt='info'><i class='material-icons'>info_outline</i></td>
					<td class='timestamp'>11:46:41 PM</td>
					<td class='step-details'>TEST DESCRIPTION= [To verify the navigation functionality from PLP to PDP]</td>
				</tr>
			</tbody>
		</table>
	</div>
					</div>
				</li>
				
				
				<li class='test displayed active  pass' status='pass' bdd='false' test-id='11'>
					<div class='test-heading'>
						<span class='test-name'>To verify the page navigation to Product Detailed Page(PDP)</span>
						<span class='test-time'>07-10-2020 21:25:45 PM</span>
						<span class='test-status right pass'>pass</span>
					</div>
					<div class='test-content hide'>
<div class='test-time-info'>
	<span class='label start-time'>07-10-2020 21:25:45 PM</span>
	<span class='label end-time'>07-10-2020 21:27:24 PM</span>
	<span class='label time-taken grey lighten-1 white-text'>0h 1m 39s+525ms</span>
</div>
	<div class='test-attributes'>
			<div class='category-list'>
				<span class='category label white-text'>PDPTestCases</span>
			</div>
	</div>
	<div class='test-steps'>
		<table class='bordered table-results'>
			<thead>
				<tr>
					<th>Status</th>
					<th>Timestamp</th>
					<th>Details</th>
				</tr>
			</thead>
			<tbody>
				<tr class='log' status='pass'>
					<td class='status pass' title='pass' alt='pass'><i class='material-icons'>check_circle</i></td>
					<td class='timestamp'>11:46:41 PM</td>
					<td class='step-details'><font colour=#00af00>PASS</font></td>
				</tr>
				<tr class='log' status='info'>
					<td class='status info' title='info' alt='info'><i class='material-icons'>info_outline</i></td>
					<td class='timestamp'>11:46:41 PM</td>
					<td class='step-details'>TEST DESCRIPTION= [To verify the page navigation to Product Detailed Page(PDP)]</td>
				</tr>
			</tbody>
		</table>
	</div>
					</div>
				</li>
				
				
				<li class='test displayed active  pass' status='pass' bdd='false' test-id='12'>
					<div class='test-heading'>
						<span class='test-name'>To verify the display of "Check Stock Availability at Future Date " CTA  below the add to wishlist&Compare CTA.</span>
						<span class='test-time'>07-10-2020 21:27:30 PM</span>
						<span class='test-status right pass'>pass</span>
					</div>
					<div class='test-content hide'>
<div class='test-time-info'>
	<span class='label start-time'>07-10-2020 21:27:30 PM</span>
	<span class='label end-time'>07-10-2020 21:28:49 PM</span>
	<span class='label time-taken grey lighten-1 white-text'>0h 1m 19s+842ms</span>
</div>
	<div class='test-attributes'>
			<div class='category-list'>
				<span class='category label white-text'>PDPTestCases</span>
			</div>
	</div>
	<div class='test-steps'>
		<table class='bordered table-results'>
			<thead>
				<tr>
					<th>Status</th>
					<th>Timestamp</th>
					<th>Details</th>
				</tr>
			</thead>
			<tbody>
				<tr class='log' status='pass'>
					<td class='status pass' title='pass' alt='pass'><i class='material-icons'>check_circle</i></td>
					<td class='timestamp'>11:46:41 PM</td>
					<td class='step-details'><font colour=#00af00>PASS</font></td>
				</tr>
				<tr class='log' status='info'>
					<td class='status info' title='info' alt='info'><i class='material-icons'>info_outline</i></td>
					<td class='timestamp'>11:46:41 PM</td>
					<td class='step-details'>TEST DESCRIPTION= [To verify the display of "Check Stock Availability at Future Date " CTA  below the add to wishlist&Compare CTA.]</td>
				</tr>
			</tbody>
		</table>
	</div>
					</div>
				</li>
				
				
				<li class='test displayed active  pass' status='pass' bdd='false' test-id='13'>
					<div class='test-heading'>
						<span class='test-name'>To verify the display of "Check Stock Availability at Future Date " CTA  for the Out of Stock Products.</span>
						<span class='test-time'>07-10-2020 21:28:55 PM</span>
						<span class='test-status right pass'>pass</span>
					</div>
					<div class='test-content hide'>
<div class='test-time-info'>
	<span class='label start-time'>07-10-2020 21:28:55 PM</span>
	<span class='label end-time'>07-10-2020 21:30:41 PM</span>
	<span class='label time-taken grey lighten-1 white-text'>0h 1m 46s+678ms</span>
</div>
	<div class='test-attributes'>
			<div class='category-list'>
				<span class='category label white-text'>PDPTestCases</span>
			</div>
	</div>
	<div class='test-steps'>
		<table class='bordered table-results'>
			<thead>
				<tr>
					<th>Status</th>
					<th>Timestamp</th>
					<th>Details</th>
				</tr>
			</thead>
			<tbody>
				<tr class='log' status='pass'>
					<td class='status pass' title='pass' alt='pass'><i class='material-icons'>check_circle</i></td>
					<td class='timestamp'>11:46:41 PM</td>
					<td class='step-details'><font colour=#00af00>PASS</font></td>
				</tr>
				<tr class='log' status='info'>
					<td class='status info' title='info' alt='info'><i class='material-icons'>info_outline</i></td>
					<td class='timestamp'>11:46:41 PM</td>
					<td class='step-details'>TEST DESCRIPTION= [To verify the display of "Check Stock Availability at Future Date " CTA  for the Out of Stock Products.]</td>
				</tr>
			</tbody>
		</table>
	</div>
					</div>
				</li>
				
				
				<li class='test displayed active  pass' status='pass' bdd='false' test-id='14'>
					<div class='test-heading'>
						<span class='test-name'>To Verify the CTA of  "Check Stock Availability at Future Date " link.</span>
						<span class='test-time'>07-10-2020 21:30:46 PM</span>
						<span class='test-status right pass'>pass</span>
					</div>
					<div class='test-content hide'>
<div class='test-time-info'>
	<span class='label start-time'>07-10-2020 21:30:46 PM</span>
	<span class='label end-time'>07-10-2020 21:32:17 PM</span>
	<span class='label time-taken grey lighten-1 white-text'>0h 1m 31s+56ms</span>
</div>
	<div class='test-attributes'>
			<div class='category-list'>
				<span class='category label white-text'>PDPTestCases</span>
			</div>
	</div>
	<div class='test-steps'>
		<table class='bordered table-results'>
			<thead>
				<tr>
					<th>Status</th>
					<th>Timestamp</th>
					<th>Details</th>
				</tr>
			</thead>
			<tbody>
				<tr class='log' status='pass'>
					<td class='status pass' title='pass' alt='pass'><i class='material-icons'>check_circle</i></td>
					<td class='timestamp'>11:46:41 PM</td>
					<td class='step-details'><font colour=#00af00>PASS</font></td>
				</tr>
				<tr class='log' status='info'>
					<td class='status info' title='info' alt='info'><i class='material-icons'>info_outline</i></td>
					<td class='timestamp'>11:46:41 PM</td>
					<td class='step-details'>TEST DESCRIPTION= [To Verify the CTA of  "Check Stock Availability at Future Date " link.]</td>
				</tr>
			</tbody>
		</table>
	</div>
					</div>
				</li>
				
				
				<li class='test displayed active  pass' status='pass' bdd='false' test-id='15'>
					<div class='test-heading'>
						<span class='test-name'>To verify the Disclaimer text display on all the time on this Popup.</span>
						<span class='test-time'>07-10-2020 21:32:23 PM</span>
						<span class='test-status right pass'>pass</span>
					</div>
					<div class='test-content hide'>
<div class='test-time-info'>
	<span class='label start-time'>07-10-2020 21:32:23 PM</span>
	<span class='label end-time'>07-10-2020 21:33:54 PM</span>
	<span class='label time-taken grey lighten-1 white-text'>0h 1m 31s+343ms</span>
</div>
	<div class='test-attributes'>
			<div class='category-list'>
				<span class='category label white-text'>PDPTestCases</span>
			</div>
	</div>
	<div class='test-steps'>
		<table class='bordered table-results'>
			<thead>
				<tr>
					<th>Status</th>
					<th>Timestamp</th>
					<th>Details</th>
				</tr>
			</thead>
			<tbody>
				<tr class='log' status='pass'>
					<td class='status pass' title='pass' alt='pass'><i class='material-icons'>check_circle</i></td>
					<td class='timestamp'>11:46:41 PM</td>
					<td class='step-details'><font colour=#00af00>PASS</font></td>
				</tr>
				<tr class='log' status='info'>
					<td class='status info' title='info' alt='info'><i class='material-icons'>info_outline</i></td>
					<td class='timestamp'>11:46:41 PM</td>
					<td class='step-details'>TEST DESCRIPTION= [To verify the Disclaimer text display on all the time on this Popup.]</td>
				</tr>
			</tbody>
		</table>
	</div>
					</div>
				</li>
				
				
				<li class='test displayed active  pass' status='pass' bdd='false' test-id='16'>
					<div class='test-heading'>
						<span class='test-name'>To verify the selection of Previous and Currents dates in the Date picker.</span>
						<span class='test-time'>07-10-2020 21:33:59 PM</span>
						<span class='test-status right pass'>pass</span>
					</div>
					<div class='test-content hide'>
<div class='test-time-info'>
	<span class='label start-time'>07-10-2020 21:33:59 PM</span>
	<span class='label end-time'>07-10-2020 21:35:46 PM</span>
	<span class='label time-taken grey lighten-1 white-text'>0h 1m 47s+456ms</span>
</div>
	<div class='test-attributes'>
			<div class='category-list'>
				<span class='category label white-text'>PDPTestCases</span>
			</div>
	</div>
	<div class='test-steps'>
		<table class='bordered table-results'>
			<thead>
				<tr>
					<th>Status</th>
					<th>Timestamp</th>
					<th>Details</th>
				</tr>
			</thead>
			<tbody>
				<tr class='log' status='pass'>
					<td class='status pass' title='pass' alt='pass'><i class='material-icons'>check_circle</i></td>
					<td class='timestamp'>11:46:41 PM</td>
					<td class='step-details'><font colour=#00af00>PASS</font></td>
				</tr>
				<tr class='log' status='info'>
					<td class='status info' title='info' alt='info'><i class='material-icons'>info_outline</i></td>
					<td class='timestamp'>11:46:41 PM</td>
					<td class='step-details'>TEST DESCRIPTION= [To verify the selection of Previous and Currents dates in the Date picker.]</td>
				</tr>
			</tbody>
		</table>
	</div>
					</div>
				</li>
				
				
				<li class='test displayed active  pass' status='pass' bdd='false' test-id='17'>
					<div class='test-heading'>
						<span class='test-name'>To verify the user able to select different dates ,one after the other.</span>
						<span class='test-time'>07-10-2020 21:35:52 PM</span>
						<span class='test-status right pass'>pass</span>
					</div>
					<div class='test-content hide'>
<div class='test-time-info'>
	<span class='label start-time'>07-10-2020 21:35:52 PM</span>
	<span class='label end-time'>07-10-2020 21:38:10 PM</span>
	<span class='label time-taken grey lighten-1 white-text'>0h 2m 18s+197ms</span>
</div>
	<div class='test-attributes'>
			<div class='category-list'>
				<span class='category label white-text'>PDPTestCases</span>
			</div>
	</div>
	<div class='test-steps'>
		<table class='bordered table-results'>
			<thead>
				<tr>
					<th>Status</th>
					<th>Timestamp</th>
					<th>Details</th>
				</tr>
			</thead>
			<tbody>
				<tr class='log' status='pass'>
					<td class='status pass' title='pass' alt='pass'><i class='material-icons'>check_circle</i></td>
					<td class='timestamp'>11:46:41 PM</td>
					<td class='step-details'><font colour=#00af00>PASS</font></td>
				</tr>
				<tr class='log' status='info'>
					<td class='status info' title='info' alt='info'><i class='material-icons'>info_outline</i></td>
					<td class='timestamp'>11:46:41 PM</td>
					<td class='step-details'>TEST DESCRIPTION= [To verify the user able to select different dates ,one after the other.]</td>
				</tr>
			</tbody>
		</table>
	</div>
					</div>
				</li>
				
				
				<li class='test displayed active  pass' status='pass' bdd='false' test-id='18'>
					<div class='test-heading'>
						<span class='test-name'>To verify the Date formate displayed in the picker.</span>
						<span class='test-time'>07-10-2020 21:38:15 PM</span>
						<span class='test-status right pass'>pass</span>
					</div>
					<div class='test-content hide'>
<div class='test-time-info'>
	<span class='label start-time'>07-10-2020 21:38:15 PM</span>
	<span class='label end-time'>07-10-2020 21:40:37 PM</span>
	<span class='label time-taken grey lighten-1 white-text'>0h 2m 22s+540ms</span>
</div>
	<div class='test-attributes'>
			<div class='category-list'>
				<span class='category label white-text'>PDPTestCases</span>
			</div>
	</div>
	<div class='test-steps'>
		<table class='bordered table-results'>
			<thead>
				<tr>
					<th>Status</th>
					<th>Timestamp</th>
					<th>Details</th>
				</tr>
			</thead>
			<tbody>
				<tr class='log' status='pass'>
					<td class='status pass' title='pass' alt='pass'><i class='material-icons'>check_circle</i></td>
					<td class='timestamp'>11:46:41 PM</td>
					<td class='step-details'><font colour=#00af00>PASS</font></td>
				</tr>
				<tr class='log' status='info'>
					<td class='status info' title='info' alt='info'><i class='material-icons'>info_outline</i></td>
					<td class='timestamp'>11:46:41 PM</td>
					<td class='step-details'>TEST DESCRIPTION= [To verify the Date formate displayed in the picker.]</td>
				</tr>
			</tbody>
		</table>
	</div>
					</div>
				</li>
				
				
				<li class='test displayed active  pass' status='pass' bdd='false' test-id='19'>
					<div class='test-heading'>
						<span class='test-name'>To verify the stock information displayed for any selected date.</span>
						<span class='test-time'>07-10-2020 21:40:43 PM</span>
						<span class='test-status right pass'>pass</span>
					</div>
					<div class='test-content hide'>
<div class='test-time-info'>
	<span class='label start-time'>07-10-2020 21:40:43 PM</span>
	<span class='label end-time'>07-10-2020 21:42:40 PM</span>
	<span class='label time-taken grey lighten-1 white-text'>0h 1m 57s+60ms</span>
</div>
	<div class='test-attributes'>
			<div class='category-list'>
				<span class='category label white-text'>PDPTestCases</span>
			</div>
	</div>
	<div class='test-steps'>
		<table class='bordered table-results'>
			<thead>
				<tr>
					<th>Status</th>
					<th>Timestamp</th>
					<th>Details</th>
				</tr>
			</thead>
			<tbody>
				<tr class='log' status='pass'>
					<td class='status pass' title='pass' alt='pass'><i class='material-icons'>check_circle</i></td>
					<td class='timestamp'>11:46:41 PM</td>
					<td class='step-details'><font colour=#00af00>PASS</font></td>
				</tr>
				<tr class='log' status='info'>
					<td class='status info' title='info' alt='info'><i class='material-icons'>info_outline</i></td>
					<td class='timestamp'>11:46:41 PM</td>
					<td class='step-details'>TEST DESCRIPTION= [To verify the stock information displayed for any selected date.]</td>
				</tr>
			</tbody>
		</table>
	</div>
					</div>
				</li>
				
				
				<li class='test displayed active  pass' status='pass' bdd='false' test-id='20'>
					<div class='test-heading'>
						<span class='test-name'>To verify the functionality of OK CTA displayed on the Popup.</span>
						<span class='test-time'>07-10-2020 21:42:45 PM</span>
						<span class='test-status right pass'>pass</span>
					</div>
					<div class='test-content hide'>
<div class='test-time-info'>
	<span class='label start-time'>07-10-2020 21:42:45 PM</span>
	<span class='label end-time'>07-10-2020 21:44:58 PM</span>
	<span class='label time-taken grey lighten-1 white-text'>0h 2m 13s+545ms</span>
</div>
	<div class='test-attributes'>
			<div class='category-list'>
				<span class='category label white-text'>PDPTestCases</span>
			</div>
	</div>
	<div class='test-steps'>
		<table class='bordered table-results'>
			<thead>
				<tr>
					<th>Status</th>
					<th>Timestamp</th>
					<th>Details</th>
				</tr>
			</thead>
			<tbody>
				<tr class='log' status='pass'>
					<td class='status pass' title='pass' alt='pass'><i class='material-icons'>check_circle</i></td>
					<td class='timestamp'>11:46:41 PM</td>
					<td class='step-details'><font colour=#00af00>PASS</font></td>
				</tr>
				<tr class='log' status='info'>
					<td class='status info' title='info' alt='info'><i class='material-icons'>info_outline</i></td>
					<td class='timestamp'>11:46:41 PM</td>
					<td class='step-details'>TEST DESCRIPTION= [To verify the functionality of OK CTA displayed on the Popup.]</td>
				</tr>
			</tbody>
		</table>
	</div>
					</div>
				</li>
				
				
				<li class='test displayed active  pass' status='pass' bdd='false' test-id='21'>
					<div class='test-heading'>
						<span class='test-name'>To verify the functionality of OK CTA displayed on the Popup.</span>
						<span class='test-time'>07-10-2020 21:45:04 PM</span>
						<span class='test-status right pass'>pass</span>
					</div>
					<div class='test-content hide'>
<div class='test-time-info'>
	<span class='label start-time'>07-10-2020 21:45:04 PM</span>
	<span class='label end-time'>07-10-2020 21:46:44 PM</span>
	<span class='label time-taken grey lighten-1 white-text'>0h 1m 40s+235ms</span>
</div>
	<div class='test-attributes'>
			<div class='category-list'>
				<span class='category label white-text'>PDPTestCases</span>
			</div>
	</div>
	<div class='test-steps'>
		<table class='bordered table-results'>
			<thead>
				<tr>
					<th>Status</th>
					<th>Timestamp</th>
					<th>Details</th>
				</tr>
			</thead>
			<tbody>
				<tr class='log' status='pass'>
					<td class='status pass' title='pass' alt='pass'><i class='material-icons'>check_circle</i></td>
					<td class='timestamp'>11:46:41 PM</td>
					<td class='step-details'><font colour=#00af00>PASS</font></td>
				</tr>
				<tr class='log' status='info'>
					<td class='status info' title='info' alt='info'><i class='material-icons'>info_outline</i></td>
					<td class='timestamp'>11:46:41 PM</td>
					<td class='step-details'>TEST DESCRIPTION= [To verify the functionality of OK CTA displayed on the Popup.]</td>
				</tr>
			</tbody>
		</table>
	</div>
					</div>
				</li>
				
				
				<li class='test displayed active  pass' status='pass' bdd='false' test-id='22'>
					<div class='test-heading'>
						<span class='test-name'>To verify the functionality of Check ETA button in PDP</span>
						<span class='test-time'>07-10-2020 21:46:49 PM</span>
						<span class='test-status right pass'>pass</span>
					</div>
					<div class='test-content hide'>
<div class='test-time-info'>
	<span class='label start-time'>07-10-2020 21:46:49 PM</span>
	<span class='label end-time'>07-10-2020 21:48:38 PM</span>
	<span class='label time-taken grey lighten-1 white-text'>0h 1m 49s+397ms</span>
</div>
	<div class='test-attributes'>
			<div class='category-list'>
				<span class='category label white-text'>PDPTestCases</span>
			</div>
	</div>
	<div class='test-steps'>
		<table class='bordered table-results'>
			<thead>
				<tr>
					<th>Status</th>
					<th>Timestamp</th>
					<th>Details</th>
				</tr>
			</thead>
			<tbody>
				<tr class='log' status='pass'>
					<td class='status pass' title='pass' alt='pass'><i class='material-icons'>check_circle</i></td>
					<td class='timestamp'>11:46:41 PM</td>
					<td class='step-details'><font colour=#00af00>PASS</font></td>
				</tr>
				<tr class='log' status='info'>
					<td class='status info' title='info' alt='info'><i class='material-icons'>info_outline</i></td>
					<td class='timestamp'>11:46:41 PM</td>
					<td class='step-details'>TEST DESCRIPTION= [To verify the functionality of Check ETA button in PDP]</td>
				</tr>
			</tbody>
		</table>
	</div>
					</div>
				</li>
				
				
				<li class='test displayed active  pass' status='pass' bdd='false' test-id='23'>
					<div class='test-heading'>
						<span class='test-name'>To verify the page navigation to address validation form on SignUp after selecting account type as Cash account for Australia</span>
						<span class='test-time'>07-10-2020 21:49:51 PM</span>
						<span class='test-status right pass'>pass</span>
					</div>
					<div class='test-content hide'>
<div class='test-time-info'>
	<span class='label start-time'>07-10-2020 21:49:51 PM</span>
	<span class='label end-time'>07-10-2020 21:52:57 PM</span>
	<span class='label time-taken grey lighten-1 white-text'>0h 3m 6s+55ms</span>
</div>
	<div class='test-attributes'>
			<div class='category-list'>
				<span class='category label white-text'>SignupTestCases</span>
			</div>
	</div>
	<div class='test-steps'>
		<table class='bordered table-results'>
			<thead>
				<tr>
					<th>Status</th>
					<th>Timestamp</th>
					<th>Details</th>
				</tr>
			</thead>
			<tbody>
				<tr class='log' status='pass'>
					<td class='status pass' title='pass' alt='pass'><i class='material-icons'>check_circle</i></td>
					<td class='timestamp'>11:46:41 PM</td>
					<td class='step-details'><font colour=#00af00>PASS</font></td>
				</tr>
				<tr class='log' status='info'>
					<td class='status info' title='info' alt='info'><i class='material-icons'>info_outline</i></td>
					<td class='timestamp'>11:46:41 PM</td>
					<td class='step-details'>TEST DESCRIPTION= [To verify the page navigation to address validation form on SignUp after selecting account type as Cash account for Australia]</td>
				</tr>
			</tbody>
		</table>
	</div>
					</div>
				</li>
				
				
				<li class='test displayed active  pass' status='pass' bdd='false' test-id='24'>
					<div class='test-heading'>
						<span class='test-name'>To verify the page navigation to address validation form on SignUp after selecting account type as Trade account for Australia</span>
						<span class='test-time'>07-10-2020 21:54:13 PM</span>
						<span class='test-status right pass'>pass</span>
					</div>
					<div class='test-content hide'>
<div class='test-time-info'>
	<span class='label start-time'>07-10-2020 21:54:13 PM</span>
	<span class='label end-time'>07-10-2020 21:57:16 PM</span>
	<span class='label time-taken grey lighten-1 white-text'>0h 3m 3s+702ms</span>
</div>
	<div class='test-attributes'>
			<div class='category-list'>
				<span class='category label white-text'>SignupTestCases</span>
			</div>
	</div>
	<div class='test-steps'>
		<table class='bordered table-results'>
			<thead>
				<tr>
					<th>Status</th>
					<th>Timestamp</th>
					<th>Details</th>
				</tr>
			</thead>
			<tbody>
				<tr class='log' status='pass'>
					<td class='status pass' title='pass' alt='pass'><i class='material-icons'>check_circle</i></td>
					<td class='timestamp'>11:46:41 PM</td>
					<td class='step-details'><font colour=#00af00>PASS</font></td>
				</tr>
				<tr class='log' status='info'>
					<td class='status info' title='info' alt='info'><i class='material-icons'>info_outline</i></td>
					<td class='timestamp'>11:46:41 PM</td>
					<td class='step-details'>TEST DESCRIPTION= [To verify the page navigation to address validation form on SignUp after selecting account type as Trade account for Australia]</td>
				</tr>
			</tbody>
		</table>
	</div>
					</div>
				</li>
				
				
				<li class='test displayed active  fail' status='fail' bdd='false' test-id='25'>
					<div class='test-heading'>
						<span class='test-name'>Verify AO user is able to change the password clicking on Forgot Password link in Australia site.</span>
						<span class='test-time'>07-10-2020 21:58:50 PM</span>
						<span class='test-status right fail'>fail</span>
					</div>
					<div class='test-content hide'>
<div class='test-time-info'>
	<span class='label start-time'>07-10-2020 21:58:50 PM</span>
	<span class='label end-time'>07-10-2020 21:59:29 PM</span>
	<span class='label time-taken grey lighten-1 white-text'>0h 0m 39s+279ms</span>
</div>
	<div class='test-attributes'>
			<div class='category-list'>
				<span class='category label white-text'>SignupTestCases</span>
			</div>
	</div>
	<div class='test-steps'>
		<table class='bordered table-results'>
			<thead>
				<tr>
					<th>Status</th>
					<th>Timestamp</th>
					<th>Details</th>
				</tr>
			</thead>
			<tbody>
				<tr class='log' status='fail'>
					<td class='status fail' title='fail' alt='fail'><i class='material-icons'>cancel</i></td>
					<td class='timestamp'>11:46:41 PM</td>
					<td class='step-details'><font colour=#F7464A>FAIL</font></td>
				</tr>
				<tr class='log' status='info'>
					<td class='status info' title='info' alt='info'><i class='material-icons'>info_outline</i></td>
					<td class='timestamp'>11:46:41 PM</td>
					<td class='step-details'>TEST DESCRIPTION= [Verify AO user is able to change the password clicking on Forgot Password link in Australia site.]</td>
				</tr>
				<tr class='log' status='info'>
					<td class='status info' title='info' alt='info'><i class='material-icons'>info_outline</i></td>
					<td class='timestamp'>11:46:41 PM</td>
					<td class='step-details'>EXCEPTION = [<font colour=#F7464A>TypeError: elem is null
Build info: version: '3.7.1', revision: '8a0099a', time: '2017-11-06T21:07:31.527Z'
System info: host: 'ECH-LPT-356', ip: '192.168.1.2', os.name: 'Windows 10', os.arch: 'amd64', os.version: '10.0', java.version: '14.0.1'
Driver info: org.openqa.selenium.firefox.FirefoxDriver
Capabilities {acceptInsecureCerts: true, browserName: firefox, browserVersion: 78.0.2, javascriptEnabled: true, moz:accessibilityChecks: false, moz:buildID: 20200708170202, moz:geckodriverVersion: 0.23.0, moz:headless: false, moz:processID: 11852, moz:profile: C:\Users\pankajkumar.y\AppD..., moz:shutdownTimeout: 60000, moz:useNonSpecCompliantPointerOrigin: false, moz:webdriverClick: true, pageLoadStrategy: normal, platform: WINDOWS, platformName: WINDOWS, platformVersion: 10.0, rotatable: false, setWindowRect: true, strictFileInteractability: false, timeouts: {implicit: 0, pageLoad: 300000, script: 30000}, unhandledPromptBehavior: dismiss and notify}
Session ID: ee296d25-49eb-48ee-858c-8ca20d192c69</font>]</td>
				</tr>
				<tr class='log' status='info'>
					<td class='status info' title='info' alt='info'><i class='material-icons'>info_outline</i></td>
					<td class='timestamp'>11:46:41 PM</td>
					<td class='step-details'>SCREENSHOT<img data-featherlight='C:\Users\pankajkumar.y\Documents\Workspace 2\HillsProd//test-output//screenshots//verifyForgotPassword.png' width='10%' src='C:\Users\pankajkumar.y\Documents\Workspace 2\HillsProd//test-output//screenshots//verifyForgotPassword.png' data-src='C:\Users\pankajkumar.y\Documents\Workspace 2\HillsProd//test-output//screenshots//verifyForgotPassword.png'></td>
				</tr>
				<tr class='log' status='info'>
					<td class='status info' title='info' alt='info'><i class='material-icons'>info_outline</i></td>
					<td class='timestamp'>11:46:41 PM</td>
					<td class='step-details'>STACKTRACE <br/>
org.openqa.selenium.JavascriptException: TypeError: elem is null
Build info: version: '3.7.1', revision: '8a0099a', time: '2017-11-06T21:07:31.527Z'
System info: host: 'ECH-LPT-356', ip: '192.168.1.2', os.name: 'Windows 10', os.arch: 'amd64', os.version: '10.0', java.version: '14.0.1'
Driver info: org.openqa.selenium.firefox.FirefoxDriver
Capabilities {acceptInsecureCerts: true, browserName: firefox, browserVersion: 78.0.2, javascriptEnabled: true, moz:accessibilityChecks: false, moz:buildID: 20200708170202, moz:geckodriverVersion: 0.23.0, moz:headless: false, moz:processID: 11852, moz:profile: C:\Users\pankajkumar.y\AppD..., moz:shutdownTimeout: 60000, moz:useNonSpecCompliantPointerOrigin: false, moz:webdriverClick: true, pageLoadStrategy: normal, platform: WINDOWS, platformName: WINDOWS, platformVersion: 10.0, rotatable: false, setWindowRect: true, strictFileInteractability: false, timeouts: {implicit: 0, pageLoad: 300000, script: 30000}, unhandledPromptBehavior: dismiss and notify}
Session ID: ee296d25-49eb-48ee-858c-8ca20d192c69<br/>
	at java.base/jdk.internal.reflect.NativeConstructorAccessorImpl.newInstance0(Native Method)<br/>
	at java.base/jdk.internal.reflect.NativeConstructorAccessorImpl.newInstance(NativeConstructorAccessorImpl.java:62)<br/>
	at java.base/jdk.internal.reflect.DelegatingConstructorAccessorImpl.newInstance(DelegatingConstructorAccessorImpl.java:45)<br/>
	at java.base/java.lang.reflect.Constructor.newInstanceWithCaller(Constructor.java:500)<br/>
	at java.base/java.lang.reflect.Constructor.newInstance(Constructor.java:481)<br/>
	at org.openqa.selenium.remote.http.W3CHttpResponseCodec.createException(W3CHttpResponseCodec.java:187)<br/>
	at org.openqa.selenium.remote.http.W3CHttpResponseCodec.decode(W3CHttpResponseCodec.java:122)<br/>
	at org.openqa.selenium.remote.http.W3CHttpResponseCodec.decode(W3CHttpResponseCodec.java:49)<br/>
	at org.openqa.selenium.remote.HttpCommandExecutor.execute(HttpCommandExecutor.java:164)<br/>
	at org.openqa.selenium.remote.service.DriverCommandExecutor.execute(DriverCommandExecutor.java:83)<br/>
	at org.openqa.selenium.remote.RemoteWebDriver.execute(RemoteWebDriver.java:600)<br/>
	at org.openqa.selenium.remote.RemoteWebDriver.executeScript(RemoteWebDriver.java:536)<br/>
	at com.utility.WebdriverUtils.isVisibleInViewport(WebdriverUtils.java:1982)<br/>
	at com.utility.WebdriverUtils.swipeDownUntillElement(WebdriverUtils.java:1326)<br/>
	at com.utility.WebdriverUtils.clickAction(WebdriverUtils.java:659)<br/>
	at com.modules.SignupActions.forgotPassBoth(SignupActions.java:84)<br/>
	at com.modules.SignupActions.verifyForgotPasswordAU(SignupActions.java:71)<br/>
	at com.testCases.SignupTestCases.verifyForgotPassword(SignupTestCases.java:21)<br/>
	at java.base/jdk.internal.reflect.NativeMethodAccessorImpl.invoke0(Native Method)<br/>
	at java.base/jdk.internal.reflect.NativeMethodAccessorImpl.invoke(NativeMethodAccessorImpl.java:62)<br/>
	at java.base/jdk.internal.reflect.DelegatingMethodAccessorImpl.invoke(DelegatingMethodAccessorImpl.java:43)<br/>
	at java.base/java.lang.reflect.Method.invoke(Method.java:564)<br/>
	at org.testng.internal.MethodInvocationHelper.invokeMethod(MethodInvocationHelper.java:124)<br/>
	at org.testng.internal.Invoker.invokeMethod(Invoker.java:580)<br/>
	at org.testng.internal.Invoker.retryFailed(Invoker.java:838)<br/>
	at org.testng.internal.Invoker.invokeTestMethods(Invoker.java:1009)<br/>
	at org.testng.internal.TestMethodWorker.invokeTestMethods(TestMethodWorker.java:125)<br/>
	at org.testng.internal.TestMethodWorker.run(TestMethodWorker.java:109)<br/>
	at org.testng.TestRunner.privateRun(TestRunner.java:648)<br/>
	at org.testng.TestRunner.run(TestRunner.java:505)<br/>
	at org.testng.SuiteRunner.runTest(SuiteRunner.java:455)<br/>
	at org.testng.SuiteRunner.access$000(SuiteRunner.java:40)<br/>
	at org.testng.SuiteRunner$SuiteWorker.run(SuiteRunner.java:489)<br/>
	at org.testng.internal.thread.ThreadUtil$1.call(ThreadUtil.java:52)<br/>
	at java.base/java.util.concurrent.FutureTask.run(FutureTask.java:264)<br/>
	at java.base/java.util.concurrent.ThreadPoolExecutor.runWorker(ThreadPoolExecutor.java:1130)<br/>
	at java.base/java.util.concurrent.ThreadPoolExecutor$Worker.run(ThreadPoolExecutor.java:630)<br/>
	at java.base/java.lang.Thread.run(Thread.java:832)<br/></td>
				</tr>
			</tbody>
		</table>
	</div>
					</div>
				</li>
				
				
				<li class='test displayed active  pass' status='pass' bdd='false' test-id='26'>
					<div class='test-heading'>
						<span class='test-name'>To verify the page navigation to address validation form on SignUp after selecting account type as Cash account for NewZealand</span>
						<span class='test-time'>07-10-2020 21:59:35 PM</span>
						<span class='test-status right pass'>pass</span>
					</div>
					<div class='test-content hide'>
<div class='test-time-info'>
	<span class='label start-time'>07-10-2020 21:59:35 PM</span>
	<span class='label end-time'>07-10-2020 22:03:05 PM</span>
	<span class='label time-taken grey lighten-1 white-text'>0h 3m 29s+529ms</span>
</div>
	<div class='test-attributes'>
			<div class='category-list'>
				<span class='category label white-text'>SignupTestCases</span>
			</div>
	</div>
	<div class='test-steps'>
		<table class='bordered table-results'>
			<thead>
				<tr>
					<th>Status</th>
					<th>Timestamp</th>
					<th>Details</th>
				</tr>
			</thead>
			<tbody>
				<tr class='log' status='pass'>
					<td class='status pass' title='pass' alt='pass'><i class='material-icons'>check_circle</i></td>
					<td class='timestamp'>11:46:41 PM</td>
					<td class='step-details'><font colour=#00af00>PASS</font></td>
				</tr>
				<tr class='log' status='info'>
					<td class='status info' title='info' alt='info'><i class='material-icons'>info_outline</i></td>
					<td class='timestamp'>11:46:41 PM</td>
					<td class='step-details'>TEST DESCRIPTION= [To verify the page navigation to address validation form on SignUp after selecting account type as Cash account for NewZealand]</td>
				</tr>
			</tbody>
		</table>
	</div>
					</div>
				</li>
				
				
				<li class='test displayed active  pass' status='pass' bdd='false' test-id='27'>
					<div class='test-heading'>
						<span class='test-name'>To verify the page navigation to address validation form on SignUp after selecting account type as Trade account for NewZealand</span>
						<span class='test-time'>07-10-2020 22:04:46 PM</span>
						<span class='test-status right pass'>pass</span>
					</div>
					<div class='test-content hide'>
<div class='test-time-info'>
	<span class='label start-time'>07-10-2020 22:04:46 PM</span>
	<span class='label end-time'>07-10-2020 22:08:09 PM</span>
	<span class='label time-taken grey lighten-1 white-text'>0h 3m 22s+851ms</span>
</div>
	<div class='test-attributes'>
			<div class='category-list'>
				<span class='category label white-text'>SignupTestCases</span>
			</div>
	</div>
	<div class='test-steps'>
		<table class='bordered table-results'>
			<thead>
				<tr>
					<th>Status</th>
					<th>Timestamp</th>
					<th>Details</th>
				</tr>
			</thead>
			<tbody>
				<tr class='log' status='pass'>
					<td class='status pass' title='pass' alt='pass'><i class='material-icons'>check_circle</i></td>
					<td class='timestamp'>11:46:41 PM</td>
					<td class='step-details'><font colour=#00af00>PASS</font></td>
				</tr>
				<tr class='log' status='info'>
					<td class='status info' title='info' alt='info'><i class='material-icons'>info_outline</i></td>
					<td class='timestamp'>11:46:41 PM</td>
					<td class='step-details'>TEST DESCRIPTION= [To verify the page navigation to address validation form on SignUp after selecting account type as Trade account for NewZealand]</td>
				</tr>
			</tbody>
		</table>
	</div>
					</div>
				</li>
				
				
				<li class='test displayed active  fail' status='fail' bdd='false' test-id='28'>
					<div class='test-heading'>
						<span class='test-name'>Verify AO user is able to change the password clicking on Forgot Password link in New Zealand site.</span>
						<span class='test-time'>07-10-2020 22:09:46 PM</span>
						<span class='test-status right fail'>fail</span>
					</div>
					<div class='test-content hide'>
<div class='test-time-info'>
	<span class='label start-time'>07-10-2020 22:09:46 PM</span>
	<span class='label end-time'>07-10-2020 22:10:30 PM</span>
	<span class='label time-taken grey lighten-1 white-text'>0h 0m 43s+520ms</span>
</div>
	<div class='test-attributes'>
			<div class='category-list'>
				<span class='category label white-text'>SignupTestCases</span>
			</div>
	</div>
	<div class='test-steps'>
		<table class='bordered table-results'>
			<thead>
				<tr>
					<th>Status</th>
					<th>Timestamp</th>
					<th>Details</th>
				</tr>
			</thead>
			<tbody>
				<tr class='log' status='fail'>
					<td class='status fail' title='fail' alt='fail'><i class='material-icons'>cancel</i></td>
					<td class='timestamp'>11:46:41 PM</td>
					<td class='step-details'><font colour=#F7464A>FAIL</font></td>
				</tr>
				<tr class='log' status='info'>
					<td class='status info' title='info' alt='info'><i class='material-icons'>info_outline</i></td>
					<td class='timestamp'>11:46:41 PM</td>
					<td class='step-details'>TEST DESCRIPTION= [Verify AO user is able to change the password clicking on Forgot Password link in New Zealand site.]</td>
				</tr>
				<tr class='log' status='info'>
					<td class='status info' title='info' alt='info'><i class='material-icons'>info_outline</i></td>
					<td class='timestamp'>11:46:41 PM</td>
					<td class='step-details'>EXCEPTION = [<font colour=#F7464A>TypeError: elem is null
Build info: version: '3.7.1', revision: '8a0099a', time: '2017-11-06T21:07:31.527Z'
System info: host: 'ECH-LPT-356', ip: '192.168.1.2', os.name: 'Windows 10', os.arch: 'amd64', os.version: '10.0', java.version: '14.0.1'
Driver info: org.openqa.selenium.firefox.FirefoxDriver
Capabilities {acceptInsecureCerts: true, browserName: firefox, browserVersion: 78.0.2, javascriptEnabled: true, moz:accessibilityChecks: false, moz:buildID: 20200708170202, moz:geckodriverVersion: 0.23.0, moz:headless: false, moz:processID: 10696, moz:profile: C:\Users\pankajkumar.y\AppD..., moz:shutdownTimeout: 60000, moz:useNonSpecCompliantPointerOrigin: false, moz:webdriverClick: true, pageLoadStrategy: normal, platform: WINDOWS, platformName: WINDOWS, platformVersion: 10.0, rotatable: false, setWindowRect: true, strictFileInteractability: false, timeouts: {implicit: 0, pageLoad: 300000, script: 30000}, unhandledPromptBehavior: dismiss and notify}
Session ID: 51920f7e-87b2-48a3-81bf-0cba669ef687</font>]</td>
				</tr>
				<tr class='log' status='info'>
					<td class='status info' title='info' alt='info'><i class='material-icons'>info_outline</i></td>
					<td class='timestamp'>11:46:41 PM</td>
					<td class='step-details'>SCREENSHOT<img data-featherlight='C:\Users\pankajkumar.y\Documents\Workspace 2\HillsProd//test-output//screenshots//verifyForgotPasswordNZ.png' width='10%' src='C:\Users\pankajkumar.y\Documents\Workspace 2\HillsProd//test-output//screenshots//verifyForgotPasswordNZ.png' data-src='C:\Users\pankajkumar.y\Documents\Workspace 2\HillsProd//test-output//screenshots//verifyForgotPasswordNZ.png'></td>
				</tr>
				<tr class='log' status='info'>
					<td class='status info' title='info' alt='info'><i class='material-icons'>info_outline</i></td>
					<td class='timestamp'>11:46:41 PM</td>
					<td class='step-details'>STACKTRACE <br/>
org.openqa.selenium.JavascriptException: TypeError: elem is null
Build info: version: '3.7.1', revision: '8a0099a', time: '2017-11-06T21:07:31.527Z'
System info: host: 'ECH-LPT-356', ip: '192.168.1.2', os.name: 'Windows 10', os.arch: 'amd64', os.version: '10.0', java.version: '14.0.1'
Driver info: org.openqa.selenium.firefox.FirefoxDriver
Capabilities {acceptInsecureCerts: true, browserName: firefox, browserVersion: 78.0.2, javascriptEnabled: true, moz:accessibilityChecks: false, moz:buildID: 20200708170202, moz:geckodriverVersion: 0.23.0, moz:headless: false, moz:processID: 10696, moz:profile: C:\Users\pankajkumar.y\AppD..., moz:shutdownTimeout: 60000, moz:useNonSpecCompliantPointerOrigin: false, moz:webdriverClick: true, pageLoadStrategy: normal, platform: WINDOWS, platformName: WINDOWS, platformVersion: 10.0, rotatable: false, setWindowRect: true, strictFileInteractability: false, timeouts: {implicit: 0, pageLoad: 300000, script: 30000}, unhandledPromptBehavior: dismiss and notify}
Session ID: 51920f7e-87b2-48a3-81bf-0cba669ef687<br/>
	at java.base/jdk.internal.reflect.NativeConstructorAccessorImpl.newInstance0(Native Method)<br/>
	at java.base/jdk.internal.reflect.NativeConstructorAccessorImpl.newInstance(NativeConstructorAccessorImpl.java:62)<br/>
	at java.base/jdk.internal.reflect.DelegatingConstructorAccessorImpl.newInstance(DelegatingConstructorAccessorImpl.java:45)<br/>
	at java.base/java.lang.reflect.Constructor.newInstanceWithCaller(Constructor.java:500)<br/>
	at java.base/java.lang.reflect.Constructor.newInstance(Constructor.java:481)<br/>
	at org.openqa.selenium.remote.http.W3CHttpResponseCodec.createException(W3CHttpResponseCodec.java:187)<br/>
	at org.openqa.selenium.remote.http.W3CHttpResponseCodec.decode(W3CHttpResponseCodec.java:122)<br/>
	at org.openqa.selenium.remote.http.W3CHttpResponseCodec.decode(W3CHttpResponseCodec.java:49)<br/>
	at org.openqa.selenium.remote.HttpCommandExecutor.execute(HttpCommandExecutor.java:164)<br/>
	at org.openqa.selenium.remote.service.DriverCommandExecutor.execute(DriverCommandExecutor.java:83)<br/>
	at org.openqa.selenium.remote.RemoteWebDriver.execute(RemoteWebDriver.java:600)<br/>
	at org.openqa.selenium.remote.RemoteWebDriver.executeScript(RemoteWebDriver.java:536)<br/>
	at com.utility.WebdriverUtils.isVisibleInViewport(WebdriverUtils.java:1982)<br/>
	at com.utility.WebdriverUtils.swipeDownUntillElement(WebdriverUtils.java:1326)<br/>
	at com.utility.WebdriverUtils.clickAction(WebdriverUtils.java:659)<br/>
	at com.modules.SignupActions.forgotPassBoth(SignupActions.java:84)<br/>
	at com.modules.SignupActions.verifyForgotPasswordNZ(SignupActions.java:77)<br/>
	at com.testCases.SignupTestCases.verifyForgotPasswordNZ(SignupTestCases.java:33)<br/>
	at java.base/jdk.internal.reflect.NativeMethodAccessorImpl.invoke0(Native Method)<br/>
	at java.base/jdk.internal.reflect.NativeMethodAccessorImpl.invoke(NativeMethodAccessorImpl.java:62)<br/>
	at java.base/jdk.internal.reflect.DelegatingMethodAccessorImpl.invoke(DelegatingMethodAccessorImpl.java:43)<br/>
	at java.base/java.lang.reflect.Method.invoke(Method.java:564)<br/>
	at org.testng.internal.MethodInvocationHelper.invokeMethod(MethodInvocationHelper.java:124)<br/>
	at org.testng.internal.Invoker.invokeMethod(Invoker.java:580)<br/>
	at org.testng.internal.Invoker.retryFailed(Invoker.java:838)<br/>
	at org.testng.internal.Invoker.invokeTestMethods(Invoker.java:1009)<br/>
	at org.testng.internal.TestMethodWorker.invokeTestMethods(TestMethodWorker.java:125)<br/>
	at org.testng.internal.TestMethodWorker.run(TestMethodWorker.java:109)<br/>
	at org.testng.TestRunner.privateRun(TestRunner.java:648)<br/>
	at org.testng.TestRunner.run(TestRunner.java:505)<br/>
	at org.testng.SuiteRunner.runTest(SuiteRunner.java:455)<br/>
	at org.testng.SuiteRunner.access$000(SuiteRunner.java:40)<br/>
	at org.testng.SuiteRunner$SuiteWorker.run(SuiteRunner.java:489)<br/>
	at org.testng.internal.thread.ThreadUtil$1.call(ThreadUtil.java:52)<br/>
	at java.base/java.util.concurrent.FutureTask.run(FutureTask.java:264)<br/>
	at java.base/java.util.concurrent.ThreadPoolExecutor.runWorker(ThreadPoolExecutor.java:1130)<br/>
	at java.base/java.util.concurrent.ThreadPoolExecutor$Worker.run(ThreadPoolExecutor.java:630)<br/>
	at java.base/java.lang.Thread.run(Thread.java:832)<br/></td>
				</tr>
			</tbody>
		</table>
	</div>
					</div>
				</li>
				
				
				<li class='test displayed active  pass' status='pass' bdd='false' test-id='29'>
					<div class='test-heading'>
						<span class='test-name'>To Verify the CTA of  "Check Stock Availability at Future Date " link.</span>
						<span class='test-time'>07-10-2020 22:10:35 PM</span>
						<span class='test-status right pass'>pass</span>
					</div>
					<div class='test-content hide'>
<div class='test-time-info'>
	<span class='label start-time'>07-10-2020 22:10:35 PM</span>
	<span class='label end-time'>07-10-2020 22:12:09 PM</span>
	<span class='label time-taken grey lighten-1 white-text'>0h 1m 34s+180ms</span>
</div>
	<div class='test-attributes'>
			<div class='category-list'>
				<span class='category label white-text'>SRPTestCases</span>
			</div>
	</div>
	<div class='test-steps'>
		<table class='bordered table-results'>
			<thead>
				<tr>
					<th>Status</th>
					<th>Timestamp</th>
					<th>Details</th>
				</tr>
			</thead>
			<tbody>
				<tr class='log' status='pass'>
					<td class='status pass' title='pass' alt='pass'><i class='material-icons'>check_circle</i></td>
					<td class='timestamp'>11:46:41 PM</td>
					<td class='step-details'><font colour=#00af00>PASS</font></td>
				</tr>
				<tr class='log' status='info'>
					<td class='status info' title='info' alt='info'><i class='material-icons'>info_outline</i></td>
					<td class='timestamp'>11:46:41 PM</td>
					<td class='step-details'>TEST DESCRIPTION= [To Verify the CTA of  "Check Stock Availability at Future Date " link.]</td>
				</tr>
			</tbody>
		</table>
	</div>
					</div>
				</li>
				
				
				<li class='test displayed active  fail' status='fail' bdd='false' test-id='30'>
					<div class='test-heading'>
						<span class='test-name'>To verify the display of "Check Stock Availability at Future Date " CTA  for the Out of Stock Products.</span>
						<span class='test-time'>07-10-2020 22:15:36 PM</span>
						<span class='test-status right fail'>fail</span>
					</div>
					<div class='test-content hide'>
<div class='test-time-info'>
	<span class='label start-time'>07-10-2020 22:15:36 PM</span>
	<span class='label end-time'>07-10-2020 22:17:06 PM</span>
	<span class='label time-taken grey lighten-1 white-text'>0h 1m 29s+680ms</span>
</div>
	<div class='test-attributes'>
			<div class='category-list'>
				<span class='category label white-text'>SRPTestCases</span>
			</div>
	</div>
	<div class='test-steps'>
		<table class='bordered table-results'>
			<thead>
				<tr>
					<th>Status</th>
					<th>Timestamp</th>
					<th>Details</th>
				</tr>
			</thead>
			<tbody>
				<tr class='log' status='fail'>
					<td class='status fail' title='fail' alt='fail'><i class='material-icons'>cancel</i></td>
					<td class='timestamp'>11:46:41 PM</td>
					<td class='step-details'><font colour=#F7464A>FAIL</font></td>
				</tr>
				<tr class='log' status='info'>
					<td class='status info' title='info' alt='info'><i class='material-icons'>info_outline</i></td>
					<td class='timestamp'>11:46:41 PM</td>
					<td class='step-details'>TEST DESCRIPTION= [To verify the display of "Check Stock Availability at Future Date " CTA  for the Out of Stock Products.]</td>
				</tr>
				<tr class='log' status='info'>
					<td class='status info' title='info' alt='info'><i class='material-icons'>info_outline</i></td>
					<td class='timestamp'>11:46:41 PM</td>
					<td class='step-details'>EXCEPTION = [<font colour=#F7464A>Element <div class="futureContainer"> is not clickable at point (527,521) because another element <div class="animationload"> obscures it
Build info: version: '3.7.1', revision: '8a0099a', time: '2017-11-06T21:07:31.527Z'
System info: host: 'ECH-LPT-356', ip: '192.168.1.2', os.name: 'Windows 10', os.arch: 'amd64', os.version: '10.0', java.version: '14.0.1'
Driver info: org.openqa.selenium.firefox.FirefoxDriver
Capabilities {acceptInsecureCerts: true, browserName: firefox, browserVersion: 78.0.2, javascriptEnabled: true, moz:accessibilityChecks: false, moz:buildID: 20200708170202, moz:geckodriverVersion: 0.23.0, moz:headless: false, moz:processID: 10608, moz:profile: C:\Users\pankajkumar.y\AppD..., moz:shutdownTimeout: 60000, moz:useNonSpecCompliantPointerOrigin: false, moz:webdriverClick: true, pageLoadStrategy: normal, platform: WINDOWS, platformName: WINDOWS, platformVersion: 10.0, rotatable: false, setWindowRect: true, strictFileInteractability: false, timeouts: {implicit: 0, pageLoad: 300000, script: 30000}, unhandledPromptBehavior: dismiss and notify}
Session ID: c36b1e12-c599-47f2-956e-2bed6437c488</font>]</td>
				</tr>
				<tr class='log' status='info'>
					<td class='status info' title='info' alt='info'><i class='material-icons'>info_outline</i></td>
					<td class='timestamp'>11:46:41 PM</td>
					<td class='step-details'>SCREENSHOT<img data-featherlight='C:\Users\pankajkumar.y\Documents\Workspace 2\HillsProd//test-output//screenshots//verifyCheckStockAvailabilityForFutureDate.png' width='10%' src='C:\Users\pankajkumar.y\Documents\Workspace 2\HillsProd//test-output//screenshots//verifyCheckStockAvailabilityForFutureDate.png' data-src='C:\Users\pankajkumar.y\Documents\Workspace 2\HillsProd//test-output//screenshots//verifyCheckStockAvailabilityForFutureDate.png'></td>
				</tr>
				<tr class='log' status='info'>
					<td class='status info' title='info' alt='info'><i class='material-icons'>info_outline</i></td>
					<td class='timestamp'>11:46:41 PM</td>
					<td class='step-details'>STACKTRACE <br/>
org.openqa.selenium.ElementClickInterceptedException: Element <div class="futureContainer"> is not clickable at point (527,521) because another element <div class="animationload"> obscures it
Build info: version: '3.7.1', revision: '8a0099a', time: '2017-11-06T21:07:31.527Z'
System info: host: 'ECH-LPT-356', ip: '192.168.1.2', os.name: 'Windows 10', os.arch: 'amd64', os.version: '10.0', java.version: '14.0.1'
Driver info: org.openqa.selenium.firefox.FirefoxDriver
Capabilities {acceptInsecureCerts: true, browserName: firefox, browserVersion: 78.0.2, javascriptEnabled: true, moz:accessibilityChecks: false, moz:buildID: 20200708170202, moz:geckodriverVersion: 0.23.0, moz:headless: false, moz:processID: 10608, moz:profile: C:\Users\pankajkumar.y\AppD..., moz:shutdownTimeout: 60000, moz:useNonSpecCompliantPointerOrigin: false, moz:webdriverClick: true, pageLoadStrategy: normal, platform: WINDOWS, platformName: WINDOWS, platformVersion: 10.0, rotatable: false, setWindowRect: true, strictFileInteractability: false, timeouts: {implicit: 0, pageLoad: 300000, script: 30000}, unhandledPromptBehavior: dismiss and notify}
Session ID: c36b1e12-c599-47f2-956e-2bed6437c488<br/>
	at java.base/jdk.internal.reflect.NativeConstructorAccessorImpl.newInstance0(Native Method)<br/>
	at java.base/jdk.internal.reflect.NativeConstructorAccessorImpl.newInstance(NativeConstructorAccessorImpl.java:62)<br/>
	at java.base/jdk.internal.reflect.DelegatingConstructorAccessorImpl.newInstance(DelegatingConstructorAccessorImpl.java:45)<br/>
	at java.base/java.lang.reflect.Constructor.newInstanceWithCaller(Constructor.java:500)<br/>
	at java.base/java.lang.reflect.Constructor.newInstance(Constructor.java:481)<br/>
	at org.openqa.selenium.remote.http.W3CHttpResponseCodec.createException(W3CHttpResponseCodec.java:187)<br/>
	at org.openqa.selenium.remote.http.W3CHttpResponseCodec.decode(W3CHttpResponseCodec.java:122)<br/>
	at org.openqa.selenium.remote.http.W3CHttpResponseCodec.decode(W3CHttpResponseCodec.java:49)<br/>
	at org.openqa.selenium.remote.HttpCommandExecutor.execute(HttpCommandExecutor.java:164)<br/>
	at org.openqa.selenium.remote.service.DriverCommandExecutor.execute(DriverCommandExecutor.java:83)<br/>
	at org.openqa.selenium.remote.RemoteWebDriver.execute(RemoteWebDriver.java:600)<br/>
	at org.openqa.selenium.remote.RemoteWebElement.execute(RemoteWebElement.java:279)<br/>
	at org.openqa.selenium.remote.RemoteWebElement.click(RemoteWebElement.java:83)<br/>
	at com.utility.WebdriverUtils.clickAndAction(WebdriverUtils.java:2117)<br/>
	at com.modules.PLPActions.verifyCheckStockAvailabilityForFutureDate(PLPActions.java:87)<br/>
	at com.testCases.SRPTestCases.verifyCheckStockAvailabilityForFutureDate(SRPTestCases.java:20)<br/>
	at java.base/jdk.internal.reflect.NativeMethodAccessorImpl.invoke0(Native Method)<br/>
	at java.base/jdk.internal.reflect.NativeMethodAccessorImpl.invoke(NativeMethodAccessorImpl.java:62)<br/>
	at java.base/jdk.internal.reflect.DelegatingMethodAccessorImpl.invoke(DelegatingMethodAccessorImpl.java:43)<br/>
	at java.base/java.lang.reflect.Method.invoke(Method.java:564)<br/>
	at org.testng.internal.MethodInvocationHelper.invokeMethod(MethodInvocationHelper.java:124)<br/>
	at org.testng.internal.Invoker.invokeMethod(Invoker.java:580)<br/>
	at org.testng.internal.Invoker.retryFailed(Invoker.java:838)<br/>
	at org.testng.internal.Invoker.invokeTestMethods(Invoker.java:1009)<br/>
	at org.testng.internal.TestMethodWorker.invokeTestMethods(TestMethodWorker.java:125)<br/>
	at org.testng.internal.TestMethodWorker.run(TestMethodWorker.java:109)<br/>
	at org.testng.TestRunner.privateRun(TestRunner.java:648)<br/>
	at org.testng.TestRunner.run(TestRunner.java:505)<br/>
	at org.testng.SuiteRunner.runTest(SuiteRunner.java:455)<br/>
	at org.testng.SuiteRunner.access$000(SuiteRunner.java:40)<br/>
	at org.testng.SuiteRunner$SuiteWorker.run(SuiteRunner.java:489)<br/>
	at org.testng.internal.thread.ThreadUtil$1.call(ThreadUtil.java:52)<br/>
	at java.base/java.util.concurrent.FutureTask.run(FutureTask.java:264)<br/>
	at java.base/java.util.concurrent.ThreadPoolExecutor.runWorker(ThreadPoolExecutor.java:1130)<br/>
	at java.base/java.util.concurrent.ThreadPoolExecutor$Worker.run(ThreadPoolExecutor.java:630)<br/>
	at java.base/java.lang.Thread.run(Thread.java:832)<br/></td>
				</tr>
			</tbody>
		</table>
	</div>
					</div>
				</li>
				
				
				<li class='test displayed active  pass' status='pass' bdd='false' test-id='31'>
					<div class='test-heading'>
						<span class='test-name'>To verify the selection of past dates are not allowed in the Date picker.</span>
						<span class='test-time'>07-10-2020 22:17:11 PM</span>
						<span class='test-status right pass'>pass</span>
					</div>
					<div class='test-content hide'>
<div class='test-time-info'>
	<span class='label start-time'>07-10-2020 22:17:11 PM</span>
	<span class='label end-time'>07-10-2020 22:18:59 PM</span>
	<span class='label time-taken grey lighten-1 white-text'>0h 1m 47s+273ms</span>
</div>
	<div class='test-attributes'>
			<div class='category-list'>
				<span class='category label white-text'>SRPTestCases</span>
			</div>
	</div>
	<div class='test-steps'>
		<table class='bordered table-results'>
			<thead>
				<tr>
					<th>Status</th>
					<th>Timestamp</th>
					<th>Details</th>
				</tr>
			</thead>
			<tbody>
				<tr class='log' status='pass'>
					<td class='status pass' title='pass' alt='pass'><i class='material-icons'>check_circle</i></td>
					<td class='timestamp'>11:46:41 PM</td>
					<td class='step-details'><font colour=#00af00>PASS</font></td>
				</tr>
				<tr class='log' status='info'>
					<td class='status info' title='info' alt='info'><i class='material-icons'>info_outline</i></td>
					<td class='timestamp'>11:46:41 PM</td>
					<td class='step-details'>TEST DESCRIPTION= [To verify the selection of past dates are not allowed in the Date picker.]</td>
				</tr>
			</tbody>
		</table>
	</div>
					</div>
				</li>
				
				
				<li class='test displayed active  pass' status='pass' bdd='false' test-id='32'>
					<div class='test-heading'>
						<span class='test-name'>To verify the stock information displayed for any selected date.</span>
						<span class='test-time'>07-10-2020 22:19:04 PM</span>
						<span class='test-status right pass'>pass</span>
					</div>
					<div class='test-content hide'>
<div class='test-time-info'>
	<span class='label start-time'>07-10-2020 22:19:04 PM</span>
	<span class='label end-time'>07-10-2020 22:20:56 PM</span>
	<span class='label time-taken grey lighten-1 white-text'>0h 1m 52s+745ms</span>
</div>
	<div class='test-attributes'>
			<div class='category-list'>
				<span class='category label white-text'>SRPTestCases</span>
			</div>
	</div>
	<div class='test-steps'>
		<table class='bordered table-results'>
			<thead>
				<tr>
					<th>Status</th>
					<th>Timestamp</th>
					<th>Details</th>
				</tr>
			</thead>
			<tbody>
				<tr class='log' status='pass'>
					<td class='status pass' title='pass' alt='pass'><i class='material-icons'>check_circle</i></td>
					<td class='timestamp'>11:46:41 PM</td>
					<td class='step-details'><font colour=#00af00>PASS</font></td>
				</tr>
				<tr class='log' status='info'>
					<td class='status info' title='info' alt='info'><i class='material-icons'>info_outline</i></td>
					<td class='timestamp'>11:46:41 PM</td>
					<td class='step-details'>TEST DESCRIPTION= [To verify the stock information displayed for any selected date.]</td>
				</tr>
			</tbody>
		</table>
	</div>
					</div>
				</li>
				
				
				<li class='test displayed active  pass' status='pass' bdd='false' test-id='33'>
					<div class='test-heading'>
						<span class='test-name'>To verify the functionality of OK CTA displayed on the Popup.</span>
						<span class='test-time'>07-10-2020 22:21:02 PM</span>
						<span class='test-status right pass'>pass</span>
					</div>
					<div class='test-content hide'>
<div class='test-time-info'>
	<span class='label start-time'>07-10-2020 22:21:02 PM</span>
	<span class='label end-time'>07-10-2020 22:23:07 PM</span>
	<span class='label time-taken grey lighten-1 white-text'>0h 2m 5s+440ms</span>
</div>
	<div class='test-attributes'>
			<div class='category-list'>
				<span class='category label white-text'>SRPTestCases</span>
			</div>
	</div>
	<div class='test-steps'>
		<table class='bordered table-results'>
			<thead>
				<tr>
					<th>Status</th>
					<th>Timestamp</th>
					<th>Details</th>
				</tr>
			</thead>
			<tbody>
				<tr class='log' status='pass'>
					<td class='status pass' title='pass' alt='pass'><i class='material-icons'>check_circle</i></td>
					<td class='timestamp'>11:46:41 PM</td>
					<td class='step-details'><font colour=#00af00>PASS</font></td>
				</tr>
				<tr class='log' status='info'>
					<td class='status info' title='info' alt='info'><i class='material-icons'>info_outline</i></td>
					<td class='timestamp'>11:46:41 PM</td>
					<td class='step-details'>TEST DESCRIPTION= [To verify the functionality of OK CTA displayed on the Popup.]</td>
				</tr>
			</tbody>
		</table>
	</div>
					</div>
				</li>
				
				
				<li class='test displayed active  pass' status='pass' bdd='false' test-id='34'>
					<div class='test-heading'>
						<span class='test-name'>To verify the functionality of Check ETA button in SRP</span>
						<span class='test-time'>07-10-2020 22:23:12 PM</span>
						<span class='test-status right pass'>pass</span>
					</div>
					<div class='test-content hide'>
<div class='test-time-info'>
	<span class='label start-time'>07-10-2020 22:23:12 PM</span>
	<span class='label end-time'>07-10-2020 22:24:45 PM</span>
	<span class='label time-taken grey lighten-1 white-text'>0h 1m 32s+410ms</span>
</div>
	<div class='test-attributes'>
			<div class='category-list'>
				<span class='category label white-text'>SRPTestCases</span>
			</div>
	</div>
	<div class='test-steps'>
		<table class='bordered table-results'>
			<thead>
				<tr>
					<th>Status</th>
					<th>Timestamp</th>
					<th>Details</th>
				</tr>
			</thead>
			<tbody>
				<tr class='log' status='pass'>
					<td class='status pass' title='pass' alt='pass'><i class='material-icons'>check_circle</i></td>
					<td class='timestamp'>11:46:41 PM</td>
					<td class='step-details'><font colour=#00af00>PASS</font></td>
				</tr>
				<tr class='log' status='info'>
					<td class='status info' title='info' alt='info'><i class='material-icons'>info_outline</i></td>
					<td class='timestamp'>11:46:41 PM</td>
					<td class='step-details'>TEST DESCRIPTION= [To verify the functionality of Check ETA button in SRP]</td>
				</tr>
			</tbody>
		</table>
	</div>
					</div>
				</li>
				
				
				<li class='test displayed active  fail' status='fail' bdd='false' test-id='35'>
					<div class='test-heading'>
						<span class='test-name'>To verify the navigation functionality from SRP tp PDP</span>
						<span class='test-time'>07-10-2020 22:27:37 PM</span>
						<span class='test-status right fail'>fail</span>
					</div>
					<div class='test-content hide'>
<div class='test-time-info'>
	<span class='label start-time'>07-10-2020 22:27:37 PM</span>
	<span class='label end-time'>07-10-2020 22:28:54 PM</span>
	<span class='label time-taken grey lighten-1 white-text'>0h 1m 16s+914ms</span>
</div>
	<div class='test-attributes'>
			<div class='category-list'>
				<span class='category label white-text'>SRPTestCases</span>
			</div>
	</div>
	<div class='test-steps'>
		<table class='bordered table-results'>
			<thead>
				<tr>
					<th>Status</th>
					<th>Timestamp</th>
					<th>Details</th>
				</tr>
			</thead>
			<tbody>
				<tr class='log' status='fail'>
					<td class='status fail' title='fail' alt='fail'><i class='material-icons'>cancel</i></td>
					<td class='timestamp'>11:46:41 PM</td>
					<td class='step-details'><font colour=#F7464A>FAIL</font></td>
				</tr>
				<tr class='log' status='info'>
					<td class='status info' title='info' alt='info'><i class='material-icons'>info_outline</i></td>
					<td class='timestamp'>11:46:41 PM</td>
					<td class='step-details'>TEST DESCRIPTION= [To verify the navigation functionality from SRP tp PDP]</td>
				</tr>
				<tr class='log' status='info'>
					<td class='status info' title='info' alt='info'><i class='material-icons'>info_outline</i></td>
					<td class='timestamp'>11:46:41 PM</td>
					<td class='step-details'>EXCEPTION = [<font colour=#F7464A>expected [true] but found [false]</font>]</td>
				</tr>
				<tr class='log' status='info'>
					<td class='status info' title='info' alt='info'><i class='material-icons'>info_outline</i></td>
					<td class='timestamp'>11:46:41 PM</td>
					<td class='step-details'>SCREENSHOT<img data-featherlight='C:\Users\pankajkumar.y\Documents\Workspace 2\HillsProd//test-output//screenshots//verifyNavigationFromPLPToPDP.png' width='10%' src='C:\Users\pankajkumar.y\Documents\Workspace 2\HillsProd//test-output//screenshots//verifyNavigationFromPLPToPDP.png' data-src='C:\Users\pankajkumar.y\Documents\Workspace 2\HillsProd//test-output//screenshots//verifyNavigationFromPLPToPDP.png'></td>
				</tr>
				<tr class='log' status='info'>
					<td class='status info' title='info' alt='info'><i class='material-icons'>info_outline</i></td>
					<td class='timestamp'>11:46:41 PM</td>
					<td class='step-details'>STACKTRACE <br/>
java.lang.AssertionError: expected [true] but found [false]<br/>
	at org.testng.Assert.fail(Assert.java:96)<br/>
	at org.testng.Assert.failNotEquals(Assert.java:776)<br/>
	at org.testng.Assert.assertTrue(Assert.java:44)<br/>
	at org.testng.Assert.assertTrue(Assert.java:54)<br/>
	at com.modules.LoginActions.clickLoginAndValidation(LoginActions.java:107)<br/>
	at com.modules.LoginActions.emailAndPassword(LoginActions.java:95)<br/>
	at com.modules.LoginActions.verifyLoginCashUserSAAU(LoginActions.java:15)<br/>
	at com.modules.PLPActions.pageSwitcher(PLPActions.java:153)<br/>
	at com.modules.PLPActions.verifyNavigationFromPLPToPDP(PLPActions.java:132)<br/>
	at com.testCases.SRPTestCases.verifyNavigationFromPLPToPDP(SRPTestCases.java:45)<br/>
	at java.base/jdk.internal.reflect.NativeMethodAccessorImpl.invoke0(Native Method)<br/>
	at java.base/jdk.internal.reflect.NativeMethodAccessorImpl.invoke(NativeMethodAccessorImpl.java:62)<br/>
	at java.base/jdk.internal.reflect.DelegatingMethodAccessorImpl.invoke(DelegatingMethodAccessorImpl.java:43)<br/>
	at java.base/java.lang.reflect.Method.invoke(Method.java:564)<br/>
	at org.testng.internal.MethodInvocationHelper.invokeMethod(MethodInvocationHelper.java:124)<br/>
	at org.testng.internal.Invoker.invokeMethod(Invoker.java:580)<br/>
	at org.testng.internal.Invoker.retryFailed(Invoker.java:838)<br/>
	at org.testng.internal.Invoker.invokeTestMethods(Invoker.java:1009)<br/>
	at org.testng.internal.TestMethodWorker.invokeTestMethods(TestMethodWorker.java:125)<br/>
	at org.testng.internal.TestMethodWorker.run(TestMethodWorker.java:109)<br/>
	at org.testng.TestRunner.privateRun(TestRunner.java:648)<br/>
	at org.testng.TestRunner.run(TestRunner.java:505)<br/>
	at org.testng.SuiteRunner.runTest(SuiteRunner.java:455)<br/>
	at org.testng.SuiteRunner.access$000(SuiteRunner.java:40)<br/>
	at org.testng.SuiteRunner$SuiteWorker.run(SuiteRunner.java:489)<br/>
	at org.testng.internal.thread.ThreadUtil$1.call(ThreadUtil.java:52)<br/>
	at java.base/java.util.concurrent.FutureTask.run(FutureTask.java:264)<br/>
	at java.base/java.util.concurrent.ThreadPoolExecutor.runWorker(ThreadPoolExecutor.java:1130)<br/>
	at java.base/java.util.concurrent.ThreadPoolExecutor$Worker.run(ThreadPoolExecutor.java:630)<br/>
	at java.base/java.lang.Thread.run(Thread.java:832)<br/></td>
				</tr>
			</tbody>
		</table>
	</div>
					</div>
				</li>
				
				
				<li class='test displayed active  pass' status='pass' bdd='false' test-id='36'>
					<div class='test-heading'>
						<span class='test-name'>verify add to cart functionality</span>
						<span class='test-time'>07-10-2020 22:30:00 PM</span>
						<span class='test-status right pass'>pass</span>
					</div>
					<div class='test-content hide'>
<div class='test-time-info'>
	<span class='label start-time'>07-10-2020 22:30:00 PM</span>
	<span class='label end-time'>07-10-2020 22:31:33 PM</span>
	<span class='label time-taken grey lighten-1 white-text'>0h 1m 33s+405ms</span>
</div>
	<div class='test-attributes'>
			<div class='category-list'>
				<span class='category label white-text'>SRPTestCases</span>
			</div>
	</div>
	<div class='test-steps'>
		<table class='bordered table-results'>
			<thead>
				<tr>
					<th>Status</th>
					<th>Timestamp</th>
					<th>Details</th>
				</tr>
			</thead>
			<tbody>
				<tr class='log' status='pass'>
					<td class='status pass' title='pass' alt='pass'><i class='material-icons'>check_circle</i></td>
					<td class='timestamp'>11:46:41 PM</td>
					<td class='step-details'><font colour=#00af00>PASS</font></td>
				</tr>
				<tr class='log' status='info'>
					<td class='status info' title='info' alt='info'><i class='material-icons'>info_outline</i></td>
					<td class='timestamp'>11:46:41 PM</td>
					<td class='step-details'>TEST DESCRIPTION= [verify add to cart functionality]</td>
				</tr>
			</tbody>
		</table>
	</div>
					</div>
				</li>
				
				
				<li class='test displayed active  fail' status='fail' bdd='false' test-id='37'>
					<div class='test-heading'>
						<span class='test-name'>To verify navigation to PLP from megamenu layover</span>
						<span class='test-time'>07-10-2020 22:34:21 PM</span>
						<span class='test-status right fail'>fail</span>
					</div>
					<div class='test-content hide'>
<div class='test-time-info'>
	<span class='label start-time'>07-10-2020 22:34:21 PM</span>
	<span class='label end-time'>07-10-2020 22:35:53 PM</span>
	<span class='label time-taken grey lighten-1 white-text'>0h 1m 31s+527ms</span>
</div>
	<div class='test-attributes'>
			<div class='category-list'>
				<span class='category label white-text'>HeaderTestCases</span>
			</div>
	</div>
	<div class='test-steps'>
		<table class='bordered table-results'>
			<thead>
				<tr>
					<th>Status</th>
					<th>Timestamp</th>
					<th>Details</th>
				</tr>
			</thead>
			<tbody>
				<tr class='log' status='fail'>
					<td class='status fail' title='fail' alt='fail'><i class='material-icons'>cancel</i></td>
					<td class='timestamp'>11:46:41 PM</td>
					<td class='step-details'><font colour=#F7464A>FAIL</font></td>
				</tr>
				<tr class='log' status='info'>
					<td class='status info' title='info' alt='info'><i class='material-icons'>info_outline</i></td>
					<td class='timestamp'>11:46:41 PM</td>
					<td class='step-details'>TEST DESCRIPTION= [To verify navigation to PLP from megamenu layover]</td>
				</tr>
				<tr class='log' status='info'>
					<td class='status info' title='info' alt='info'><i class='material-icons'>info_outline</i></td>
					<td class='timestamp'>11:46:41 PM</td>
					<td class='step-details'>EXCEPTION = [<font colour=#F7464A>TypeError: rect is undefined
Build info: version: '3.7.1', revision: '8a0099a', time: '2017-11-06T21:07:31.527Z'
System info: host: 'ECH-LPT-356', ip: '192.168.1.2', os.name: 'Windows 10', os.arch: 'amd64', os.version: '10.0', java.version: '14.0.1'
Driver info: org.openqa.selenium.firefox.FirefoxDriver
Capabilities {acceptInsecureCerts: true, browserName: firefox, browserVersion: 78.0.2, javascriptEnabled: true, moz:accessibilityChecks: false, moz:buildID: 20200708170202, moz:geckodriverVersion: 0.23.0, moz:headless: false, moz:processID: 16012, moz:profile: C:\Users\pankajkumar.y\AppD..., moz:shutdownTimeout: 60000, moz:useNonSpecCompliantPointerOrigin: false, moz:webdriverClick: true, pageLoadStrategy: normal, platform: WINDOWS, platformName: WINDOWS, platformVersion: 10.0, rotatable: false, setWindowRect: true, strictFileInteractability: false, timeouts: {implicit: 0, pageLoad: 300000, script: 30000}, unhandledPromptBehavior: dismiss and notify}
Session ID: 5f05c977-c4d6-45f4-90af-e1246ef9ae07</font>]</td>
				</tr>
				<tr class='log' status='info'>
					<td class='status info' title='info' alt='info'><i class='material-icons'>info_outline</i></td>
					<td class='timestamp'>11:46:41 PM</td>
					<td class='step-details'>SCREENSHOT<img data-featherlight='C:\Users\pankajkumar.y\Documents\Workspace 2\HillsProd//test-output//screenshots//verifynavigationToPLP_SA_AU.png' width='10%' src='C:\Users\pankajkumar.y\Documents\Workspace 2\HillsProd//test-output//screenshots//verifynavigationToPLP_SA_AU.png' data-src='C:\Users\pankajkumar.y\Documents\Workspace 2\HillsProd//test-output//screenshots//verifynavigationToPLP_SA_AU.png'></td>
				</tr>
				<tr class='log' status='info'>
					<td class='status info' title='info' alt='info'><i class='material-icons'>info_outline</i></td>
					<td class='timestamp'>11:46:41 PM</td>
					<td class='step-details'>STACKTRACE <br/>
org.openqa.selenium.WebDriverException: TypeError: rect is undefined
Build info: version: '3.7.1', revision: '8a0099a', time: '2017-11-06T21:07:31.527Z'
System info: host: 'ECH-LPT-356', ip: '192.168.1.2', os.name: 'Windows 10', os.arch: 'amd64', os.version: '10.0', java.version: '14.0.1'
Driver info: org.openqa.selenium.firefox.FirefoxDriver
Capabilities {acceptInsecureCerts: true, browserName: firefox, browserVersion: 78.0.2, javascriptEnabled: true, moz:accessibilityChecks: false, moz:buildID: 20200708170202, moz:geckodriverVersion: 0.23.0, moz:headless: false, moz:processID: 16012, moz:profile: C:\Users\pankajkumar.y\AppD..., moz:shutdownTimeout: 60000, moz:useNonSpecCompliantPointerOrigin: false, moz:webdriverClick: true, pageLoadStrategy: normal, platform: WINDOWS, platformName: WINDOWS, platformVersion: 10.0, rotatable: false, setWindowRect: true, strictFileInteractability: false, timeouts: {implicit: 0, pageLoad: 300000, script: 30000}, unhandledPromptBehavior: dismiss and notify}
Session ID: 5f05c977-c4d6-45f4-90af-e1246ef9ae07<br/>
	at java.base/jdk.internal.reflect.NativeConstructorAccessorImpl.newInstance0(Native Method)<br/>
	at java.base/jdk.internal.reflect.NativeConstructorAccessorImpl.newInstance(NativeConstructorAccessorImpl.java:62)<br/>
	at java.base/jdk.internal.reflect.DelegatingConstructorAccessorImpl.newInstance(DelegatingConstructorAccessorImpl.java:45)<br/>
	at java.base/java.lang.reflect.Constructor.newInstanceWithCaller(Constructor.java:500)<br/>
	at java.base/java.lang.reflect.Constructor.newInstance(Constructor.java:481)<br/>
	at org.openqa.selenium.remote.http.W3CHttpResponseCodec.createException(W3CHttpResponseCodec.java:187)<br/>
	at org.openqa.selenium.remote.http.W3CHttpResponseCodec.decode(W3CHttpResponseCodec.java:122)<br/>
	at org.openqa.selenium.remote.http.W3CHttpResponseCodec.decode(W3CHttpResponseCodec.java:49)<br/>
	at org.openqa.selenium.remote.HttpCommandExecutor.execute(HttpCommandExecutor.java:164)<br/>
	at org.openqa.selenium.remote.service.DriverCommandExecutor.execute(DriverCommandExecutor.java:83)<br/>
	at org.openqa.selenium.remote.RemoteWebDriver.execute(RemoteWebDriver.java:600)<br/>
	at org.openqa.selenium.remote.RemoteWebDriver.perform(RemoteWebDriver.java:666)<br/>
	at org.openqa.selenium.interactions.Actions$BuiltAction.perform(Actions.java:638)<br/>
	at org.openqa.selenium.interactions.Actions.perform(Actions.java:594)<br/>
	at com.utility.WebdriverUtils.clickAction(WebdriverUtils.java:667)<br/>
	at com.modules.HeaderActions.Login_OK_Buttons(HeaderActions.java:14)<br/>
	at com.modules.HeaderActions.verifynavigationToPLP_SA_AU(HeaderActions.java:29)<br/>
	at com.testCases.HeaderTestCases.verifynavigationToPLP_SA_AU(HeaderTestCases.java:15)<br/>
	at java.base/jdk.internal.reflect.NativeMethodAccessorImpl.invoke0(Native Method)<br/>
	at java.base/jdk.internal.reflect.NativeMethodAccessorImpl.invoke(NativeMethodAccessorImpl.java:62)<br/>
	at java.base/jdk.internal.reflect.DelegatingMethodAccessorImpl.invoke(DelegatingMethodAccessorImpl.java:43)<br/>
	at java.base/java.lang.reflect.Method.invoke(Method.java:564)<br/>
	at org.testng.internal.MethodInvocationHelper.invokeMethod(MethodInvocationHelper.java:124)<br/>
	at org.testng.internal.Invoker.invokeMethod(Invoker.java:580)<br/>
	at org.testng.internal.Invoker.retryFailed(Invoker.java:838)<br/>
	at org.testng.internal.Invoker.invokeTestMethods(Invoker.java:1009)<br/>
	at org.testng.internal.TestMethodWorker.invokeTestMethods(TestMethodWorker.java:125)<br/>
	at org.testng.internal.TestMethodWorker.run(TestMethodWorker.java:109)<br/>
	at org.testng.TestRunner.privateRun(TestRunner.java:648)<br/>
	at org.testng.TestRunner.run(TestRunner.java:505)<br/>
	at org.testng.SuiteRunner.runTest(SuiteRunner.java:455)<br/>
	at org.testng.SuiteRunner.access$000(SuiteRunner.java:40)<br/>
	at org.testng.SuiteRunner$SuiteWorker.run(SuiteRunner.java:489)<br/>
	at org.testng.internal.thread.ThreadUtil$1.call(ThreadUtil.java:52)<br/>
	at java.base/java.util.concurrent.FutureTask.run(FutureTask.java:264)<br/>
	at java.base/java.util.concurrent.ThreadPoolExecutor.runWorker(ThreadPoolExecutor.java:1130)<br/>
	at java.base/java.util.concurrent.ThreadPoolExecutor$Worker.run(ThreadPoolExecutor.java:630)<br/>
	at java.base/java.lang.Thread.run(Thread.java:832)<br/></td>
				</tr>
			</tbody>
		</table>
	</div>
					</div>
				</li>
				
				
				<li class='test displayed active  fail' status='fail' bdd='false' test-id='38'>
					<div class='test-heading'>
						<span class='test-name'>To verify navigation to PLP from megamenu layover</span>
						<span class='test-time'>07-10-2020 22:39:13 PM</span>
						<span class='test-status right fail'>fail</span>
					</div>
					<div class='test-content hide'>
<div class='test-time-info'>
	<span class='label start-time'>07-10-2020 22:39:13 PM</span>
	<span class='label end-time'>07-10-2020 22:40:43 PM</span>
	<span class='label time-taken grey lighten-1 white-text'>0h 1m 30s+299ms</span>
</div>
	<div class='test-attributes'>
			<div class='category-list'>
				<span class='category label white-text'>HeaderTestCases</span>
			</div>
	</div>
	<div class='test-steps'>
		<table class='bordered table-results'>
			<thead>
				<tr>
					<th>Status</th>
					<th>Timestamp</th>
					<th>Details</th>
				</tr>
			</thead>
			<tbody>
				<tr class='log' status='fail'>
					<td class='status fail' title='fail' alt='fail'><i class='material-icons'>cancel</i></td>
					<td class='timestamp'>11:46:41 PM</td>
					<td class='step-details'><font colour=#F7464A>FAIL</font></td>
				</tr>
				<tr class='log' status='info'>
					<td class='status info' title='info' alt='info'><i class='material-icons'>info_outline</i></td>
					<td class='timestamp'>11:46:41 PM</td>
					<td class='step-details'>TEST DESCRIPTION= [To verify navigation to PLP from megamenu layover]</td>
				</tr>
				<tr class='log' status='info'>
					<td class='status info' title='info' alt='info'><i class='material-icons'>info_outline</i></td>
					<td class='timestamp'>11:46:41 PM</td>
					<td class='step-details'>EXCEPTION = [<font colour=#F7464A>TypeError: rect is undefined
Build info: version: '3.7.1', revision: '8a0099a', time: '2017-11-06T21:07:31.527Z'
System info: host: 'ECH-LPT-356', ip: '192.168.1.2', os.name: 'Windows 10', os.arch: 'amd64', os.version: '10.0', java.version: '14.0.1'
Driver info: org.openqa.selenium.firefox.FirefoxDriver
Capabilities {acceptInsecureCerts: true, browserName: firefox, browserVersion: 78.0.2, javascriptEnabled: true, moz:accessibilityChecks: false, moz:buildID: 20200708170202, moz:geckodriverVersion: 0.23.0, moz:headless: false, moz:processID: 6676, moz:profile: C:\Users\pankajkumar.y\AppD..., moz:shutdownTimeout: 60000, moz:useNonSpecCompliantPointerOrigin: false, moz:webdriverClick: true, pageLoadStrategy: normal, platform: WINDOWS, platformName: WINDOWS, platformVersion: 10.0, rotatable: false, setWindowRect: true, strictFileInteractability: false, timeouts: {implicit: 0, pageLoad: 300000, script: 30000}, unhandledPromptBehavior: dismiss and notify}
Session ID: 370e0116-c559-42a5-a6b6-30f8dfeb9092</font>]</td>
				</tr>
				<tr class='log' status='info'>
					<td class='status info' title='info' alt='info'><i class='material-icons'>info_outline</i></td>
					<td class='timestamp'>11:46:41 PM</td>
					<td class='step-details'>SCREENSHOT<img data-featherlight='C:\Users\pankajkumar.y\Documents\Workspace 2\HillsProd//test-output//screenshots//verifynavigationToPLP_SA_NZ.png' width='10%' src='C:\Users\pankajkumar.y\Documents\Workspace 2\HillsProd//test-output//screenshots//verifynavigationToPLP_SA_NZ.png' data-src='C:\Users\pankajkumar.y\Documents\Workspace 2\HillsProd//test-output//screenshots//verifynavigationToPLP_SA_NZ.png'></td>
				</tr>
				<tr class='log' status='info'>
					<td class='status info' title='info' alt='info'><i class='material-icons'>info_outline</i></td>
					<td class='timestamp'>11:46:41 PM</td>
					<td class='step-details'>STACKTRACE <br/>
org.openqa.selenium.WebDriverException: TypeError: rect is undefined
Build info: version: '3.7.1', revision: '8a0099a', time: '2017-11-06T21:07:31.527Z'
System info: host: 'ECH-LPT-356', ip: '192.168.1.2', os.name: 'Windows 10', os.arch: 'amd64', os.version: '10.0', java.version: '14.0.1'
Driver info: org.openqa.selenium.firefox.FirefoxDriver
Capabilities {acceptInsecureCerts: true, browserName: firefox, browserVersion: 78.0.2, javascriptEnabled: true, moz:accessibilityChecks: false, moz:buildID: 20200708170202, moz:geckodriverVersion: 0.23.0, moz:headless: false, moz:processID: 6676, moz:profile: C:\Users\pankajkumar.y\AppD..., moz:shutdownTimeout: 60000, moz:useNonSpecCompliantPointerOrigin: false, moz:webdriverClick: true, pageLoadStrategy: normal, platform: WINDOWS, platformName: WINDOWS, platformVersion: 10.0, rotatable: false, setWindowRect: true, strictFileInteractability: false, timeouts: {implicit: 0, pageLoad: 300000, script: 30000}, unhandledPromptBehavior: dismiss and notify}
Session ID: 370e0116-c559-42a5-a6b6-30f8dfeb9092<br/>
	at java.base/jdk.internal.reflect.NativeConstructorAccessorImpl.newInstance0(Native Method)<br/>
	at java.base/jdk.internal.reflect.NativeConstructorAccessorImpl.newInstance(NativeConstructorAccessorImpl.java:62)<br/>
	at java.base/jdk.internal.reflect.DelegatingConstructorAccessorImpl.newInstance(DelegatingConstructorAccessorImpl.java:45)<br/>
	at java.base/java.lang.reflect.Constructor.newInstanceWithCaller(Constructor.java:500)<br/>
	at java.base/java.lang.reflect.Constructor.newInstance(Constructor.java:481)<br/>
	at org.openqa.selenium.remote.http.W3CHttpResponseCodec.createException(W3CHttpResponseCodec.java:187)<br/>
	at org.openqa.selenium.remote.http.W3CHttpResponseCodec.decode(W3CHttpResponseCodec.java:122)<br/>
	at org.openqa.selenium.remote.http.W3CHttpResponseCodec.decode(W3CHttpResponseCodec.java:49)<br/>
	at org.openqa.selenium.remote.HttpCommandExecutor.execute(HttpCommandExecutor.java:164)<br/>
	at org.openqa.selenium.remote.service.DriverCommandExecutor.execute(DriverCommandExecutor.java:83)<br/>
	at org.openqa.selenium.remote.RemoteWebDriver.execute(RemoteWebDriver.java:600)<br/>
	at org.openqa.selenium.remote.RemoteWebDriver.perform(RemoteWebDriver.java:666)<br/>
	at org.openqa.selenium.interactions.Actions$BuiltAction.perform(Actions.java:638)<br/>
	at org.openqa.selenium.interactions.Actions.perform(Actions.java:594)<br/>
	at com.utility.WebdriverUtils.clickAction(WebdriverUtils.java:667)<br/>
	at com.modules.HeaderActions.Login_OK_Buttons(HeaderActions.java:14)<br/>
	at com.modules.HeaderActions.verifynavigationToPLP_SA_NZ(HeaderActions.java:36)<br/>
	at com.testCases.HeaderTestCases.verifynavigationToPLP_SA_NZ(HeaderTestCases.java:21)<br/>
	at java.base/jdk.internal.reflect.NativeMethodAccessorImpl.invoke0(Native Method)<br/>
	at java.base/jdk.internal.reflect.NativeMethodAccessorImpl.invoke(NativeMethodAccessorImpl.java:62)<br/>
	at java.base/jdk.internal.reflect.DelegatingMethodAccessorImpl.invoke(DelegatingMethodAccessorImpl.java:43)<br/>
	at java.base/java.lang.reflect.Method.invoke(Method.java:564)<br/>
	at org.testng.internal.MethodInvocationHelper.invokeMethod(MethodInvocationHelper.java:124)<br/>
	at org.testng.internal.Invoker.invokeMethod(Invoker.java:580)<br/>
	at org.testng.internal.Invoker.retryFailed(Invoker.java:838)<br/>
	at org.testng.internal.Invoker.invokeTestMethods(Invoker.java:1009)<br/>
	at org.testng.internal.TestMethodWorker.invokeTestMethods(TestMethodWorker.java:125)<br/>
	at org.testng.internal.TestMethodWorker.run(TestMethodWorker.java:109)<br/>
	at org.testng.TestRunner.privateRun(TestRunner.java:648)<br/>
	at org.testng.TestRunner.run(TestRunner.java:505)<br/>
	at org.testng.SuiteRunner.runTest(SuiteRunner.java:455)<br/>
	at org.testng.SuiteRunner.access$000(SuiteRunner.java:40)<br/>
	at org.testng.SuiteRunner$SuiteWorker.run(SuiteRunner.java:489)<br/>
	at org.testng.internal.thread.ThreadUtil$1.call(ThreadUtil.java:52)<br/>
	at java.base/java.util.concurrent.FutureTask.run(FutureTask.java:264)<br/>
	at java.base/java.util.concurrent.ThreadPoolExecutor.runWorker(ThreadPoolExecutor.java:1130)<br/>
	at java.base/java.util.concurrent.ThreadPoolExecutor$Worker.run(ThreadPoolExecutor.java:630)<br/>
	at java.base/java.lang.Thread.run(Thread.java:832)<br/></td>
				</tr>
			</tbody>
		</table>
	</div>
					</div>
				</li>
				
				
				<li class='test displayed active  fail' status='fail' bdd='false' test-id='39'>
					<div class='test-heading'>
						<span class='test-name'>To verify navigation to PLP from megamenu layover</span>
						<span class='test-time'>07-10-2020 22:44:00 PM</span>
						<span class='test-status right fail'>fail</span>
					</div>
					<div class='test-content hide'>
<div class='test-time-info'>
	<span class='label start-time'>07-10-2020 22:44:00 PM</span>
	<span class='label end-time'>07-10-2020 22:45:31 PM</span>
	<span class='label time-taken grey lighten-1 white-text'>0h 1m 30s+908ms</span>
</div>
	<div class='test-attributes'>
			<div class='category-list'>
				<span class='category label white-text'>HeaderTestCases</span>
			</div>
	</div>
	<div class='test-steps'>
		<table class='bordered table-results'>
			<thead>
				<tr>
					<th>Status</th>
					<th>Timestamp</th>
					<th>Details</th>
				</tr>
			</thead>
			<tbody>
				<tr class='log' status='fail'>
					<td class='status fail' title='fail' alt='fail'><i class='material-icons'>cancel</i></td>
					<td class='timestamp'>11:46:41 PM</td>
					<td class='step-details'><font colour=#F7464A>FAIL</font></td>
				</tr>
				<tr class='log' status='info'>
					<td class='status info' title='info' alt='info'><i class='material-icons'>info_outline</i></td>
					<td class='timestamp'>11:46:41 PM</td>
					<td class='step-details'>TEST DESCRIPTION= [To verify navigation to PLP from megamenu layover]</td>
				</tr>
				<tr class='log' status='info'>
					<td class='status info' title='info' alt='info'><i class='material-icons'>info_outline</i></td>
					<td class='timestamp'>11:46:41 PM</td>
					<td class='step-details'>EXCEPTION = [<font colour=#F7464A>TypeError: rect is undefined
Build info: version: '3.7.1', revision: '8a0099a', time: '2017-11-06T21:07:31.527Z'
System info: host: 'ECH-LPT-356', ip: '192.168.1.2', os.name: 'Windows 10', os.arch: 'amd64', os.version: '10.0', java.version: '14.0.1'
Driver info: org.openqa.selenium.firefox.FirefoxDriver
Capabilities {acceptInsecureCerts: true, browserName: firefox, browserVersion: 78.0.2, javascriptEnabled: true, moz:accessibilityChecks: false, moz:buildID: 20200708170202, moz:geckodriverVersion: 0.23.0, moz:headless: false, moz:processID: 304, moz:profile: C:\Users\pankajkumar.y\AppD..., moz:shutdownTimeout: 60000, moz:useNonSpecCompliantPointerOrigin: false, moz:webdriverClick: true, pageLoadStrategy: normal, platform: WINDOWS, platformName: WINDOWS, platformVersion: 10.0, rotatable: false, setWindowRect: true, strictFileInteractability: false, timeouts: {implicit: 0, pageLoad: 300000, script: 30000}, unhandledPromptBehavior: dismiss and notify}
Session ID: 5a78c7f9-097f-4ef0-ac04-2425a67fc854</font>]</td>
				</tr>
				<tr class='log' status='info'>
					<td class='status info' title='info' alt='info'><i class='material-icons'>info_outline</i></td>
					<td class='timestamp'>11:46:41 PM</td>
					<td class='step-details'>SCREENSHOT<img data-featherlight='C:\Users\pankajkumar.y\Documents\Workspace 2\HillsProd//test-output//screenshots//verifynavigationToPLP_PO_AU.png' width='10%' src='C:\Users\pankajkumar.y\Documents\Workspace 2\HillsProd//test-output//screenshots//verifynavigationToPLP_PO_AU.png' data-src='C:\Users\pankajkumar.y\Documents\Workspace 2\HillsProd//test-output//screenshots//verifynavigationToPLP_PO_AU.png'></td>
				</tr>
				<tr class='log' status='info'>
					<td class='status info' title='info' alt='info'><i class='material-icons'>info_outline</i></td>
					<td class='timestamp'>11:46:41 PM</td>
					<td class='step-details'>STACKTRACE <br/>
org.openqa.selenium.WebDriverException: TypeError: rect is undefined
Build info: version: '3.7.1', revision: '8a0099a', time: '2017-11-06T21:07:31.527Z'
System info: host: 'ECH-LPT-356', ip: '192.168.1.2', os.name: 'Windows 10', os.arch: 'amd64', os.version: '10.0', java.version: '14.0.1'
Driver info: org.openqa.selenium.firefox.FirefoxDriver
Capabilities {acceptInsecureCerts: true, browserName: firefox, browserVersion: 78.0.2, javascriptEnabled: true, moz:accessibilityChecks: false, moz:buildID: 20200708170202, moz:geckodriverVersion: 0.23.0, moz:headless: false, moz:processID: 304, moz:profile: C:\Users\pankajkumar.y\AppD..., moz:shutdownTimeout: 60000, moz:useNonSpecCompliantPointerOrigin: false, moz:webdriverClick: true, pageLoadStrategy: normal, platform: WINDOWS, platformName: WINDOWS, platformVersion: 10.0, rotatable: false, setWindowRect: true, strictFileInteractability: false, timeouts: {implicit: 0, pageLoad: 300000, script: 30000}, unhandledPromptBehavior: dismiss and notify}
Session ID: 5a78c7f9-097f-4ef0-ac04-2425a67fc854<br/>
	at java.base/jdk.internal.reflect.NativeConstructorAccessorImpl.newInstance0(Native Method)<br/>
	at java.base/jdk.internal.reflect.NativeConstructorAccessorImpl.newInstance(NativeConstructorAccessorImpl.java:62)<br/>
	at java.base/jdk.internal.reflect.DelegatingConstructorAccessorImpl.newInstance(DelegatingConstructorAccessorImpl.java:45)<br/>
	at java.base/java.lang.reflect.Constructor.newInstanceWithCaller(Constructor.java:500)<br/>
	at java.base/java.lang.reflect.Constructor.newInstance(Constructor.java:481)<br/>
	at org.openqa.selenium.remote.http.W3CHttpResponseCodec.createException(W3CHttpResponseCodec.java:187)<br/>
	at org.openqa.selenium.remote.http.W3CHttpResponseCodec.decode(W3CHttpResponseCodec.java:122)<br/>
	at org.openqa.selenium.remote.http.W3CHttpResponseCodec.decode(W3CHttpResponseCodec.java:49)<br/>
	at org.openqa.selenium.remote.HttpCommandExecutor.execute(HttpCommandExecutor.java:164)<br/>
	at org.openqa.selenium.remote.service.DriverCommandExecutor.execute(DriverCommandExecutor.java:83)<br/>
	at org.openqa.selenium.remote.RemoteWebDriver.execute(RemoteWebDriver.java:600)<br/>
	at org.openqa.selenium.remote.RemoteWebDriver.perform(RemoteWebDriver.java:666)<br/>
	at org.openqa.selenium.interactions.Actions$BuiltAction.perform(Actions.java:638)<br/>
	at org.openqa.selenium.interactions.Actions.perform(Actions.java:594)<br/>
	at com.utility.WebdriverUtils.clickAction(WebdriverUtils.java:667)<br/>
	at com.modules.HeaderActions.Login_OK_Buttons(HeaderActions.java:14)<br/>
	at com.modules.HeaderActions.verifynavigationToPLP_PO_AU(HeaderActions.java:43)<br/>
	at com.testCases.HeaderTestCases.verifynavigationToPLP_PO_AU(HeaderTestCases.java:26)<br/>
	at java.base/jdk.internal.reflect.NativeMethodAccessorImpl.invoke0(Native Method)<br/>
	at java.base/jdk.internal.reflect.NativeMethodAccessorImpl.invoke(NativeMethodAccessorImpl.java:62)<br/>
	at java.base/jdk.internal.reflect.DelegatingMethodAccessorImpl.invoke(DelegatingMethodAccessorImpl.java:43)<br/>
	at java.base/java.lang.reflect.Method.invoke(Method.java:564)<br/>
	at org.testng.internal.MethodInvocationHelper.invokeMethod(MethodInvocationHelper.java:124)<br/>
	at org.testng.internal.Invoker.invokeMethod(Invoker.java:580)<br/>
	at org.testng.internal.Invoker.retryFailed(Invoker.java:838)<br/>
	at org.testng.internal.Invoker.invokeTestMethods(Invoker.java:1009)<br/>
	at org.testng.internal.TestMethodWorker.invokeTestMethods(TestMethodWorker.java:125)<br/>
	at org.testng.internal.TestMethodWorker.run(TestMethodWorker.java:109)<br/>
	at org.testng.TestRunner.privateRun(TestRunner.java:648)<br/>
	at org.testng.TestRunner.run(TestRunner.java:505)<br/>
	at org.testng.SuiteRunner.runTest(SuiteRunner.java:455)<br/>
	at org.testng.SuiteRunner.access$000(SuiteRunner.java:40)<br/>
	at org.testng.SuiteRunner$SuiteWorker.run(SuiteRunner.java:489)<br/>
	at org.testng.internal.thread.ThreadUtil$1.call(ThreadUtil.java:52)<br/>
	at java.base/java.util.concurrent.FutureTask.run(FutureTask.java:264)<br/>
	at java.base/java.util.concurrent.ThreadPoolExecutor.runWorker(ThreadPoolExecutor.java:1130)<br/>
	at java.base/java.util.concurrent.ThreadPoolExecutor$Worker.run(ThreadPoolExecutor.java:630)<br/>
	at java.base/java.lang.Thread.run(Thread.java:832)<br/></td>
				</tr>
			</tbody>
		</table>
	</div>
					</div>
				</li>
				
				
				<li class='test displayed active  fail' status='fail' bdd='false' test-id='40'>
					<div class='test-heading'>
						<span class='test-name'>To verify navigation to PLP from megamenu layover</span>
						<span class='test-time'>07-10-2020 22:48:25 PM</span>
						<span class='test-status right fail'>fail</span>
					</div>
					<div class='test-content hide'>
<div class='test-time-info'>
	<span class='label start-time'>07-10-2020 22:48:25 PM</span>
	<span class='label end-time'>07-10-2020 22:50:01 PM</span>
	<span class='label time-taken grey lighten-1 white-text'>0h 1m 35s+827ms</span>
</div>
	<div class='test-attributes'>
			<div class='category-list'>
				<span class='category label white-text'>HeaderTestCases</span>
			</div>
	</div>
	<div class='test-steps'>
		<table class='bordered table-results'>
			<thead>
				<tr>
					<th>Status</th>
					<th>Timestamp</th>
					<th>Details</th>
				</tr>
			</thead>
			<tbody>
				<tr class='log' status='fail'>
					<td class='status fail' title='fail' alt='fail'><i class='material-icons'>cancel</i></td>
					<td class='timestamp'>11:46:41 PM</td>
					<td class='step-details'><font colour=#F7464A>FAIL</font></td>
				</tr>
				<tr class='log' status='info'>
					<td class='status info' title='info' alt='info'><i class='material-icons'>info_outline</i></td>
					<td class='timestamp'>11:46:41 PM</td>
					<td class='step-details'>TEST DESCRIPTION= [To verify navigation to PLP from megamenu layover]</td>
				</tr>
				<tr class='log' status='info'>
					<td class='status info' title='info' alt='info'><i class='material-icons'>info_outline</i></td>
					<td class='timestamp'>11:46:41 PM</td>
					<td class='step-details'>EXCEPTION = [<font colour=#F7464A>TypeError: rect is undefined
Build info: version: '3.7.1', revision: '8a0099a', time: '2017-11-06T21:07:31.527Z'
System info: host: 'ECH-LPT-356', ip: '192.168.1.2', os.name: 'Windows 10', os.arch: 'amd64', os.version: '10.0', java.version: '14.0.1'
Driver info: org.openqa.selenium.firefox.FirefoxDriver
Capabilities {acceptInsecureCerts: true, browserName: firefox, browserVersion: 78.0.2, javascriptEnabled: true, moz:accessibilityChecks: false, moz:buildID: 20200708170202, moz:geckodriverVersion: 0.23.0, moz:headless: false, moz:processID: 16780, moz:profile: C:\Users\pankajkumar.y\AppD..., moz:shutdownTimeout: 60000, moz:useNonSpecCompliantPointerOrigin: false, moz:webdriverClick: true, pageLoadStrategy: normal, platform: WINDOWS, platformName: WINDOWS, platformVersion: 10.0, rotatable: false, setWindowRect: true, strictFileInteractability: false, timeouts: {implicit: 0, pageLoad: 300000, script: 30000}, unhandledPromptBehavior: dismiss and notify}
Session ID: f01bee7b-8149-4a76-bcd1-3e7a9aa99702</font>]</td>
				</tr>
				<tr class='log' status='info'>
					<td class='status info' title='info' alt='info'><i class='material-icons'>info_outline</i></td>
					<td class='timestamp'>11:46:41 PM</td>
					<td class='step-details'>SCREENSHOT<img data-featherlight='C:\Users\pankajkumar.y\Documents\Workspace 2\HillsProd//test-output//screenshots//verifynavigationToPLP_PO_NZ.png' width='10%' src='C:\Users\pankajkumar.y\Documents\Workspace 2\HillsProd//test-output//screenshots//verifynavigationToPLP_PO_NZ.png' data-src='C:\Users\pankajkumar.y\Documents\Workspace 2\HillsProd//test-output//screenshots//verifynavigationToPLP_PO_NZ.png'></td>
				</tr>
				<tr class='log' status='info'>
					<td class='status info' title='info' alt='info'><i class='material-icons'>info_outline</i></td>
					<td class='timestamp'>11:46:41 PM</td>
					<td class='step-details'>STACKTRACE <br/>
org.openqa.selenium.WebDriverException: TypeError: rect is undefined
Build info: version: '3.7.1', revision: '8a0099a', time: '2017-11-06T21:07:31.527Z'
System info: host: 'ECH-LPT-356', ip: '192.168.1.2', os.name: 'Windows 10', os.arch: 'amd64', os.version: '10.0', java.version: '14.0.1'
Driver info: org.openqa.selenium.firefox.FirefoxDriver
Capabilities {acceptInsecureCerts: true, browserName: firefox, browserVersion: 78.0.2, javascriptEnabled: true, moz:accessibilityChecks: false, moz:buildID: 20200708170202, moz:geckodriverVersion: 0.23.0, moz:headless: false, moz:processID: 16780, moz:profile: C:\Users\pankajkumar.y\AppD..., moz:shutdownTimeout: 60000, moz:useNonSpecCompliantPointerOrigin: false, moz:webdriverClick: true, pageLoadStrategy: normal, platform: WINDOWS, platformName: WINDOWS, platformVersion: 10.0, rotatable: false, setWindowRect: true, strictFileInteractability: false, timeouts: {implicit: 0, pageLoad: 300000, script: 30000}, unhandledPromptBehavior: dismiss and notify}
Session ID: f01bee7b-8149-4a76-bcd1-3e7a9aa99702<br/>
	at java.base/jdk.internal.reflect.NativeConstructorAccessorImpl.newInstance0(Native Method)<br/>
	at java.base/jdk.internal.reflect.NativeConstructorAccessorImpl.newInstance(NativeConstructorAccessorImpl.java:62)<br/>
	at java.base/jdk.internal.reflect.DelegatingConstructorAccessorImpl.newInstance(DelegatingConstructorAccessorImpl.java:45)<br/>
	at java.base/java.lang.reflect.Constructor.newInstanceWithCaller(Constructor.java:500)<br/>
	at java.base/java.lang.reflect.Constructor.newInstance(Constructor.java:481)<br/>
	at org.openqa.selenium.remote.http.W3CHttpResponseCodec.createException(W3CHttpResponseCodec.java:187)<br/>
	at org.openqa.selenium.remote.http.W3CHttpResponseCodec.decode(W3CHttpResponseCodec.java:122)<br/>
	at org.openqa.selenium.remote.http.W3CHttpResponseCodec.decode(W3CHttpResponseCodec.java:49)<br/>
	at org.openqa.selenium.remote.HttpCommandExecutor.execute(HttpCommandExecutor.java:164)<br/>
	at org.openqa.selenium.remote.service.DriverCommandExecutor.execute(DriverCommandExecutor.java:83)<br/>
	at org.openqa.selenium.remote.RemoteWebDriver.execute(RemoteWebDriver.java:600)<br/>
	at org.openqa.selenium.remote.RemoteWebDriver.perform(RemoteWebDriver.java:666)<br/>
	at org.openqa.selenium.interactions.Actions$BuiltAction.perform(Actions.java:638)<br/>
	at org.openqa.selenium.interactions.Actions.perform(Actions.java:594)<br/>
	at com.utility.WebdriverUtils.clickAction(WebdriverUtils.java:667)<br/>
	at com.modules.HeaderActions.Login_OK_Buttons(HeaderActions.java:14)<br/>
	at com.modules.HeaderActions.verifynavigationToPLP_PO_NZ(HeaderActions.java:50)<br/>
	at com.testCases.HeaderTestCases.verifynavigationToPLP_PO_NZ(HeaderTestCases.java:32)<br/>
	at java.base/jdk.internal.reflect.NativeMethodAccessorImpl.invoke0(Native Method)<br/>
	at java.base/jdk.internal.reflect.NativeMethodAccessorImpl.invoke(NativeMethodAccessorImpl.java:62)<br/>
	at java.base/jdk.internal.reflect.DelegatingMethodAccessorImpl.invoke(DelegatingMethodAccessorImpl.java:43)<br/>
	at java.base/java.lang.reflect.Method.invoke(Method.java:564)<br/>
	at org.testng.internal.MethodInvocationHelper.invokeMethod(MethodInvocationHelper.java:124)<br/>
	at org.testng.internal.Invoker.invokeMethod(Invoker.java:580)<br/>
	at org.testng.internal.Invoker.retryFailed(Invoker.java:838)<br/>
	at org.testng.internal.Invoker.invokeTestMethods(Invoker.java:1009)<br/>
	at org.testng.internal.TestMethodWorker.invokeTestMethods(TestMethodWorker.java:125)<br/>
	at org.testng.internal.TestMethodWorker.run(TestMethodWorker.java:109)<br/>
	at org.testng.TestRunner.privateRun(TestRunner.java:648)<br/>
	at org.testng.TestRunner.run(TestRunner.java:505)<br/>
	at org.testng.SuiteRunner.runTest(SuiteRunner.java:455)<br/>
	at org.testng.SuiteRunner.access$000(SuiteRunner.java:40)<br/>
	at org.testng.SuiteRunner$SuiteWorker.run(SuiteRunner.java:489)<br/>
	at org.testng.internal.thread.ThreadUtil$1.call(ThreadUtil.java:52)<br/>
	at java.base/java.util.concurrent.FutureTask.run(FutureTask.java:264)<br/>
	at java.base/java.util.concurrent.ThreadPoolExecutor.runWorker(ThreadPoolExecutor.java:1130)<br/>
	at java.base/java.util.concurrent.ThreadPoolExecutor$Worker.run(ThreadPoolExecutor.java:630)<br/>
	at java.base/java.lang.Thread.run(Thread.java:832)<br/></td>
				</tr>
			</tbody>
		</table>
	</div>
					</div>
				</li>
				
				
				<li class='test displayed active  fail' status='fail' bdd='false' test-id='41'>
					<div class='test-heading'>
						<span class='test-name'>To verify able to navigate to Contact us page on click of Contact Us link in th header</span>
						<span class='test-time'>07-10-2020 22:53:26 PM</span>
						<span class='test-status right fail'>fail</span>
					</div>
					<div class='test-content hide'>
<div class='test-time-info'>
	<span class='label start-time'>07-10-2020 22:53:26 PM</span>
	<span class='label end-time'>07-10-2020 22:54:57 PM</span>
	<span class='label time-taken grey lighten-1 white-text'>0h 1m 31s+113ms</span>
</div>
	<div class='test-attributes'>
			<div class='category-list'>
				<span class='category label white-text'>HeaderTestCases</span>
			</div>
	</div>
	<div class='test-steps'>
		<table class='bordered table-results'>
			<thead>
				<tr>
					<th>Status</th>
					<th>Timestamp</th>
					<th>Details</th>
				</tr>
			</thead>
			<tbody>
				<tr class='log' status='fail'>
					<td class='status fail' title='fail' alt='fail'><i class='material-icons'>cancel</i></td>
					<td class='timestamp'>11:46:41 PM</td>
					<td class='step-details'><font colour=#F7464A>FAIL</font></td>
				</tr>
				<tr class='log' status='info'>
					<td class='status info' title='info' alt='info'><i class='material-icons'>info_outline</i></td>
					<td class='timestamp'>11:46:41 PM</td>
					<td class='step-details'>TEST DESCRIPTION= [To verify able to navigate to Contact us page on click of Contact Us link in th header]</td>
				</tr>
				<tr class='log' status='info'>
					<td class='status info' title='info' alt='info'><i class='material-icons'>info_outline</i></td>
					<td class='timestamp'>11:46:41 PM</td>
					<td class='step-details'>EXCEPTION = [<font colour=#F7464A>TypeError: rect is undefined
Build info: version: '3.7.1', revision: '8a0099a', time: '2017-11-06T21:07:31.527Z'
System info: host: 'ECH-LPT-356', ip: '192.168.1.2', os.name: 'Windows 10', os.arch: 'amd64', os.version: '10.0', java.version: '14.0.1'
Driver info: org.openqa.selenium.firefox.FirefoxDriver
Capabilities {acceptInsecureCerts: true, browserName: firefox, browserVersion: 78.0.2, javascriptEnabled: true, moz:accessibilityChecks: false, moz:buildID: 20200708170202, moz:geckodriverVersion: 0.23.0, moz:headless: false, moz:processID: 10456, moz:profile: C:\Users\pankajkumar.y\AppD..., moz:shutdownTimeout: 60000, moz:useNonSpecCompliantPointerOrigin: false, moz:webdriverClick: true, pageLoadStrategy: normal, platform: WINDOWS, platformName: WINDOWS, platformVersion: 10.0, rotatable: false, setWindowRect: true, strictFileInteractability: false, timeouts: {implicit: 0, pageLoad: 300000, script: 30000}, unhandledPromptBehavior: dismiss and notify}
Session ID: a5a0c9eb-5703-429a-8eb1-4e6c11a49d0f</font>]</td>
				</tr>
				<tr class='log' status='info'>
					<td class='status info' title='info' alt='info'><i class='material-icons'>info_outline</i></td>
					<td class='timestamp'>11:46:41 PM</td>
					<td class='step-details'>SCREENSHOT<img data-featherlight='C:\Users\pankajkumar.y\Documents\Workspace 2\HillsProd//test-output//screenshots//verifycontactus_SA_AU.png' width='10%' src='C:\Users\pankajkumar.y\Documents\Workspace 2\HillsProd//test-output//screenshots//verifycontactus_SA_AU.png' data-src='C:\Users\pankajkumar.y\Documents\Workspace 2\HillsProd//test-output//screenshots//verifycontactus_SA_AU.png'></td>
				</tr>
				<tr class='log' status='info'>
					<td class='status info' title='info' alt='info'><i class='material-icons'>info_outline</i></td>
					<td class='timestamp'>11:46:41 PM</td>
					<td class='step-details'>STACKTRACE <br/>
org.openqa.selenium.WebDriverException: TypeError: rect is undefined
Build info: version: '3.7.1', revision: '8a0099a', time: '2017-11-06T21:07:31.527Z'
System info: host: 'ECH-LPT-356', ip: '192.168.1.2', os.name: 'Windows 10', os.arch: 'amd64', os.version: '10.0', java.version: '14.0.1'
Driver info: org.openqa.selenium.firefox.FirefoxDriver
Capabilities {acceptInsecureCerts: true, browserName: firefox, browserVersion: 78.0.2, javascriptEnabled: true, moz:accessibilityChecks: false, moz:buildID: 20200708170202, moz:geckodriverVersion: 0.23.0, moz:headless: false, moz:processID: 10456, moz:profile: C:\Users\pankajkumar.y\AppD..., moz:shutdownTimeout: 60000, moz:useNonSpecCompliantPointerOrigin: false, moz:webdriverClick: true, pageLoadStrategy: normal, platform: WINDOWS, platformName: WINDOWS, platformVersion: 10.0, rotatable: false, setWindowRect: true, strictFileInteractability: false, timeouts: {implicit: 0, pageLoad: 300000, script: 30000}, unhandledPromptBehavior: dismiss and notify}
Session ID: a5a0c9eb-5703-429a-8eb1-4e6c11a49d0f<br/>
	at java.base/jdk.internal.reflect.NativeConstructorAccessorImpl.newInstance0(Native Method)<br/>
	at java.base/jdk.internal.reflect.NativeConstructorAccessorImpl.newInstance(NativeConstructorAccessorImpl.java:62)<br/>
	at java.base/jdk.internal.reflect.DelegatingConstructorAccessorImpl.newInstance(DelegatingConstructorAccessorImpl.java:45)<br/>
	at java.base/java.lang.reflect.Constructor.newInstanceWithCaller(Constructor.java:500)<br/>
	at java.base/java.lang.reflect.Constructor.newInstance(Constructor.java:481)<br/>
	at org.openqa.selenium.remote.http.W3CHttpResponseCodec.createException(W3CHttpResponseCodec.java:187)<br/>
	at org.openqa.selenium.remote.http.W3CHttpResponseCodec.decode(W3CHttpResponseCodec.java:122)<br/>
	at org.openqa.selenium.remote.http.W3CHttpResponseCodec.decode(W3CHttpResponseCodec.java:49)<br/>
	at org.openqa.selenium.remote.HttpCommandExecutor.execute(HttpCommandExecutor.java:164)<br/>
	at org.openqa.selenium.remote.service.DriverCommandExecutor.execute(DriverCommandExecutor.java:83)<br/>
	at org.openqa.selenium.remote.RemoteWebDriver.execute(RemoteWebDriver.java:600)<br/>
	at org.openqa.selenium.remote.RemoteWebDriver.perform(RemoteWebDriver.java:666)<br/>
	at org.openqa.selenium.interactions.Actions$BuiltAction.perform(Actions.java:638)<br/>
	at org.openqa.selenium.interactions.Actions.perform(Actions.java:594)<br/>
	at com.utility.WebdriverUtils.clickAction(WebdriverUtils.java:667)<br/>
	at com.modules.HeaderActions.Login_OK_Buttons(HeaderActions.java:14)<br/>
	at com.modules.HeaderActions.verifycontactus_SA_AU(HeaderActions.java:57)<br/>
	at com.testCases.HeaderTestCases.verifycontactus_SA_AU(HeaderTestCases.java:37)<br/>
	at java.base/jdk.internal.reflect.NativeMethodAccessorImpl.invoke0(Native Method)<br/>
	at java.base/jdk.internal.reflect.NativeMethodAccessorImpl.invoke(NativeMethodAccessorImpl.java:62)<br/>
	at java.base/jdk.internal.reflect.DelegatingMethodAccessorImpl.invoke(DelegatingMethodAccessorImpl.java:43)<br/>
	at java.base/java.lang.reflect.Method.invoke(Method.java:564)<br/>
	at org.testng.internal.MethodInvocationHelper.invokeMethod(MethodInvocationHelper.java:124)<br/>
	at org.testng.internal.Invoker.invokeMethod(Invoker.java:580)<br/>
	at org.testng.internal.Invoker.retryFailed(Invoker.java:838)<br/>
	at org.testng.internal.Invoker.invokeTestMethods(Invoker.java:1009)<br/>
	at org.testng.internal.TestMethodWorker.invokeTestMethods(TestMethodWorker.java:125)<br/>
	at org.testng.internal.TestMethodWorker.run(TestMethodWorker.java:109)<br/>
	at org.testng.TestRunner.privateRun(TestRunner.java:648)<br/>
	at org.testng.TestRunner.run(TestRunner.java:505)<br/>
	at org.testng.SuiteRunner.runTest(SuiteRunner.java:455)<br/>
	at org.testng.SuiteRunner.access$000(SuiteRunner.java:40)<br/>
	at org.testng.SuiteRunner$SuiteWorker.run(SuiteRunner.java:489)<br/>
	at org.testng.internal.thread.ThreadUtil$1.call(ThreadUtil.java:52)<br/>
	at java.base/java.util.concurrent.FutureTask.run(FutureTask.java:264)<br/>
	at java.base/java.util.concurrent.ThreadPoolExecutor.runWorker(ThreadPoolExecutor.java:1130)<br/>
	at java.base/java.util.concurrent.ThreadPoolExecutor$Worker.run(ThreadPoolExecutor.java:630)<br/>
	at java.base/java.lang.Thread.run(Thread.java:832)<br/></td>
				</tr>
			</tbody>
		</table>
	</div>
					</div>
				</li>
				
				
				<li class='test displayed active  fail' status='fail' bdd='false' test-id='42'>
					<div class='test-heading'>
						<span class='test-name'>To verify able to navigate to Contact us page on click of Contact Us link in th header</span>
						<span class='test-time'>07-10-2020 22:57:05 PM</span>
						<span class='test-status right fail'>fail</span>
					</div>
					<div class='test-content hide'>
<div class='test-time-info'>
	<span class='label start-time'>07-10-2020 22:57:05 PM</span>
	<span class='label end-time'>07-10-2020 22:57:58 PM</span>
	<span class='label time-taken grey lighten-1 white-text'>0h 0m 53s+182ms</span>
</div>
	<div class='test-attributes'>
			<div class='category-list'>
				<span class='category label white-text'>HeaderTestCases</span>
			</div>
	</div>
	<div class='test-steps'>
		<table class='bordered table-results'>
			<thead>
				<tr>
					<th>Status</th>
					<th>Timestamp</th>
					<th>Details</th>
				</tr>
			</thead>
			<tbody>
				<tr class='log' status='fail'>
					<td class='status fail' title='fail' alt='fail'><i class='material-icons'>cancel</i></td>
					<td class='timestamp'>11:46:41 PM</td>
					<td class='step-details'><font colour=#F7464A>FAIL</font></td>
				</tr>
				<tr class='log' status='info'>
					<td class='status info' title='info' alt='info'><i class='material-icons'>info_outline</i></td>
					<td class='timestamp'>11:46:41 PM</td>
					<td class='step-details'>TEST DESCRIPTION= [To verify able to navigate to Contact us page on click of Contact Us link in th header]</td>
				</tr>
				<tr class='log' status='info'>
					<td class='status info' title='info' alt='info'><i class='material-icons'>info_outline</i></td>
					<td class='timestamp'>11:46:41 PM</td>
					<td class='step-details'>EXCEPTION = [<font colour=#F7464A>expected [true] but found [false]</font>]</td>
				</tr>
				<tr class='log' status='info'>
					<td class='status info' title='info' alt='info'><i class='material-icons'>info_outline</i></td>
					<td class='timestamp'>11:46:41 PM</td>
					<td class='step-details'>SCREENSHOT<img data-featherlight='C:\Users\pankajkumar.y\Documents\Workspace 2\HillsProd//test-output//screenshots//verifycontactus_SA_NZ.png' width='10%' src='C:\Users\pankajkumar.y\Documents\Workspace 2\HillsProd//test-output//screenshots//verifycontactus_SA_NZ.png' data-src='C:\Users\pankajkumar.y\Documents\Workspace 2\HillsProd//test-output//screenshots//verifycontactus_SA_NZ.png'></td>
				</tr>
				<tr class='log' status='info'>
					<td class='status info' title='info' alt='info'><i class='material-icons'>info_outline</i></td>
					<td class='timestamp'>11:46:41 PM</td>
					<td class='step-details'>STACKTRACE <br/>
java.lang.AssertionError: expected [true] but found [false]<br/>
	at org.testng.Assert.fail(Assert.java:96)<br/>
	at org.testng.Assert.failNotEquals(Assert.java:776)<br/>
	at org.testng.Assert.assertTrue(Assert.java:44)<br/>
	at org.testng.Assert.assertTrue(Assert.java:54)<br/>
	at com.modules.LoginActions.clickLoginAndValidation(LoginActions.java:107)<br/>
	at com.modules.LoginActions.emailAndPassword(LoginActions.java:95)<br/>
	at com.modules.LoginActions.verifyLoginCashUserSANZ(LoginActions.java:51)<br/>
	at com.modules.HeaderActions.verifycontactus_SA_NZ(HeaderActions.java:64)<br/>
	at com.testCases.HeaderTestCases.verifycontactus_SA_NZ(HeaderTestCases.java:42)<br/>
	at java.base/jdk.internal.reflect.NativeMethodAccessorImpl.invoke0(Native Method)<br/>
	at java.base/jdk.internal.reflect.NativeMethodAccessorImpl.invoke(NativeMethodAccessorImpl.java:62)<br/>
	at java.base/jdk.internal.reflect.DelegatingMethodAccessorImpl.invoke(DelegatingMethodAccessorImpl.java:43)<br/>
	at java.base/java.lang.reflect.Method.invoke(Method.java:564)<br/>
	at org.testng.internal.MethodInvocationHelper.invokeMethod(MethodInvocationHelper.java:124)<br/>
	at org.testng.internal.Invoker.invokeMethod(Invoker.java:580)<br/>
	at org.testng.internal.Invoker.retryFailed(Invoker.java:838)<br/>
	at org.testng.internal.Invoker.invokeTestMethods(Invoker.java:1009)<br/>
	at org.testng.internal.TestMethodWorker.invokeTestMethods(TestMethodWorker.java:125)<br/>
	at org.testng.internal.TestMethodWorker.run(TestMethodWorker.java:109)<br/>
	at org.testng.TestRunner.privateRun(TestRunner.java:648)<br/>
	at org.testng.TestRunner.run(TestRunner.java:505)<br/>
	at org.testng.SuiteRunner.runTest(SuiteRunner.java:455)<br/>
	at org.testng.SuiteRunner.access$000(SuiteRunner.java:40)<br/>
	at org.testng.SuiteRunner$SuiteWorker.run(SuiteRunner.java:489)<br/>
	at org.testng.internal.thread.ThreadUtil$1.call(ThreadUtil.java:52)<br/>
	at java.base/java.util.concurrent.FutureTask.run(FutureTask.java:264)<br/>
	at java.base/java.util.concurrent.ThreadPoolExecutor.runWorker(ThreadPoolExecutor.java:1130)<br/>
	at java.base/java.util.concurrent.ThreadPoolExecutor$Worker.run(ThreadPoolExecutor.java:630)<br/>
	at java.base/java.lang.Thread.run(Thread.java:832)<br/></td>
				</tr>
			</tbody>
		</table>
	</div>
					</div>
				</li>
				
				
				<li class='test displayed active  fail' status='fail' bdd='false' test-id='43'>
					<div class='test-heading'>
						<span class='test-name'>To verify able to navigate to Contact us page on click of Contact Us link in th header</span>
						<span class='test-time'>07-10-2020 23:01:17 PM</span>
						<span class='test-status right fail'>fail</span>
					</div>
					<div class='test-content hide'>
<div class='test-time-info'>
	<span class='label start-time'>07-10-2020 23:01:17 PM</span>
	<span class='label end-time'>07-10-2020 23:02:47 PM</span>
	<span class='label time-taken grey lighten-1 white-text'>0h 1m 29s+288ms</span>
</div>
	<div class='test-attributes'>
			<div class='category-list'>
				<span class='category label white-text'>HeaderTestCases</span>
			</div>
	</div>
	<div class='test-steps'>
		<table class='bordered table-results'>
			<thead>
				<tr>
					<th>Status</th>
					<th>Timestamp</th>
					<th>Details</th>
				</tr>
			</thead>
			<tbody>
				<tr class='log' status='fail'>
					<td class='status fail' title='fail' alt='fail'><i class='material-icons'>cancel</i></td>
					<td class='timestamp'>11:46:41 PM</td>
					<td class='step-details'><font colour=#F7464A>FAIL</font></td>
				</tr>
				<tr class='log' status='info'>
					<td class='status info' title='info' alt='info'><i class='material-icons'>info_outline</i></td>
					<td class='timestamp'>11:46:41 PM</td>
					<td class='step-details'>TEST DESCRIPTION= [To verify able to navigate to Contact us page on click of Contact Us link in th header]</td>
				</tr>
				<tr class='log' status='info'>
					<td class='status info' title='info' alt='info'><i class='material-icons'>info_outline</i></td>
					<td class='timestamp'>11:46:41 PM</td>
					<td class='step-details'>EXCEPTION = [<font colour=#F7464A>TypeError: rect is undefined
Build info: version: '3.7.1', revision: '8a0099a', time: '2017-11-06T21:07:31.527Z'
System info: host: 'ECH-LPT-356', ip: '192.168.1.2', os.name: 'Windows 10', os.arch: 'amd64', os.version: '10.0', java.version: '14.0.1'
Driver info: org.openqa.selenium.firefox.FirefoxDriver
Capabilities {acceptInsecureCerts: true, browserName: firefox, browserVersion: 78.0.2, javascriptEnabled: true, moz:accessibilityChecks: false, moz:buildID: 20200708170202, moz:geckodriverVersion: 0.23.0, moz:headless: false, moz:processID: 12128, moz:profile: C:\Users\pankajkumar.y\AppD..., moz:shutdownTimeout: 60000, moz:useNonSpecCompliantPointerOrigin: false, moz:webdriverClick: true, pageLoadStrategy: normal, platform: WINDOWS, platformName: WINDOWS, platformVersion: 10.0, rotatable: false, setWindowRect: true, strictFileInteractability: false, timeouts: {implicit: 0, pageLoad: 300000, script: 30000}, unhandledPromptBehavior: dismiss and notify}
Session ID: 11bd9b48-553d-4329-9a94-17c5a07ac696</font>]</td>
				</tr>
				<tr class='log' status='info'>
					<td class='status info' title='info' alt='info'><i class='material-icons'>info_outline</i></td>
					<td class='timestamp'>11:46:41 PM</td>
					<td class='step-details'>SCREENSHOT<img data-featherlight='C:\Users\pankajkumar.y\Documents\Workspace 2\HillsProd//test-output//screenshots//verifycontactus_PO_AU.png' width='10%' src='C:\Users\pankajkumar.y\Documents\Workspace 2\HillsProd//test-output//screenshots//verifycontactus_PO_AU.png' data-src='C:\Users\pankajkumar.y\Documents\Workspace 2\HillsProd//test-output//screenshots//verifycontactus_PO_AU.png'></td>
				</tr>
				<tr class='log' status='info'>
					<td class='status info' title='info' alt='info'><i class='material-icons'>info_outline</i></td>
					<td class='timestamp'>11:46:41 PM</td>
					<td class='step-details'>STACKTRACE <br/>
org.openqa.selenium.WebDriverException: TypeError: rect is undefined
Build info: version: '3.7.1', revision: '8a0099a', time: '2017-11-06T21:07:31.527Z'
System info: host: 'ECH-LPT-356', ip: '192.168.1.2', os.name: 'Windows 10', os.arch: 'amd64', os.version: '10.0', java.version: '14.0.1'
Driver info: org.openqa.selenium.firefox.FirefoxDriver
Capabilities {acceptInsecureCerts: true, browserName: firefox, browserVersion: 78.0.2, javascriptEnabled: true, moz:accessibilityChecks: false, moz:buildID: 20200708170202, moz:geckodriverVersion: 0.23.0, moz:headless: false, moz:processID: 12128, moz:profile: C:\Users\pankajkumar.y\AppD..., moz:shutdownTimeout: 60000, moz:useNonSpecCompliantPointerOrigin: false, moz:webdriverClick: true, pageLoadStrategy: normal, platform: WINDOWS, platformName: WINDOWS, platformVersion: 10.0, rotatable: false, setWindowRect: true, strictFileInteractability: false, timeouts: {implicit: 0, pageLoad: 300000, script: 30000}, unhandledPromptBehavior: dismiss and notify}
Session ID: 11bd9b48-553d-4329-9a94-17c5a07ac696<br/>
	at java.base/jdk.internal.reflect.NativeConstructorAccessorImpl.newInstance0(Native Method)<br/>
	at java.base/jdk.internal.reflect.NativeConstructorAccessorImpl.newInstance(NativeConstructorAccessorImpl.java:62)<br/>
	at java.base/jdk.internal.reflect.DelegatingConstructorAccessorImpl.newInstance(DelegatingConstructorAccessorImpl.java:45)<br/>
	at java.base/java.lang.reflect.Constructor.newInstanceWithCaller(Constructor.java:500)<br/>
	at java.base/java.lang.reflect.Constructor.newInstance(Constructor.java:481)<br/>
	at org.openqa.selenium.remote.http.W3CHttpResponseCodec.createException(W3CHttpResponseCodec.java:187)<br/>
	at org.openqa.selenium.remote.http.W3CHttpResponseCodec.decode(W3CHttpResponseCodec.java:122)<br/>
	at org.openqa.selenium.remote.http.W3CHttpResponseCodec.decode(W3CHttpResponseCodec.java:49)<br/>
	at org.openqa.selenium.remote.HttpCommandExecutor.execute(HttpCommandExecutor.java:164)<br/>
	at org.openqa.selenium.remote.service.DriverCommandExecutor.execute(DriverCommandExecutor.java:83)<br/>
	at org.openqa.selenium.remote.RemoteWebDriver.execute(RemoteWebDriver.java:600)<br/>
	at org.openqa.selenium.remote.RemoteWebDriver.perform(RemoteWebDriver.java:666)<br/>
	at org.openqa.selenium.interactions.Actions$BuiltAction.perform(Actions.java:638)<br/>
	at org.openqa.selenium.interactions.Actions.perform(Actions.java:594)<br/>
	at com.utility.WebdriverUtils.clickAction(WebdriverUtils.java:667)<br/>
	at com.modules.HeaderActions.Login_OK_Buttons(HeaderActions.java:14)<br/>
	at com.modules.HeaderActions.verifycontactus_PO_AU(HeaderActions.java:73)<br/>
	at com.testCases.HeaderTestCases.verifycontactus_PO_AU(HeaderTestCases.java:47)<br/>
	at java.base/jdk.internal.reflect.NativeMethodAccessorImpl.invoke0(Native Method)<br/>
	at java.base/jdk.internal.reflect.NativeMethodAccessorImpl.invoke(NativeMethodAccessorImpl.java:62)<br/>
	at java.base/jdk.internal.reflect.DelegatingMethodAccessorImpl.invoke(DelegatingMethodAccessorImpl.java:43)<br/>
	at java.base/java.lang.reflect.Method.invoke(Method.java:564)<br/>
	at org.testng.internal.MethodInvocationHelper.invokeMethod(MethodInvocationHelper.java:124)<br/>
	at org.testng.internal.Invoker.invokeMethod(Invoker.java:580)<br/>
	at org.testng.internal.Invoker.retryFailed(Invoker.java:838)<br/>
	at org.testng.internal.Invoker.invokeTestMethods(Invoker.java:1009)<br/>
	at org.testng.internal.TestMethodWorker.invokeTestMethods(TestMethodWorker.java:125)<br/>
	at org.testng.internal.TestMethodWorker.run(TestMethodWorker.java:109)<br/>
	at org.testng.TestRunner.privateRun(TestRunner.java:648)<br/>
	at org.testng.TestRunner.run(TestRunner.java:505)<br/>
	at org.testng.SuiteRunner.runTest(SuiteRunner.java:455)<br/>
	at org.testng.SuiteRunner.access$000(SuiteRunner.java:40)<br/>
	at org.testng.SuiteRunner$SuiteWorker.run(SuiteRunner.java:489)<br/>
	at org.testng.internal.thread.ThreadUtil$1.call(ThreadUtil.java:52)<br/>
	at java.base/java.util.concurrent.FutureTask.run(FutureTask.java:264)<br/>
	at java.base/java.util.concurrent.ThreadPoolExecutor.runWorker(ThreadPoolExecutor.java:1130)<br/>
	at java.base/java.util.concurrent.ThreadPoolExecutor$Worker.run(ThreadPoolExecutor.java:630)<br/>
	at java.base/java.lang.Thread.run(Thread.java:832)<br/></td>
				</tr>
			</tbody>
		</table>
	</div>
					</div>
				</li>
				
				
				<li class='test displayed active  fail' status='fail' bdd='false' test-id='44'>
					<div class='test-heading'>
						<span class='test-name'>To verify able to navigate to Contact us page on click of Contact Us link in th header</span>
						<span class='test-time'>07-10-2020 23:06:11 PM</span>
						<span class='test-status right fail'>fail</span>
					</div>
					<div class='test-content hide'>
<div class='test-time-info'>
	<span class='label start-time'>07-10-2020 23:06:11 PM</span>
	<span class='label end-time'>07-10-2020 23:07:42 PM</span>
	<span class='label time-taken grey lighten-1 white-text'>0h 1m 30s+413ms</span>
</div>
	<div class='test-attributes'>
			<div class='category-list'>
				<span class='category label white-text'>HeaderTestCases</span>
			</div>
	</div>
	<div class='test-steps'>
		<table class='bordered table-results'>
			<thead>
				<tr>
					<th>Status</th>
					<th>Timestamp</th>
					<th>Details</th>
				</tr>
			</thead>
			<tbody>
				<tr class='log' status='fail'>
					<td class='status fail' title='fail' alt='fail'><i class='material-icons'>cancel</i></td>
					<td class='timestamp'>11:46:41 PM</td>
					<td class='step-details'><font colour=#F7464A>FAIL</font></td>
				</tr>
				<tr class='log' status='info'>
					<td class='status info' title='info' alt='info'><i class='material-icons'>info_outline</i></td>
					<td class='timestamp'>11:46:41 PM</td>
					<td class='step-details'>TEST DESCRIPTION= [To verify able to navigate to Contact us page on click of Contact Us link in th header]</td>
				</tr>
				<tr class='log' status='info'>
					<td class='status info' title='info' alt='info'><i class='material-icons'>info_outline</i></td>
					<td class='timestamp'>11:46:41 PM</td>
					<td class='step-details'>EXCEPTION = [<font colour=#F7464A>TypeError: rect is undefined
Build info: version: '3.7.1', revision: '8a0099a', time: '2017-11-06T21:07:31.527Z'
System info: host: 'ECH-LPT-356', ip: '192.168.1.2', os.name: 'Windows 10', os.arch: 'amd64', os.version: '10.0', java.version: '14.0.1'
Driver info: org.openqa.selenium.firefox.FirefoxDriver
Capabilities {acceptInsecureCerts: true, browserName: firefox, browserVersion: 78.0.2, javascriptEnabled: true, moz:accessibilityChecks: false, moz:buildID: 20200708170202, moz:geckodriverVersion: 0.23.0, moz:headless: false, moz:processID: 9528, moz:profile: C:\Users\pankajkumar.y\AppD..., moz:shutdownTimeout: 60000, moz:useNonSpecCompliantPointerOrigin: false, moz:webdriverClick: true, pageLoadStrategy: normal, platform: WINDOWS, platformName: WINDOWS, platformVersion: 10.0, rotatable: false, setWindowRect: true, strictFileInteractability: false, timeouts: {implicit: 0, pageLoad: 300000, script: 30000}, unhandledPromptBehavior: dismiss and notify}
Session ID: 2fbec87b-1a39-4c91-9510-aa4302ab913d</font>]</td>
				</tr>
				<tr class='log' status='info'>
					<td class='status info' title='info' alt='info'><i class='material-icons'>info_outline</i></td>
					<td class='timestamp'>11:46:41 PM</td>
					<td class='step-details'>SCREENSHOT<img data-featherlight='C:\Users\pankajkumar.y\Documents\Workspace 2\HillsProd//test-output//screenshots//verifycontactus_PO_NZ.png' width='10%' src='C:\Users\pankajkumar.y\Documents\Workspace 2\HillsProd//test-output//screenshots//verifycontactus_PO_NZ.png' data-src='C:\Users\pankajkumar.y\Documents\Workspace 2\HillsProd//test-output//screenshots//verifycontactus_PO_NZ.png'></td>
				</tr>
				<tr class='log' status='info'>
					<td class='status info' title='info' alt='info'><i class='material-icons'>info_outline</i></td>
					<td class='timestamp'>11:46:41 PM</td>
					<td class='step-details'>STACKTRACE <br/>
org.openqa.selenium.WebDriverException: TypeError: rect is undefined
Build info: version: '3.7.1', revision: '8a0099a', time: '2017-11-06T21:07:31.527Z'
System info: host: 'ECH-LPT-356', ip: '192.168.1.2', os.name: 'Windows 10', os.arch: 'amd64', os.version: '10.0', java.version: '14.0.1'
Driver info: org.openqa.selenium.firefox.FirefoxDriver
Capabilities {acceptInsecureCerts: true, browserName: firefox, browserVersion: 78.0.2, javascriptEnabled: true, moz:accessibilityChecks: false, moz:buildID: 20200708170202, moz:geckodriverVersion: 0.23.0, moz:headless: false, moz:processID: 9528, moz:profile: C:\Users\pankajkumar.y\AppD..., moz:shutdownTimeout: 60000, moz:useNonSpecCompliantPointerOrigin: false, moz:webdriverClick: true, pageLoadStrategy: normal, platform: WINDOWS, platformName: WINDOWS, platformVersion: 10.0, rotatable: false, setWindowRect: true, strictFileInteractability: false, timeouts: {implicit: 0, pageLoad: 300000, script: 30000}, unhandledPromptBehavior: dismiss and notify}
Session ID: 2fbec87b-1a39-4c91-9510-aa4302ab913d<br/>
	at jdk.internal.reflect.GeneratedConstructorAccessor14.newInstance(Unknown Source)<br/>
	at java.base/jdk.internal.reflect.DelegatingConstructorAccessorImpl.newInstance(DelegatingConstructorAccessorImpl.java:45)<br/>
	at java.base/java.lang.reflect.Constructor.newInstanceWithCaller(Constructor.java:500)<br/>
	at java.base/java.lang.reflect.Constructor.newInstance(Constructor.java:481)<br/>
	at org.openqa.selenium.remote.http.W3CHttpResponseCodec.createException(W3CHttpResponseCodec.java:187)<br/>
	at org.openqa.selenium.remote.http.W3CHttpResponseCodec.decode(W3CHttpResponseCodec.java:122)<br/>
	at org.openqa.selenium.remote.http.W3CHttpResponseCodec.decode(W3CHttpResponseCodec.java:49)<br/>
	at org.openqa.selenium.remote.HttpCommandExecutor.execute(HttpCommandExecutor.java:164)<br/>
	at org.openqa.selenium.remote.service.DriverCommandExecutor.execute(DriverCommandExecutor.java:83)<br/>
	at org.openqa.selenium.remote.RemoteWebDriver.execute(RemoteWebDriver.java:600)<br/>
	at org.openqa.selenium.remote.RemoteWebDriver.perform(RemoteWebDriver.java:666)<br/>
	at org.openqa.selenium.interactions.Actions$BuiltAction.perform(Actions.java:638)<br/>
	at org.openqa.selenium.interactions.Actions.perform(Actions.java:594)<br/>
	at com.utility.WebdriverUtils.clickAction(WebdriverUtils.java:667)<br/>
	at com.modules.HeaderActions.Login_OK_Buttons(HeaderActions.java:14)<br/>
	at com.modules.HeaderActions.verifycontactus_PO_NZ(HeaderActions.java:81)<br/>
	at com.testCases.HeaderTestCases.verifycontactus_PO_NZ(HeaderTestCases.java:52)<br/>
	at java.base/jdk.internal.reflect.NativeMethodAccessorImpl.invoke0(Native Method)<br/>
	at java.base/jdk.internal.reflect.NativeMethodAccessorImpl.invoke(NativeMethodAccessorImpl.java:62)<br/>
	at java.base/jdk.internal.reflect.DelegatingMethodAccessorImpl.invoke(DelegatingMethodAccessorImpl.java:43)<br/>
	at java.base/java.lang.reflect.Method.invoke(Method.java:564)<br/>
	at org.testng.internal.MethodInvocationHelper.invokeMethod(MethodInvocationHelper.java:124)<br/>
	at org.testng.internal.Invoker.invokeMethod(Invoker.java:580)<br/>
	at org.testng.internal.Invoker.retryFailed(Invoker.java:838)<br/>
	at org.testng.internal.Invoker.invokeTestMethods(Invoker.java:1009)<br/>
	at org.testng.internal.TestMethodWorker.invokeTestMethods(TestMethodWorker.java:125)<br/>
	at org.testng.internal.TestMethodWorker.run(TestMethodWorker.java:109)<br/>
	at org.testng.TestRunner.privateRun(TestRunner.java:648)<br/>
	at org.testng.TestRunner.run(TestRunner.java:505)<br/>
	at org.testng.SuiteRunner.runTest(SuiteRunner.java:455)<br/>
	at org.testng.SuiteRunner.access$000(SuiteRunner.java:40)<br/>
	at org.testng.SuiteRunner$SuiteWorker.run(SuiteRunner.java:489)<br/>
	at org.testng.internal.thread.ThreadUtil$1.call(ThreadUtil.java:52)<br/>
	at java.base/java.util.concurrent.FutureTask.run(FutureTask.java:264)<br/>
	at java.base/java.util.concurrent.ThreadPoolExecutor.runWorker(ThreadPoolExecutor.java:1130)<br/>
	at java.base/java.util.concurrent.ThreadPoolExecutor$Worker.run(ThreadPoolExecutor.java:630)<br/>
	at java.base/java.lang.Thread.run(Thread.java:832)<br/></td>
				</tr>
			</tbody>
		</table>
	</div>
					</div>
				</li>
				
				
				<li class='test displayed active  fail' status='fail' bdd='false' test-id='45'>
					<div class='test-heading'>
						<span class='test-name'>To verify able to switch the region frm Au to Nz and vice-versa</span>
						<span class='test-time'>07-10-2020 23:10:24 PM</span>
						<span class='test-status right fail'>fail</span>
					</div>
					<div class='test-content hide'>
<div class='test-time-info'>
	<span class='label start-time'>07-10-2020 23:10:24 PM</span>
	<span class='label end-time'>07-10-2020 23:11:55 PM</span>
	<span class='label time-taken grey lighten-1 white-text'>0h 1m 30s+372ms</span>
</div>
	<div class='test-attributes'>
			<div class='category-list'>
				<span class='category label white-text'>HeaderTestCases</span>
			</div>
	</div>
	<div class='test-steps'>
		<table class='bordered table-results'>
			<thead>
				<tr>
					<th>Status</th>
					<th>Timestamp</th>
					<th>Details</th>
				</tr>
			</thead>
			<tbody>
				<tr class='log' status='fail'>
					<td class='status fail' title='fail' alt='fail'><i class='material-icons'>cancel</i></td>
					<td class='timestamp'>11:46:41 PM</td>
					<td class='step-details'><font colour=#F7464A>FAIL</font></td>
				</tr>
				<tr class='log' status='info'>
					<td class='status info' title='info' alt='info'><i class='material-icons'>info_outline</i></td>
					<td class='timestamp'>11:46:41 PM</td>
					<td class='step-details'>TEST DESCRIPTION= [To verify able to switch the region frm Au to Nz and vice-versa]</td>
				</tr>
				<tr class='log' status='info'>
					<td class='status info' title='info' alt='info'><i class='material-icons'>info_outline</i></td>
					<td class='timestamp'>11:46:41 PM</td>
					<td class='step-details'>EXCEPTION = [<font colour=#F7464A>TypeError: rect is undefined
Build info: version: '3.7.1', revision: '8a0099a', time: '2017-11-06T21:07:31.527Z'
System info: host: 'ECH-LPT-356', ip: '192.168.1.2', os.name: 'Windows 10', os.arch: 'amd64', os.version: '10.0', java.version: '14.0.1'
Driver info: org.openqa.selenium.firefox.FirefoxDriver
Capabilities {acceptInsecureCerts: true, browserName: firefox, browserVersion: 78.0.2, javascriptEnabled: true, moz:accessibilityChecks: false, moz:buildID: 20200708170202, moz:geckodriverVersion: 0.23.0, moz:headless: false, moz:processID: 17240, moz:profile: C:\Users\pankajkumar.y\AppD..., moz:shutdownTimeout: 60000, moz:useNonSpecCompliantPointerOrigin: false, moz:webdriverClick: true, pageLoadStrategy: normal, platform: WINDOWS, platformName: WINDOWS, platformVersion: 10.0, rotatable: false, setWindowRect: true, strictFileInteractability: false, timeouts: {implicit: 0, pageLoad: 300000, script: 30000}, unhandledPromptBehavior: dismiss and notify}
Session ID: 88b7f5ed-f5a5-4f0e-92a8-5964e3b04439</font>]</td>
				</tr>
				<tr class='log' status='info'>
					<td class='status info' title='info' alt='info'><i class='material-icons'>info_outline</i></td>
					<td class='timestamp'>11:46:41 PM</td>
					<td class='step-details'>SCREENSHOT<img data-featherlight='C:\Users\pankajkumar.y\Documents\Workspace 2\HillsProd//test-output//screenshots//verifyregionSwitch_SA_AU.png' width='10%' src='C:\Users\pankajkumar.y\Documents\Workspace 2\HillsProd//test-output//screenshots//verifyregionSwitch_SA_AU.png' data-src='C:\Users\pankajkumar.y\Documents\Workspace 2\HillsProd//test-output//screenshots//verifyregionSwitch_SA_AU.png'></td>
				</tr>
				<tr class='log' status='info'>
					<td class='status info' title='info' alt='info'><i class='material-icons'>info_outline</i></td>
					<td class='timestamp'>11:46:41 PM</td>
					<td class='step-details'>STACKTRACE <br/>
org.openqa.selenium.WebDriverException: TypeError: rect is undefined
Build info: version: '3.7.1', revision: '8a0099a', time: '2017-11-06T21:07:31.527Z'
System info: host: 'ECH-LPT-356', ip: '192.168.1.2', os.name: 'Windows 10', os.arch: 'amd64', os.version: '10.0', java.version: '14.0.1'
Driver info: org.openqa.selenium.firefox.FirefoxDriver
Capabilities {acceptInsecureCerts: true, browserName: firefox, browserVersion: 78.0.2, javascriptEnabled: true, moz:accessibilityChecks: false, moz:buildID: 20200708170202, moz:geckodriverVersion: 0.23.0, moz:headless: false, moz:processID: 17240, moz:profile: C:\Users\pankajkumar.y\AppD..., moz:shutdownTimeout: 60000, moz:useNonSpecCompliantPointerOrigin: false, moz:webdriverClick: true, pageLoadStrategy: normal, platform: WINDOWS, platformName: WINDOWS, platformVersion: 10.0, rotatable: false, setWindowRect: true, strictFileInteractability: false, timeouts: {implicit: 0, pageLoad: 300000, script: 30000}, unhandledPromptBehavior: dismiss and notify}
Session ID: 88b7f5ed-f5a5-4f0e-92a8-5964e3b04439<br/>
	at jdk.internal.reflect.GeneratedConstructorAccessor14.newInstance(Unknown Source)<br/>
	at java.base/jdk.internal.reflect.DelegatingConstructorAccessorImpl.newInstance(DelegatingConstructorAccessorImpl.java:45)<br/>
	at java.base/java.lang.reflect.Constructor.newInstanceWithCaller(Constructor.java:500)<br/>
	at java.base/java.lang.reflect.Constructor.newInstance(Constructor.java:481)<br/>
	at org.openqa.selenium.remote.http.W3CHttpResponseCodec.createException(W3CHttpResponseCodec.java:187)<br/>
	at org.openqa.selenium.remote.http.W3CHttpResponseCodec.decode(W3CHttpResponseCodec.java:122)<br/>
	at org.openqa.selenium.remote.http.W3CHttpResponseCodec.decode(W3CHttpResponseCodec.java:49)<br/>
	at org.openqa.selenium.remote.HttpCommandExecutor.execute(HttpCommandExecutor.java:164)<br/>
	at org.openqa.selenium.remote.service.DriverCommandExecutor.execute(DriverCommandExecutor.java:83)<br/>
	at org.openqa.selenium.remote.RemoteWebDriver.execute(RemoteWebDriver.java:600)<br/>
	at org.openqa.selenium.remote.RemoteWebDriver.perform(RemoteWebDriver.java:666)<br/>
	at org.openqa.selenium.interactions.Actions$BuiltAction.perform(Actions.java:638)<br/>
	at org.openqa.selenium.interactions.Actions.perform(Actions.java:594)<br/>
	at com.utility.WebdriverUtils.clickAction(WebdriverUtils.java:667)<br/>
	at com.modules.HeaderActions.Login_OK_Buttons(HeaderActions.java:14)<br/>
	at com.modules.HeaderActions.verifyregionSwitch_SA_AU(HeaderActions.java:108)<br/>
	at com.testCases.HeaderTestCases.verifyregionSwitch_SA_AU(HeaderTestCases.java:58)<br/>
	at java.base/jdk.internal.reflect.NativeMethodAccessorImpl.invoke0(Native Method)<br/>
	at java.base/jdk.internal.reflect.NativeMethodAccessorImpl.invoke(NativeMethodAccessorImpl.java:62)<br/>
	at java.base/jdk.internal.reflect.DelegatingMethodAccessorImpl.invoke(DelegatingMethodAccessorImpl.java:43)<br/>
	at java.base/java.lang.reflect.Method.invoke(Method.java:564)<br/>
	at org.testng.internal.MethodInvocationHelper.invokeMethod(MethodInvocationHelper.java:124)<br/>
	at org.testng.internal.Invoker.invokeMethod(Invoker.java:580)<br/>
	at org.testng.internal.Invoker.retryFailed(Invoker.java:838)<br/>
	at org.testng.internal.Invoker.invokeTestMethods(Invoker.java:1009)<br/>
	at org.testng.internal.TestMethodWorker.invokeTestMethods(TestMethodWorker.java:125)<br/>
	at org.testng.internal.TestMethodWorker.run(TestMethodWorker.java:109)<br/>
	at org.testng.TestRunner.privateRun(TestRunner.java:648)<br/>
	at org.testng.TestRunner.run(TestRunner.java:505)<br/>
	at org.testng.SuiteRunner.runTest(SuiteRunner.java:455)<br/>
	at org.testng.SuiteRunner.access$000(SuiteRunner.java:40)<br/>
	at org.testng.SuiteRunner$SuiteWorker.run(SuiteRunner.java:489)<br/>
	at org.testng.internal.thread.ThreadUtil$1.call(ThreadUtil.java:52)<br/>
	at java.base/java.util.concurrent.FutureTask.run(FutureTask.java:264)<br/>
	at java.base/java.util.concurrent.ThreadPoolExecutor.runWorker(ThreadPoolExecutor.java:1130)<br/>
	at java.base/java.util.concurrent.ThreadPoolExecutor$Worker.run(ThreadPoolExecutor.java:630)<br/>
	at java.base/java.lang.Thread.run(Thread.java:832)<br/></td>
				</tr>
			</tbody>
		</table>
	</div>
					</div>
				</li>
				
				
				<li class='test displayed active  fail' status='fail' bdd='false' test-id='46'>
					<div class='test-heading'>
						<span class='test-name'>To verify able to switch the region frm Au to Nz and vice-versa</span>
						<span class='test-time'>07-10-2020 23:15:05 PM</span>
						<span class='test-status right fail'>fail</span>
					</div>
					<div class='test-content hide'>
<div class='test-time-info'>
	<span class='label start-time'>07-10-2020 23:15:05 PM</span>
	<span class='label end-time'>07-10-2020 23:16:20 PM</span>
	<span class='label time-taken grey lighten-1 white-text'>0h 1m 15s+18ms</span>
</div>
	<div class='test-attributes'>
			<div class='category-list'>
				<span class='category label white-text'>HeaderTestCases</span>
			</div>
	</div>
	<div class='test-steps'>
		<table class='bordered table-results'>
			<thead>
				<tr>
					<th>Status</th>
					<th>Timestamp</th>
					<th>Details</th>
				</tr>
			</thead>
			<tbody>
				<tr class='log' status='fail'>
					<td class='status fail' title='fail' alt='fail'><i class='material-icons'>cancel</i></td>
					<td class='timestamp'>11:46:41 PM</td>
					<td class='step-details'><font colour=#F7464A>FAIL</font></td>
				</tr>
				<tr class='log' status='info'>
					<td class='status info' title='info' alt='info'><i class='material-icons'>info_outline</i></td>
					<td class='timestamp'>11:46:41 PM</td>
					<td class='step-details'>TEST DESCRIPTION= [To verify able to switch the region frm Au to Nz and vice-versa]</td>
				</tr>
				<tr class='log' status='info'>
					<td class='status info' title='info' alt='info'><i class='material-icons'>info_outline</i></td>
					<td class='timestamp'>11:46:41 PM</td>
					<td class='step-details'>EXCEPTION = [<font colour=#F7464A>expected [true] but found [false]</font>]</td>
				</tr>
				<tr class='log' status='info'>
					<td class='status info' title='info' alt='info'><i class='material-icons'>info_outline</i></td>
					<td class='timestamp'>11:46:41 PM</td>
					<td class='step-details'>SCREENSHOT<img data-featherlight='C:\Users\pankajkumar.y\Documents\Workspace 2\HillsProd//test-output//screenshots//verifyregionSwitch_PO_AU.png' width='10%' src='C:\Users\pankajkumar.y\Documents\Workspace 2\HillsProd//test-output//screenshots//verifyregionSwitch_PO_AU.png' data-src='C:\Users\pankajkumar.y\Documents\Workspace 2\HillsProd//test-output//screenshots//verifyregionSwitch_PO_AU.png'></td>
				</tr>
				<tr class='log' status='info'>
					<td class='status info' title='info' alt='info'><i class='material-icons'>info_outline</i></td>
					<td class='timestamp'>11:46:41 PM</td>
					<td class='step-details'>STACKTRACE <br/>
java.lang.AssertionError: expected [true] but found [false]<br/>
	at org.testng.Assert.fail(Assert.java:96)<br/>
	at org.testng.Assert.failNotEquals(Assert.java:776)<br/>
	at org.testng.Assert.assertTrue(Assert.java:44)<br/>
	at org.testng.Assert.assertTrue(Assert.java:54)<br/>
	at com.modules.LoginActions.clickLoginAndValidation(LoginActions.java:107)<br/>
	at com.modules.LoginActions.emailAndPassword(LoginActions.java:95)<br/>
	at com.modules.LoginActions.verifyLoginCashUserPOAU(LoginActions.java:27)<br/>
	at com.modules.HeaderActions.verifyregionSwitch_PO_AU(HeaderActions.java:134)<br/>
	at com.testCases.HeaderTestCases.verifyregionSwitch_PO_AU(HeaderTestCases.java:63)<br/>
	at java.base/jdk.internal.reflect.NativeMethodAccessorImpl.invoke0(Native Method)<br/>
	at java.base/jdk.internal.reflect.NativeMethodAccessorImpl.invoke(NativeMethodAccessorImpl.java:62)<br/>
	at java.base/jdk.internal.reflect.DelegatingMethodAccessorImpl.invoke(DelegatingMethodAccessorImpl.java:43)<br/>
	at java.base/java.lang.reflect.Method.invoke(Method.java:564)<br/>
	at org.testng.internal.MethodInvocationHelper.invokeMethod(MethodInvocationHelper.java:124)<br/>
	at org.testng.internal.Invoker.invokeMethod(Invoker.java:580)<br/>
	at org.testng.internal.Invoker.retryFailed(Invoker.java:838)<br/>
	at org.testng.internal.Invoker.invokeTestMethods(Invoker.java:1009)<br/>
	at org.testng.internal.TestMethodWorker.invokeTestMethods(TestMethodWorker.java:125)<br/>
	at org.testng.internal.TestMethodWorker.run(TestMethodWorker.java:109)<br/>
	at org.testng.TestRunner.privateRun(TestRunner.java:648)<br/>
	at org.testng.TestRunner.run(TestRunner.java:505)<br/>
	at org.testng.SuiteRunner.runTest(SuiteRunner.java:455)<br/>
	at org.testng.SuiteRunner.access$000(SuiteRunner.java:40)<br/>
	at org.testng.SuiteRunner$SuiteWorker.run(SuiteRunner.java:489)<br/>
	at org.testng.internal.thread.ThreadUtil$1.call(ThreadUtil.java:52)<br/>
	at java.base/java.util.concurrent.FutureTask.run(FutureTask.java:264)<br/>
	at java.base/java.util.concurrent.ThreadPoolExecutor.runWorker(ThreadPoolExecutor.java:1130)<br/>
	at java.base/java.util.concurrent.ThreadPoolExecutor$Worker.run(ThreadPoolExecutor.java:630)<br/>
	at java.base/java.lang.Thread.run(Thread.java:832)<br/></td>
				</tr>
			</tbody>
		</table>
	</div>
					</div>
				</li>
				
				
				<li class='test displayed active  fail' status='fail' bdd='false' test-id='47'>
					<div class='test-heading'>
						<span class='test-name'>To verify able to switch the region frm Au to Nz and vice-versa</span>
						<span class='test-time'>07-10-2020 23:19:02 PM</span>
						<span class='test-status right fail'>fail</span>
					</div>
					<div class='test-content hide'>
<div class='test-time-info'>
	<span class='label start-time'>07-10-2020 23:19:02 PM</span>
	<span class='label end-time'>07-10-2020 23:19:58 PM</span>
	<span class='label time-taken grey lighten-1 white-text'>0h 0m 56s+193ms</span>
</div>
	<div class='test-attributes'>
			<div class='category-list'>
				<span class='category label white-text'>HeaderTestCases</span>
			</div>
	</div>
	<div class='test-steps'>
		<table class='bordered table-results'>
			<thead>
				<tr>
					<th>Status</th>
					<th>Timestamp</th>
					<th>Details</th>
				</tr>
			</thead>
			<tbody>
				<tr class='log' status='fail'>
					<td class='status fail' title='fail' alt='fail'><i class='material-icons'>cancel</i></td>
					<td class='timestamp'>11:46:41 PM</td>
					<td class='step-details'><font colour=#F7464A>FAIL</font></td>
				</tr>
				<tr class='log' status='info'>
					<td class='status info' title='info' alt='info'><i class='material-icons'>info_outline</i></td>
					<td class='timestamp'>11:46:41 PM</td>
					<td class='step-details'>TEST DESCRIPTION= [To verify able to switch the region frm Au to Nz and vice-versa]</td>
				</tr>
				<tr class='log' status='info'>
					<td class='status info' title='info' alt='info'><i class='material-icons'>info_outline</i></td>
					<td class='timestamp'>11:46:41 PM</td>
					<td class='step-details'>EXCEPTION = [<font colour=#F7464A>expected [true] but found [false]</font>]</td>
				</tr>
				<tr class='log' status='info'>
					<td class='status info' title='info' alt='info'><i class='material-icons'>info_outline</i></td>
					<td class='timestamp'>11:46:41 PM</td>
					<td class='step-details'>SCREENSHOT<img data-featherlight='C:\Users\pankajkumar.y\Documents\Workspace 2\HillsProd//test-output//screenshots//verifyregionSwitch_SA_NZ.png' width='10%' src='C:\Users\pankajkumar.y\Documents\Workspace 2\HillsProd//test-output//screenshots//verifyregionSwitch_SA_NZ.png' data-src='C:\Users\pankajkumar.y\Documents\Workspace 2\HillsProd//test-output//screenshots//verifyregionSwitch_SA_NZ.png'></td>
				</tr>
				<tr class='log' status='info'>
					<td class='status info' title='info' alt='info'><i class='material-icons'>info_outline</i></td>
					<td class='timestamp'>11:46:41 PM</td>
					<td class='step-details'>STACKTRACE <br/>
java.lang.AssertionError: expected [true] but found [false]<br/>
	at org.testng.Assert.fail(Assert.java:96)<br/>
	at org.testng.Assert.failNotEquals(Assert.java:776)<br/>
	at org.testng.Assert.assertTrue(Assert.java:44)<br/>
	at org.testng.Assert.assertTrue(Assert.java:54)<br/>
	at com.modules.LoginActions.clickLoginAndValidation(LoginActions.java:107)<br/>
	at com.modules.LoginActions.emailAndPassword(LoginActions.java:95)<br/>
	at com.modules.LoginActions.verifyLoginCashUserSANZ(LoginActions.java:51)<br/>
	at com.modules.HeaderActions.verifyregionSwitch_SA_NZ(HeaderActions.java:121)<br/>
	at com.testCases.HeaderTestCases.verifyregionSwitch_SA_NZ(HeaderTestCases.java:68)<br/>
	at java.base/jdk.internal.reflect.NativeMethodAccessorImpl.invoke0(Native Method)<br/>
	at java.base/jdk.internal.reflect.NativeMethodAccessorImpl.invoke(NativeMethodAccessorImpl.java:62)<br/>
	at java.base/jdk.internal.reflect.DelegatingMethodAccessorImpl.invoke(DelegatingMethodAccessorImpl.java:43)<br/>
	at java.base/java.lang.reflect.Method.invoke(Method.java:564)<br/>
	at org.testng.internal.MethodInvocationHelper.invokeMethod(MethodInvocationHelper.java:124)<br/>
	at org.testng.internal.Invoker.invokeMethod(Invoker.java:580)<br/>
	at org.testng.internal.Invoker.retryFailed(Invoker.java:838)<br/>
	at org.testng.internal.Invoker.invokeTestMethods(Invoker.java:1009)<br/>
	at org.testng.internal.TestMethodWorker.invokeTestMethods(TestMethodWorker.java:125)<br/>
	at org.testng.internal.TestMethodWorker.run(TestMethodWorker.java:109)<br/>
	at org.testng.TestRunner.privateRun(TestRunner.java:648)<br/>
	at org.testng.TestRunner.run(TestRunner.java:505)<br/>
	at org.testng.SuiteRunner.runTest(SuiteRunner.java:455)<br/>
	at org.testng.SuiteRunner.access$000(SuiteRunner.java:40)<br/>
	at org.testng.SuiteRunner$SuiteWorker.run(SuiteRunner.java:489)<br/>
	at org.testng.internal.thread.ThreadUtil$1.call(ThreadUtil.java:52)<br/>
	at java.base/java.util.concurrent.FutureTask.run(FutureTask.java:264)<br/>
	at java.base/java.util.concurrent.ThreadPoolExecutor.runWorker(ThreadPoolExecutor.java:1130)<br/>
	at java.base/java.util.concurrent.ThreadPoolExecutor$Worker.run(ThreadPoolExecutor.java:630)<br/>
	at java.base/java.lang.Thread.run(Thread.java:832)<br/></td>
				</tr>
			</tbody>
		</table>
	</div>
					</div>
				</li>
				
				
				<li class='test displayed active  fail' status='fail' bdd='false' test-id='48'>
					<div class='test-heading'>
						<span class='test-name'>To verify able to switch the region frm Au to Nz and vice-versa</span>
						<span class='test-time'>07-10-2020 23:23:18 PM</span>
						<span class='test-status right fail'>fail</span>
					</div>
					<div class='test-content hide'>
<div class='test-time-info'>
	<span class='label start-time'>07-10-2020 23:23:18 PM</span>
	<span class='label end-time'>07-10-2020 23:25:23 PM</span>
	<span class='label time-taken grey lighten-1 white-text'>0h 2m 4s+535ms</span>
</div>
	<div class='test-attributes'>
			<div class='category-list'>
				<span class='category label white-text'>HeaderTestCases</span>
			</div>
	</div>
	<div class='test-steps'>
		<table class='bordered table-results'>
			<thead>
				<tr>
					<th>Status</th>
					<th>Timestamp</th>
					<th>Details</th>
				</tr>
			</thead>
			<tbody>
				<tr class='log' status='fail'>
					<td class='status fail' title='fail' alt='fail'><i class='material-icons'>cancel</i></td>
					<td class='timestamp'>11:46:41 PM</td>
					<td class='step-details'><font colour=#F7464A>FAIL</font></td>
				</tr>
				<tr class='log' status='info'>
					<td class='status info' title='info' alt='info'><i class='material-icons'>info_outline</i></td>
					<td class='timestamp'>11:46:41 PM</td>
					<td class='step-details'>TEST DESCRIPTION= [To verify able to switch the region frm Au to Nz and vice-versa]</td>
				</tr>
				<tr class='log' status='info'>
					<td class='status info' title='info' alt='info'><i class='material-icons'>info_outline</i></td>
					<td class='timestamp'>11:46:41 PM</td>
					<td class='step-details'>EXCEPTION = [<font colour=#F7464A>null</font>]</td>
				</tr>
				<tr class='log' status='info'>
					<td class='status info' title='info' alt='info'><i class='material-icons'>info_outline</i></td>
					<td class='timestamp'>11:46:41 PM</td>
					<td class='step-details'>SCREENSHOT<img data-featherlight='C:\Users\pankajkumar.y\Documents\Workspace 2\HillsProd//test-output//screenshots//verifyregionSwitch_PO_NZ.png' width='10%' src='C:\Users\pankajkumar.y\Documents\Workspace 2\HillsProd//test-output//screenshots//verifyregionSwitch_PO_NZ.png' data-src='C:\Users\pankajkumar.y\Documents\Workspace 2\HillsProd//test-output//screenshots//verifyregionSwitch_PO_NZ.png'></td>
				</tr>
				<tr class='log' status='info'>
					<td class='status info' title='info' alt='info'><i class='material-icons'>info_outline</i></td>
					<td class='timestamp'>11:46:41 PM</td>
					<td class='step-details'>STACKTRACE <br/>
java.lang.NullPointerException<br/>
	at com.modules.LoginActions.clickLoginAndValidation(LoginActions.java:107)<br/>
	at com.modules.LoginActions.emailAndPassword(LoginActions.java:95)<br/>
	at com.modules.LoginActions.verifyLoginCashUserPONZ(LoginActions.java:63)<br/>
	at com.modules.HeaderActions.verifyregionSwitch_PO_NZ(HeaderActions.java:147)<br/>
	at com.testCases.HeaderTestCases.verifyregionSwitch_PO_NZ(HeaderTestCases.java:73)<br/>
	at java.base/jdk.internal.reflect.NativeMethodAccessorImpl.invoke0(Native Method)<br/>
	at java.base/jdk.internal.reflect.NativeMethodAccessorImpl.invoke(NativeMethodAccessorImpl.java:62)<br/>
	at java.base/jdk.internal.reflect.DelegatingMethodAccessorImpl.invoke(DelegatingMethodAccessorImpl.java:43)<br/>
	at java.base/java.lang.reflect.Method.invoke(Method.java:564)<br/>
	at org.testng.internal.MethodInvocationHelper.invokeMethod(MethodInvocationHelper.java:124)<br/>
	at org.testng.internal.Invoker.invokeMethod(Invoker.java:580)<br/>
	at org.testng.internal.Invoker.retryFailed(Invoker.java:838)<br/>
	at org.testng.internal.Invoker.invokeTestMethods(Invoker.java:1009)<br/>
	at org.testng.internal.TestMethodWorker.invokeTestMethods(TestMethodWorker.java:125)<br/>
	at org.testng.internal.TestMethodWorker.run(TestMethodWorker.java:109)<br/>
	at org.testng.TestRunner.privateRun(TestRunner.java:648)<br/>
	at org.testng.TestRunner.run(TestRunner.java:505)<br/>
	at org.testng.SuiteRunner.runTest(SuiteRunner.java:455)<br/>
	at org.testng.SuiteRunner.access$000(SuiteRunner.java:40)<br/>
	at org.testng.SuiteRunner$SuiteWorker.run(SuiteRunner.java:489)<br/>
	at org.testng.internal.thread.ThreadUtil$1.call(ThreadUtil.java:52)<br/>
	at java.base/java.util.concurrent.FutureTask.run(FutureTask.java:264)<br/>
	at java.base/java.util.concurrent.ThreadPoolExecutor.runWorker(ThreadPoolExecutor.java:1130)<br/>
	at java.base/java.util.concurrent.ThreadPoolExecutor$Worker.run(ThreadPoolExecutor.java:630)<br/>
	at java.base/java.lang.Thread.run(Thread.java:832)<br/></td>
				</tr>
			</tbody>
		</table>
	</div>
					</div>
				</li>
				
				
				<li class='test displayed active  fail' status='fail' bdd='false' test-id='49'>
					<div class='test-heading'>
						<span class='test-name'>To verify Feature productsection in Homepage for logged in users</span>
						<span class='test-time'>07-10-2020 23:29:55 PM</span>
						<span class='test-status right fail'>fail</span>
					</div>
					<div class='test-content hide'>
<div class='test-time-info'>
	<span class='label start-time'>07-10-2020 23:29:55 PM</span>
	<span class='label end-time'>07-10-2020 23:31:32 PM</span>
	<span class='label time-taken grey lighten-1 white-text'>0h 1m 37s+10ms</span>
</div>
	<div class='test-attributes'>
			<div class='category-list'>
				<span class='category label white-text'>HomePageTestCases</span>
			</div>
	</div>
	<div class='test-steps'>
		<table class='bordered table-results'>
			<thead>
				<tr>
					<th>Status</th>
					<th>Timestamp</th>
					<th>Details</th>
				</tr>
			</thead>
			<tbody>
				<tr class='log' status='fail'>
					<td class='status fail' title='fail' alt='fail'><i class='material-icons'>cancel</i></td>
					<td class='timestamp'>11:46:41 PM</td>
					<td class='step-details'><font colour=#F7464A>FAIL</font></td>
				</tr>
				<tr class='log' status='info'>
					<td class='status info' title='info' alt='info'><i class='material-icons'>info_outline</i></td>
					<td class='timestamp'>11:46:41 PM</td>
					<td class='step-details'>TEST DESCRIPTION= [To verify Feature productsection in Homepage for logged in users]</td>
				</tr>
				<tr class='log' status='info'>
					<td class='status info' title='info' alt='info'><i class='material-icons'>info_outline</i></td>
					<td class='timestamp'>11:46:41 PM</td>
					<td class='step-details'>EXCEPTION = [<font colour=#F7464A>TypeError: rect is undefined
Build info: version: '3.7.1', revision: '8a0099a', time: '2017-11-06T21:07:31.527Z'
System info: host: 'ECH-LPT-356', ip: '192.168.1.2', os.name: 'Windows 10', os.arch: 'amd64', os.version: '10.0', java.version: '14.0.1'
Driver info: org.openqa.selenium.firefox.FirefoxDriver
Capabilities {acceptInsecureCerts: true, browserName: firefox, browserVersion: 78.0.2, javascriptEnabled: true, moz:accessibilityChecks: false, moz:buildID: 20200708170202, moz:geckodriverVersion: 0.23.0, moz:headless: false, moz:processID: 13080, moz:profile: C:\Users\pankajkumar.y\AppD..., moz:shutdownTimeout: 60000, moz:useNonSpecCompliantPointerOrigin: false, moz:webdriverClick: true, pageLoadStrategy: normal, platform: WINDOWS, platformName: WINDOWS, platformVersion: 10.0, rotatable: false, setWindowRect: true, strictFileInteractability: false, timeouts: {implicit: 0, pageLoad: 300000, script: 30000}, unhandledPromptBehavior: dismiss and notify}
Session ID: 06a3d7d3-68b2-4b25-bb40-f303a269c114</font>]</td>
				</tr>
				<tr class='log' status='info'>
					<td class='status info' title='info' alt='info'><i class='material-icons'>info_outline</i></td>
					<td class='timestamp'>11:46:41 PM</td>
					<td class='step-details'>SCREENSHOT<img data-featherlight='C:\Users\pankajkumar.y\Documents\Workspace 2\HillsProd//test-output//screenshots//verifyFeatureProductSectionForLoggedInUser_SA_AU.png' width='10%' src='C:\Users\pankajkumar.y\Documents\Workspace 2\HillsProd//test-output//screenshots//verifyFeatureProductSectionForLoggedInUser_SA_AU.png' data-src='C:\Users\pankajkumar.y\Documents\Workspace 2\HillsProd//test-output//screenshots//verifyFeatureProductSectionForLoggedInUser_SA_AU.png'></td>
				</tr>
				<tr class='log' status='info'>
					<td class='status info' title='info' alt='info'><i class='material-icons'>info_outline</i></td>
					<td class='timestamp'>11:46:41 PM</td>
					<td class='step-details'>STACKTRACE <br/>
org.openqa.selenium.WebDriverException: TypeError: rect is undefined
Build info: version: '3.7.1', revision: '8a0099a', time: '2017-11-06T21:07:31.527Z'
System info: host: 'ECH-LPT-356', ip: '192.168.1.2', os.name: 'Windows 10', os.arch: 'amd64', os.version: '10.0', java.version: '14.0.1'
Driver info: org.openqa.selenium.firefox.FirefoxDriver
Capabilities {acceptInsecureCerts: true, browserName: firefox, browserVersion: 78.0.2, javascriptEnabled: true, moz:accessibilityChecks: false, moz:buildID: 20200708170202, moz:geckodriverVersion: 0.23.0, moz:headless: false, moz:processID: 13080, moz:profile: C:\Users\pankajkumar.y\AppD..., moz:shutdownTimeout: 60000, moz:useNonSpecCompliantPointerOrigin: false, moz:webdriverClick: true, pageLoadStrategy: normal, platform: WINDOWS, platformName: WINDOWS, platformVersion: 10.0, rotatable: false, setWindowRect: true, strictFileInteractability: false, timeouts: {implicit: 0, pageLoad: 300000, script: 30000}, unhandledPromptBehavior: dismiss and notify}
Session ID: 06a3d7d3-68b2-4b25-bb40-f303a269c114<br/>
	at jdk.internal.reflect.GeneratedConstructorAccessor14.newInstance(Unknown Source)<br/>
	at java.base/jdk.internal.reflect.DelegatingConstructorAccessorImpl.newInstance(DelegatingConstructorAccessorImpl.java:45)<br/>
	at java.base/java.lang.reflect.Constructor.newInstanceWithCaller(Constructor.java:500)<br/>
	at java.base/java.lang.reflect.Constructor.newInstance(Constructor.java:481)<br/>
	at org.openqa.selenium.remote.http.W3CHttpResponseCodec.createException(W3CHttpResponseCodec.java:187)<br/>
	at org.openqa.selenium.remote.http.W3CHttpResponseCodec.decode(W3CHttpResponseCodec.java:122)<br/>
	at org.openqa.selenium.remote.http.W3CHttpResponseCodec.decode(W3CHttpResponseCodec.java:49)<br/>
	at org.openqa.selenium.remote.HttpCommandExecutor.execute(HttpCommandExecutor.java:164)<br/>
	at org.openqa.selenium.remote.service.DriverCommandExecutor.execute(DriverCommandExecutor.java:83)<br/>
	at org.openqa.selenium.remote.RemoteWebDriver.execute(RemoteWebDriver.java:600)<br/>
	at org.openqa.selenium.remote.RemoteWebDriver.perform(RemoteWebDriver.java:666)<br/>
	at org.openqa.selenium.interactions.Actions$BuiltAction.perform(Actions.java:638)<br/>
	at org.openqa.selenium.interactions.Actions.perform(Actions.java:594)<br/>
	at com.utility.WebdriverUtils.clickAction(WebdriverUtils.java:667)<br/>
	at com.modules.HeaderActions.Login_OK_Buttons(HeaderActions.java:14)<br/>
	at com.modules.HomePageActons.verifyFeatureProductSectionForLoggedInUser_SA_AU(HomePageActons.java:16)<br/>
	at com.testCases.HomePageTestCases.verifyFeatureProductSectionForLoggedInUser_SA_AU(HomePageTestCases.java:14)<br/>
	at java.base/jdk.internal.reflect.NativeMethodAccessorImpl.invoke0(Native Method)<br/>
	at java.base/jdk.internal.reflect.NativeMethodAccessorImpl.invoke(NativeMethodAccessorImpl.java:62)<br/>
	at java.base/jdk.internal.reflect.DelegatingMethodAccessorImpl.invoke(DelegatingMethodAccessorImpl.java:43)<br/>
	at java.base/java.lang.reflect.Method.invoke(Method.java:564)<br/>
	at org.testng.internal.MethodInvocationHelper.invokeMethod(MethodInvocationHelper.java:124)<br/>
	at org.testng.internal.Invoker.invokeMethod(Invoker.java:580)<br/>
	at org.testng.internal.Invoker.retryFailed(Invoker.java:838)<br/>
	at org.testng.internal.Invoker.invokeTestMethods(Invoker.java:1009)<br/>
	at org.testng.internal.TestMethodWorker.invokeTestMethods(TestMethodWorker.java:125)<br/>
	at org.testng.internal.TestMethodWorker.run(TestMethodWorker.java:109)<br/>
	at org.testng.TestRunner.privateRun(TestRunner.java:648)<br/>
	at org.testng.TestRunner.run(TestRunner.java:505)<br/>
	at org.testng.SuiteRunner.runTest(SuiteRunner.java:455)<br/>
	at org.testng.SuiteRunner.access$000(SuiteRunner.java:40)<br/>
	at org.testng.SuiteRunner$SuiteWorker.run(SuiteRunner.java:489)<br/>
	at org.testng.internal.thread.ThreadUtil$1.call(ThreadUtil.java:52)<br/>
	at java.base/java.util.concurrent.FutureTask.run(FutureTask.java:264)<br/>
	at java.base/java.util.concurrent.ThreadPoolExecutor.runWorker(ThreadPoolExecutor.java:1130)<br/>
	at java.base/java.util.concurrent.ThreadPoolExecutor$Worker.run(ThreadPoolExecutor.java:630)<br/>
	at java.base/java.lang.Thread.run(Thread.java:832)<br/></td>
				</tr>
			</tbody>
		</table>
	</div>
					</div>
				</li>
				
				
				<li class='test displayed active  fail' status='fail' bdd='false' test-id='50'>
					<div class='test-heading'>
						<span class='test-name'>To verify Feature productsection in Homepage for logged in users</span>
						<span class='test-time'>07-10-2020 23:34:52 PM</span>
						<span class='test-status right fail'>fail</span>
					</div>
					<div class='test-content hide'>
<div class='test-time-info'>
	<span class='label start-time'>07-10-2020 23:34:52 PM</span>
	<span class='label end-time'>07-10-2020 23:36:26 PM</span>
	<span class='label time-taken grey lighten-1 white-text'>0h 1m 33s+465ms</span>
</div>
	<div class='test-attributes'>
			<div class='category-list'>
				<span class='category label white-text'>HomePageTestCases</span>
			</div>
	</div>
	<div class='test-steps'>
		<table class='bordered table-results'>
			<thead>
				<tr>
					<th>Status</th>
					<th>Timestamp</th>
					<th>Details</th>
				</tr>
			</thead>
			<tbody>
				<tr class='log' status='fail'>
					<td class='status fail' title='fail' alt='fail'><i class='material-icons'>cancel</i></td>
					<td class='timestamp'>11:46:41 PM</td>
					<td class='step-details'><font colour=#F7464A>FAIL</font></td>
				</tr>
				<tr class='log' status='info'>
					<td class='status info' title='info' alt='info'><i class='material-icons'>info_outline</i></td>
					<td class='timestamp'>11:46:41 PM</td>
					<td class='step-details'>TEST DESCRIPTION= [To verify Feature productsection in Homepage for logged in users]</td>
				</tr>
				<tr class='log' status='info'>
					<td class='status info' title='info' alt='info'><i class='material-icons'>info_outline</i></td>
					<td class='timestamp'>11:46:41 PM</td>
					<td class='step-details'>EXCEPTION = [<font colour=#F7464A>TypeError: rect is undefined
Build info: version: '3.7.1', revision: '8a0099a', time: '2017-11-06T21:07:31.527Z'
System info: host: 'ECH-LPT-356', ip: '192.168.1.2', os.name: 'Windows 10', os.arch: 'amd64', os.version: '10.0', java.version: '14.0.1'
Driver info: org.openqa.selenium.firefox.FirefoxDriver
Capabilities {acceptInsecureCerts: true, browserName: firefox, browserVersion: 78.0.2, javascriptEnabled: true, moz:accessibilityChecks: false, moz:buildID: 20200708170202, moz:geckodriverVersion: 0.23.0, moz:headless: false, moz:processID: 9696, moz:profile: C:\Users\pankajkumar.y\AppD..., moz:shutdownTimeout: 60000, moz:useNonSpecCompliantPointerOrigin: false, moz:webdriverClick: true, pageLoadStrategy: normal, platform: WINDOWS, platformName: WINDOWS, platformVersion: 10.0, rotatable: false, setWindowRect: true, strictFileInteractability: false, timeouts: {implicit: 0, pageLoad: 300000, script: 30000}, unhandledPromptBehavior: dismiss and notify}
Session ID: 20c047a0-c5c2-4d9c-b7d8-14c69d0ab201</font>]</td>
				</tr>
				<tr class='log' status='info'>
					<td class='status info' title='info' alt='info'><i class='material-icons'>info_outline</i></td>
					<td class='timestamp'>11:46:41 PM</td>
					<td class='step-details'>SCREENSHOT<img data-featherlight='C:\Users\pankajkumar.y\Documents\Workspace 2\HillsProd//test-output//screenshots//verifyFeatureProductSectionForLoggedInUser_SA_NZ.png' width='10%' src='C:\Users\pankajkumar.y\Documents\Workspace 2\HillsProd//test-output//screenshots//verifyFeatureProductSectionForLoggedInUser_SA_NZ.png' data-src='C:\Users\pankajkumar.y\Documents\Workspace 2\HillsProd//test-output//screenshots//verifyFeatureProductSectionForLoggedInUser_SA_NZ.png'></td>
				</tr>
				<tr class='log' status='info'>
					<td class='status info' title='info' alt='info'><i class='material-icons'>info_outline</i></td>
					<td class='timestamp'>11:46:41 PM</td>
					<td class='step-details'>STACKTRACE <br/>
org.openqa.selenium.WebDriverException: TypeError: rect is undefined
Build info: version: '3.7.1', revision: '8a0099a', time: '2017-11-06T21:07:31.527Z'
System info: host: 'ECH-LPT-356', ip: '192.168.1.2', os.name: 'Windows 10', os.arch: 'amd64', os.version: '10.0', java.version: '14.0.1'
Driver info: org.openqa.selenium.firefox.FirefoxDriver
Capabilities {acceptInsecureCerts: true, browserName: firefox, browserVersion: 78.0.2, javascriptEnabled: true, moz:accessibilityChecks: false, moz:buildID: 20200708170202, moz:geckodriverVersion: 0.23.0, moz:headless: false, moz:processID: 9696, moz:profile: C:\Users\pankajkumar.y\AppD..., moz:shutdownTimeout: 60000, moz:useNonSpecCompliantPointerOrigin: false, moz:webdriverClick: true, pageLoadStrategy: normal, platform: WINDOWS, platformName: WINDOWS, platformVersion: 10.0, rotatable: false, setWindowRect: true, strictFileInteractability: false, timeouts: {implicit: 0, pageLoad: 300000, script: 30000}, unhandledPromptBehavior: dismiss and notify}
Session ID: 20c047a0-c5c2-4d9c-b7d8-14c69d0ab201<br/>
	at jdk.internal.reflect.GeneratedConstructorAccessor14.newInstance(Unknown Source)<br/>
	at java.base/jdk.internal.reflect.DelegatingConstructorAccessorImpl.newInstance(DelegatingConstructorAccessorImpl.java:45)<br/>
	at java.base/java.lang.reflect.Constructor.newInstanceWithCaller(Constructor.java:500)<br/>
	at java.base/java.lang.reflect.Constructor.newInstance(Constructor.java:481)<br/>
	at org.openqa.selenium.remote.http.W3CHttpResponseCodec.createException(W3CHttpResponseCodec.java:187)<br/>
	at org.openqa.selenium.remote.http.W3CHttpResponseCodec.decode(W3CHttpResponseCodec.java:122)<br/>
	at org.openqa.selenium.remote.http.W3CHttpResponseCodec.decode(W3CHttpResponseCodec.java:49)<br/>
	at org.openqa.selenium.remote.HttpCommandExecutor.execute(HttpCommandExecutor.java:164)<br/>
	at org.openqa.selenium.remote.service.DriverCommandExecutor.execute(DriverCommandExecutor.java:83)<br/>
	at org.openqa.selenium.remote.RemoteWebDriver.execute(RemoteWebDriver.java:600)<br/>
	at org.openqa.selenium.remote.RemoteWebDriver.perform(RemoteWebDriver.java:666)<br/>
	at org.openqa.selenium.interactions.Actions$BuiltAction.perform(Actions.java:638)<br/>
	at org.openqa.selenium.interactions.Actions.perform(Actions.java:594)<br/>
	at com.utility.WebdriverUtils.clickAction(WebdriverUtils.java:667)<br/>
	at com.modules.HeaderActions.Login_OK_Buttons(HeaderActions.java:14)<br/>
	at com.modules.HomePageActons.verifyFeatureProductSectionForLoggedInUser_SA_NZ(HomePageActons.java:27)<br/>
	at com.testCases.HomePageTestCases.verifyFeatureProductSectionForLoggedInUser_SA_NZ(HomePageTestCases.java:18)<br/>
	at java.base/jdk.internal.reflect.NativeMethodAccessorImpl.invoke0(Native Method)<br/>
	at java.base/jdk.internal.reflect.NativeMethodAccessorImpl.invoke(NativeMethodAccessorImpl.java:62)<br/>
	at java.base/jdk.internal.reflect.DelegatingMethodAccessorImpl.invoke(DelegatingMethodAccessorImpl.java:43)<br/>
	at java.base/java.lang.reflect.Method.invoke(Method.java:564)<br/>
	at org.testng.internal.MethodInvocationHelper.invokeMethod(MethodInvocationHelper.java:124)<br/>
	at org.testng.internal.Invoker.invokeMethod(Invoker.java:580)<br/>
	at org.testng.internal.Invoker.retryFailed(Invoker.java:838)<br/>
	at org.testng.internal.Invoker.invokeTestMethods(Invoker.java:1009)<br/>
	at org.testng.internal.TestMethodWorker.invokeTestMethods(TestMethodWorker.java:125)<br/>
	at org.testng.internal.TestMethodWorker.run(TestMethodWorker.java:109)<br/>
	at org.testng.TestRunner.privateRun(TestRunner.java:648)<br/>
	at org.testng.TestRunner.run(TestRunner.java:505)<br/>
	at org.testng.SuiteRunner.runTest(SuiteRunner.java:455)<br/>
	at org.testng.SuiteRunner.access$000(SuiteRunner.java:40)<br/>
	at org.testng.SuiteRunner$SuiteWorker.run(SuiteRunner.java:489)<br/>
	at org.testng.internal.thread.ThreadUtil$1.call(ThreadUtil.java:52)<br/>
	at java.base/java.util.concurrent.FutureTask.run(FutureTask.java:264)<br/>
	at java.base/java.util.concurrent.ThreadPoolExecutor.runWorker(ThreadPoolExecutor.java:1130)<br/>
	at java.base/java.util.concurrent.ThreadPoolExecutor$Worker.run(ThreadPoolExecutor.java:630)<br/>
	at java.base/java.lang.Thread.run(Thread.java:832)<br/></td>
				</tr>
			</tbody>
		</table>
	</div>
					</div>
				</li>
				
				
				<li class='test displayed active  fail' status='fail' bdd='false' test-id='51'>
					<div class='test-heading'>
						<span class='test-name'>To verify Feature productsection in Homepage for logged in users</span>
						<span class='test-time'>07-10-2020 23:39:27 PM</span>
						<span class='test-status right fail'>fail</span>
					</div>
					<div class='test-content hide'>
<div class='test-time-info'>
	<span class='label start-time'>07-10-2020 23:39:27 PM</span>
	<span class='label end-time'>07-10-2020 23:41:00 PM</span>
	<span class='label time-taken grey lighten-1 white-text'>0h 1m 33s+451ms</span>
</div>
	<div class='test-attributes'>
			<div class='category-list'>
				<span class='category label white-text'>HomePageTestCases</span>
			</div>
	</div>
	<div class='test-steps'>
		<table class='bordered table-results'>
			<thead>
				<tr>
					<th>Status</th>
					<th>Timestamp</th>
					<th>Details</th>
				</tr>
			</thead>
			<tbody>
				<tr class='log' status='fail'>
					<td class='status fail' title='fail' alt='fail'><i class='material-icons'>cancel</i></td>
					<td class='timestamp'>11:46:41 PM</td>
					<td class='step-details'><font colour=#F7464A>FAIL</font></td>
				</tr>
				<tr class='log' status='info'>
					<td class='status info' title='info' alt='info'><i class='material-icons'>info_outline</i></td>
					<td class='timestamp'>11:46:41 PM</td>
					<td class='step-details'>TEST DESCRIPTION= [To verify Feature productsection in Homepage for logged in users]</td>
				</tr>
				<tr class='log' status='info'>
					<td class='status info' title='info' alt='info'><i class='material-icons'>info_outline</i></td>
					<td class='timestamp'>11:46:41 PM</td>
					<td class='step-details'>EXCEPTION = [<font colour=#F7464A>TypeError: rect is undefined
Build info: version: '3.7.1', revision: '8a0099a', time: '2017-11-06T21:07:31.527Z'
System info: host: 'ECH-LPT-356', ip: '192.168.1.2', os.name: 'Windows 10', os.arch: 'amd64', os.version: '10.0', java.version: '14.0.1'
Driver info: org.openqa.selenium.firefox.FirefoxDriver
Capabilities {acceptInsecureCerts: true, browserName: firefox, browserVersion: 78.0.2, javascriptEnabled: true, moz:accessibilityChecks: false, moz:buildID: 20200708170202, moz:geckodriverVersion: 0.23.0, moz:headless: false, moz:processID: 15716, moz:profile: C:\Users\pankajkumar.y\AppD..., moz:shutdownTimeout: 60000, moz:useNonSpecCompliantPointerOrigin: false, moz:webdriverClick: true, pageLoadStrategy: normal, platform: WINDOWS, platformName: WINDOWS, platformVersion: 10.0, rotatable: false, setWindowRect: true, strictFileInteractability: false, timeouts: {implicit: 0, pageLoad: 300000, script: 30000}, unhandledPromptBehavior: dismiss and notify}
Session ID: aaacb8ad-4c9e-4a7f-bfa2-e7ae6cf3cac1</font>]</td>
				</tr>
				<tr class='log' status='info'>
					<td class='status info' title='info' alt='info'><i class='material-icons'>info_outline</i></td>
					<td class='timestamp'>11:46:41 PM</td>
					<td class='step-details'>SCREENSHOT<img data-featherlight='C:\Users\pankajkumar.y\Documents\Workspace 2\HillsProd//test-output//screenshots//verifyFeatureProductSectionForLoggedInUser_PO_AU.png' width='10%' src='C:\Users\pankajkumar.y\Documents\Workspace 2\HillsProd//test-output//screenshots//verifyFeatureProductSectionForLoggedInUser_PO_AU.png' data-src='C:\Users\pankajkumar.y\Documents\Workspace 2\HillsProd//test-output//screenshots//verifyFeatureProductSectionForLoggedInUser_PO_AU.png'></td>
				</tr>
				<tr class='log' status='info'>
					<td class='status info' title='info' alt='info'><i class='material-icons'>info_outline</i></td>
					<td class='timestamp'>11:46:41 PM</td>
					<td class='step-details'>STACKTRACE <br/>
org.openqa.selenium.WebDriverException: TypeError: rect is undefined
Build info: version: '3.7.1', revision: '8a0099a', time: '2017-11-06T21:07:31.527Z'
System info: host: 'ECH-LPT-356', ip: '192.168.1.2', os.name: 'Windows 10', os.arch: 'amd64', os.version: '10.0', java.version: '14.0.1'
Driver info: org.openqa.selenium.firefox.FirefoxDriver
Capabilities {acceptInsecureCerts: true, browserName: firefox, browserVersion: 78.0.2, javascriptEnabled: true, moz:accessibilityChecks: false, moz:buildID: 20200708170202, moz:geckodriverVersion: 0.23.0, moz:headless: false, moz:processID: 15716, moz:profile: C:\Users\pankajkumar.y\AppD..., moz:shutdownTimeout: 60000, moz:useNonSpecCompliantPointerOrigin: false, moz:webdriverClick: true, pageLoadStrategy: normal, platform: WINDOWS, platformName: WINDOWS, platformVersion: 10.0, rotatable: false, setWindowRect: true, strictFileInteractability: false, timeouts: {implicit: 0, pageLoad: 300000, script: 30000}, unhandledPromptBehavior: dismiss and notify}
Session ID: aaacb8ad-4c9e-4a7f-bfa2-e7ae6cf3cac1<br/>
	at jdk.internal.reflect.GeneratedConstructorAccessor14.newInstance(Unknown Source)<br/>
	at java.base/jdk.internal.reflect.DelegatingConstructorAccessorImpl.newInstance(DelegatingConstructorAccessorImpl.java:45)<br/>
	at java.base/java.lang.reflect.Constructor.newInstanceWithCaller(Constructor.java:500)<br/>
	at java.base/java.lang.reflect.Constructor.newInstance(Constructor.java:481)<br/>
	at org.openqa.selenium.remote.http.W3CHttpResponseCodec.createException(W3CHttpResponseCodec.java:187)<br/>
	at org.openqa.selenium.remote.http.W3CHttpResponseCodec.decode(W3CHttpResponseCodec.java:122)<br/>
	at org.openqa.selenium.remote.http.W3CHttpResponseCodec.decode(W3CHttpResponseCodec.java:49)<br/>
	at org.openqa.selenium.remote.HttpCommandExecutor.execute(HttpCommandExecutor.java:164)<br/>
	at org.openqa.selenium.remote.service.DriverCommandExecutor.execute(DriverCommandExecutor.java:83)<br/>
	at org.openqa.selenium.remote.RemoteWebDriver.execute(RemoteWebDriver.java:600)<br/>
	at org.openqa.selenium.remote.RemoteWebDriver.perform(RemoteWebDriver.java:666)<br/>
	at org.openqa.selenium.interactions.Actions$BuiltAction.perform(Actions.java:638)<br/>
	at org.openqa.selenium.interactions.Actions.perform(Actions.java:594)<br/>
	at com.utility.WebdriverUtils.clickAction(WebdriverUtils.java:667)<br/>
	at com.modules.HeaderActions.Login_OK_Buttons(HeaderActions.java:14)<br/>
	at com.modules.HomePageActons.verifyFeatureProductSectionForLoggedInUser_SA_AU(HomePageActons.java:16)<br/>
	at com.testCases.HomePageTestCases.verifyFeatureProductSectionForLoggedInUser_PO_AU(HomePageTestCases.java:22)<br/>
	at java.base/jdk.internal.reflect.NativeMethodAccessorImpl.invoke0(Native Method)<br/>
	at java.base/jdk.internal.reflect.NativeMethodAccessorImpl.invoke(NativeMethodAccessorImpl.java:62)<br/>
	at java.base/jdk.internal.reflect.DelegatingMethodAccessorImpl.invoke(DelegatingMethodAccessorImpl.java:43)<br/>
	at java.base/java.lang.reflect.Method.invoke(Method.java:564)<br/>
	at org.testng.internal.MethodInvocationHelper.invokeMethod(MethodInvocationHelper.java:124)<br/>
	at org.testng.internal.Invoker.invokeMethod(Invoker.java:580)<br/>
	at org.testng.internal.Invoker.retryFailed(Invoker.java:838)<br/>
	at org.testng.internal.Invoker.invokeTestMethods(Invoker.java:1009)<br/>
	at org.testng.internal.TestMethodWorker.invokeTestMethods(TestMethodWorker.java:125)<br/>
	at org.testng.internal.TestMethodWorker.run(TestMethodWorker.java:109)<br/>
	at org.testng.TestRunner.privateRun(TestRunner.java:648)<br/>
	at org.testng.TestRunner.run(TestRunner.java:505)<br/>
	at org.testng.SuiteRunner.runTest(SuiteRunner.java:455)<br/>
	at org.testng.SuiteRunner.access$000(SuiteRunner.java:40)<br/>
	at org.testng.SuiteRunner$SuiteWorker.run(SuiteRunner.java:489)<br/>
	at org.testng.internal.thread.ThreadUtil$1.call(ThreadUtil.java:52)<br/>
	at java.base/java.util.concurrent.FutureTask.run(FutureTask.java:264)<br/>
	at java.base/java.util.concurrent.ThreadPoolExecutor.runWorker(ThreadPoolExecutor.java:1130)<br/>
	at java.base/java.util.concurrent.ThreadPoolExecutor$Worker.run(ThreadPoolExecutor.java:630)<br/>
	at java.base/java.lang.Thread.run(Thread.java:832)<br/></td>
				</tr>
			</tbody>
		</table>
	</div>
					</div>
				</li>
				
				
				<li class='test displayed active  fail' status='fail' bdd='false' test-id='52'>
					<div class='test-heading'>
						<span class='test-name'>To verify Feature productsection in Homepage for logged in users</span>
						<span class='test-time'>07-10-2020 23:44:27 PM</span>
						<span class='test-status right fail'>fail</span>
					</div>
					<div class='test-content hide'>
<div class='test-time-info'>
	<span class='label start-time'>07-10-2020 23:44:27 PM</span>
	<span class='label end-time'>07-10-2020 23:46:01 PM</span>
	<span class='label time-taken grey lighten-1 white-text'>0h 1m 33s+239ms</span>
</div>
	<div class='test-attributes'>
			<div class='category-list'>
				<span class='category label white-text'>HomePageTestCases</span>
			</div>
	</div>
	<div class='test-steps'>
		<table class='bordered table-results'>
			<thead>
				<tr>
					<th>Status</th>
					<th>Timestamp</th>
					<th>Details</th>
				</tr>
			</thead>
			<tbody>
				<tr class='log' status='fail'>
					<td class='status fail' title='fail' alt='fail'><i class='material-icons'>cancel</i></td>
					<td class='timestamp'>11:46:41 PM</td>
					<td class='step-details'><font colour=#F7464A>FAIL</font></td>
				</tr>
				<tr class='log' status='info'>
					<td class='status info' title='info' alt='info'><i class='material-icons'>info_outline</i></td>
					<td class='timestamp'>11:46:41 PM</td>
					<td class='step-details'>TEST DESCRIPTION= [To verify Feature productsection in Homepage for logged in users]</td>
				</tr>
				<tr class='log' status='info'>
					<td class='status info' title='info' alt='info'><i class='material-icons'>info_outline</i></td>
					<td class='timestamp'>11:46:41 PM</td>
					<td class='step-details'>EXCEPTION = [<font colour=#F7464A>TypeError: rect is undefined
Build info: version: '3.7.1', revision: '8a0099a', time: '2017-11-06T21:07:31.527Z'
System info: host: 'ECH-LPT-356', ip: '192.168.1.2', os.name: 'Windows 10', os.arch: 'amd64', os.version: '10.0', java.version: '14.0.1'
Driver info: org.openqa.selenium.firefox.FirefoxDriver
Capabilities {acceptInsecureCerts: true, browserName: firefox, browserVersion: 78.0.2, javascriptEnabled: true, moz:accessibilityChecks: false, moz:buildID: 20200708170202, moz:geckodriverVersion: 0.23.0, moz:headless: false, moz:processID: 10988, moz:profile: C:\Users\pankajkumar.y\AppD..., moz:shutdownTimeout: 60000, moz:useNonSpecCompliantPointerOrigin: false, moz:webdriverClick: true, pageLoadStrategy: normal, platform: WINDOWS, platformName: WINDOWS, platformVersion: 10.0, rotatable: false, setWindowRect: true, strictFileInteractability: false, timeouts: {implicit: 0, pageLoad: 300000, script: 30000}, unhandledPromptBehavior: dismiss and notify}
Session ID: 413701a3-05ca-490c-a8f6-3372e455ed32</font>]</td>
				</tr>
				<tr class='log' status='info'>
					<td class='status info' title='info' alt='info'><i class='material-icons'>info_outline</i></td>
					<td class='timestamp'>11:46:41 PM</td>
					<td class='step-details'>SCREENSHOT<img data-featherlight='C:\Users\pankajkumar.y\Documents\Workspace 2\HillsProd//test-output//screenshots//verifyFeatureProductSectionForLoggedInUser_PO_NZ.png' width='10%' src='C:\Users\pankajkumar.y\Documents\Workspace 2\HillsProd//test-output//screenshots//verifyFeatureProductSectionForLoggedInUser_PO_NZ.png' data-src='C:\Users\pankajkumar.y\Documents\Workspace 2\HillsProd//test-output//screenshots//verifyFeatureProductSectionForLoggedInUser_PO_NZ.png'></td>
				</tr>
				<tr class='log' status='info'>
					<td class='status info' title='info' alt='info'><i class='material-icons'>info_outline</i></td>
					<td class='timestamp'>11:46:41 PM</td>
					<td class='step-details'>STACKTRACE <br/>
org.openqa.selenium.WebDriverException: TypeError: rect is undefined
Build info: version: '3.7.1', revision: '8a0099a', time: '2017-11-06T21:07:31.527Z'
System info: host: 'ECH-LPT-356', ip: '192.168.1.2', os.name: 'Windows 10', os.arch: 'amd64', os.version: '10.0', java.version: '14.0.1'
Driver info: org.openqa.selenium.firefox.FirefoxDriver
Capabilities {acceptInsecureCerts: true, browserName: firefox, browserVersion: 78.0.2, javascriptEnabled: true, moz:accessibilityChecks: false, moz:buildID: 20200708170202, moz:geckodriverVersion: 0.23.0, moz:headless: false, moz:processID: 10988, moz:profile: C:\Users\pankajkumar.y\AppD..., moz:shutdownTimeout: 60000, moz:useNonSpecCompliantPointerOrigin: false, moz:webdriverClick: true, pageLoadStrategy: normal, platform: WINDOWS, platformName: WINDOWS, platformVersion: 10.0, rotatable: false, setWindowRect: true, strictFileInteractability: false, timeouts: {implicit: 0, pageLoad: 300000, script: 30000}, unhandledPromptBehavior: dismiss and notify}
Session ID: 413701a3-05ca-490c-a8f6-3372e455ed32<br/>
	at jdk.internal.reflect.GeneratedConstructorAccessor14.newInstance(Unknown Source)<br/>
	at java.base/jdk.internal.reflect.DelegatingConstructorAccessorImpl.newInstance(DelegatingConstructorAccessorImpl.java:45)<br/>
	at java.base/java.lang.reflect.Constructor.newInstanceWithCaller(Constructor.java:500)<br/>
	at java.base/java.lang.reflect.Constructor.newInstance(Constructor.java:481)<br/>
	at org.openqa.selenium.remote.http.W3CHttpResponseCodec.createException(W3CHttpResponseCodec.java:187)<br/>
	at org.openqa.selenium.remote.http.W3CHttpResponseCodec.decode(W3CHttpResponseCodec.java:122)<br/>
	at org.openqa.selenium.remote.http.W3CHttpResponseCodec.decode(W3CHttpResponseCodec.java:49)<br/>
	at org.openqa.selenium.remote.HttpCommandExecutor.execute(HttpCommandExecutor.java:164)<br/>
	at org.openqa.selenium.remote.service.DriverCommandExecutor.execute(DriverCommandExecutor.java:83)<br/>
	at org.openqa.selenium.remote.RemoteWebDriver.execute(RemoteWebDriver.java:600)<br/>
	at org.openqa.selenium.remote.RemoteWebDriver.perform(RemoteWebDriver.java:666)<br/>
	at org.openqa.selenium.interactions.Actions$BuiltAction.perform(Actions.java:638)<br/>
	at org.openqa.selenium.interactions.Actions.perform(Actions.java:594)<br/>
	at com.utility.WebdriverUtils.clickAction(WebdriverUtils.java:667)<br/>
	at com.modules.HeaderActions.Login_OK_Buttons(HeaderActions.java:14)<br/>
	at com.modules.HomePageActons.verifyFeatureProductSectionForLoggedInUser_PO_NZ(HomePageActons.java:49)<br/>
	at com.testCases.HomePageTestCases.verifyFeatureProductSectionForLoggedInUser_PO_NZ(HomePageTestCases.java:26)<br/>
	at java.base/jdk.internal.reflect.NativeMethodAccessorImpl.invoke0(Native Method)<br/>
	at java.base/jdk.internal.reflect.NativeMethodAccessorImpl.invoke(NativeMethodAccessorImpl.java:62)<br/>
	at java.base/jdk.internal.reflect.DelegatingMethodAccessorImpl.invoke(DelegatingMethodAccessorImpl.java:43)<br/>
	at java.base/java.lang.reflect.Method.invoke(Method.java:564)<br/>
	at org.testng.internal.MethodInvocationHelper.invokeMethod(MethodInvocationHelper.java:124)<br/>
	at org.testng.internal.Invoker.invokeMethod(Invoker.java:580)<br/>
	at org.testng.internal.Invoker.retryFailed(Invoker.java:838)<br/>
	at org.testng.internal.Invoker.invokeTestMethods(Invoker.java:1009)<br/>
	at org.testng.internal.TestMethodWorker.invokeTestMethods(TestMethodWorker.java:125)<br/>
	at org.testng.internal.TestMethodWorker.run(TestMethodWorker.java:109)<br/>
	at org.testng.TestRunner.privateRun(TestRunner.java:648)<br/>
	at org.testng.TestRunner.run(TestRunner.java:505)<br/>
	at org.testng.SuiteRunner.runTest(SuiteRunner.java:455)<br/>
	at org.testng.SuiteRunner.access$000(SuiteRunner.java:40)<br/>
	at org.testng.SuiteRunner$SuiteWorker.run(SuiteRunner.java:489)<br/>
	at org.testng.internal.thread.ThreadUtil$1.call(ThreadUtil.java:52)<br/>
	at java.base/java.util.concurrent.FutureTask.run(FutureTask.java:264)<br/>
	at java.base/java.util.concurrent.ThreadPoolExecutor.runWorker(ThreadPoolExecutor.java:1130)<br/>
	at java.base/java.util.concurrent.ThreadPoolExecutor$Worker.run(ThreadPoolExecutor.java:630)<br/>
	at java.base/java.lang.Thread.run(Thread.java:832)<br/></td>
				</tr>
			</tbody>
		</table>
	</div>
					</div>
				</li>
				
				
				<li class='test displayed active  pass' status='pass' bdd='false' test-id='53'>
					<div class='test-heading'>
						<span class='test-name'>To verify Feature productsection in Homepage for Guest users</span>
						<span class='test-time'>07-10-2020 23:46:06 PM</span>
						<span class='test-status right pass'>pass</span>
					</div>
					<div class='test-content hide'>
<div class='test-time-info'>
	<span class='label start-time'>07-10-2020 23:46:06 PM</span>
	<span class='label end-time'>07-10-2020 23:46:17 PM</span>
	<span class='label time-taken grey lighten-1 white-text'>0h 0m 11s+502ms</span>
</div>
	<div class='test-attributes'>
			<div class='category-list'>
				<span class='category label white-text'>HomePageTestCases</span>
			</div>
	</div>
	<div class='test-steps'>
		<table class='bordered table-results'>
			<thead>
				<tr>
					<th>Status</th>
					<th>Timestamp</th>
					<th>Details</th>
				</tr>
			</thead>
			<tbody>
				<tr class='log' status='pass'>
					<td class='status pass' title='pass' alt='pass'><i class='material-icons'>check_circle</i></td>
					<td class='timestamp'>11:46:41 PM</td>
					<td class='step-details'><font colour=#00af00>PASS</font></td>
				</tr>
				<tr class='log' status='info'>
					<td class='status info' title='info' alt='info'><i class='material-icons'>info_outline</i></td>
					<td class='timestamp'>11:46:41 PM</td>
					<td class='step-details'>TEST DESCRIPTION= [To verify Feature productsection in Homepage for Guest users]</td>
				</tr>
			</tbody>
		</table>
	</div>
					</div>
				</li>
				
				
				<li class='test displayed active  pass' status='pass' bdd='false' test-id='54'>
					<div class='test-heading'>
						<span class='test-name'>To verify Feature productsection in Homepage for Guest users</span>
						<span class='test-time'>07-10-2020 23:46:23 PM</span>
						<span class='test-status right pass'>pass</span>
					</div>
					<div class='test-content hide'>
<div class='test-time-info'>
	<span class='label start-time'>07-10-2020 23:46:23 PM</span>
	<span class='label end-time'>07-10-2020 23:46:39 PM</span>
	<span class='label time-taken grey lighten-1 white-text'>0h 0m 16s+772ms</span>
</div>
	<div class='test-attributes'>
			<div class='category-list'>
				<span class='category label white-text'>HomePageTestCases</span>
			</div>
	</div>
	<div class='test-steps'>
		<table class='bordered table-results'>
			<thead>
				<tr>
					<th>Status</th>
					<th>Timestamp</th>
					<th>Details</th>
				</tr>
			</thead>
			<tbody>
				<tr class='log' status='pass'>
					<td class='status pass' title='pass' alt='pass'><i class='material-icons'>check_circle</i></td>
					<td class='timestamp'>11:46:41 PM</td>
					<td class='step-details'><font colour=#00af00>PASS</font></td>
				</tr>
				<tr class='log' status='info'>
					<td class='status info' title='info' alt='info'><i class='material-icons'>info_outline</i></td>
					<td class='timestamp'>11:46:41 PM</td>
					<td class='step-details'>TEST DESCRIPTION= [To verify Feature productsection in Homepage for Guest users]</td>
				</tr>
			</tbody>
		</table>
	</div>
					</div>
				</li>
			</ul>
		</div>
	</div>
	<!-- subview left -->

	<div class='subview-right left'>
		<div class='view-summary'>
			<h5 class='test-name'></h5>

			<div id='step-filters' class="right">
				<span class="blue-text" status="info" alt="info" title="info"><i class="material-icons">info_outline</i></span>
				<span class="green-text" status="pass" alt="pass" title="pass"><i class="material-icons">check_circle</i></span>
				<span class="red-text" status="fail" alt="fail" title="fail"><i class="material-icons">cancel</i></span>
				<span class="red-text text-darken-4" status="fatal" alt="fatal" title="fatal"><i class="material-icons">cancel</i></span>
				<span class="pink-text text-lighten-1" status="error" alt="error" title="error"><i class="material-icons">error</i></span>
				<span class="orange-text" alt="warning" status="warning" title="warning"><i class="material-icons">warning</i></span>
				<span class="teal-text" status="skip" alt="skip" title="skip"><i class="material-icons">redo</i></span>
				<span status="clear" alt="Clear filters" title="Clear filters"><i class="material-icons">clear</i></span>
			</div>
		</div>
	</div>
	<!-- subview right -->

</div>
<!-- test view -->
<div id='category-view' class='view hide'>

	<section id='controls'>
		<div class='controls grey lighten-4'>
			<!-- search -->
			<div class='chip transparent' alt='Search Tests' title='Search Tests'>
				<a href="#" class='search-div'>
					<i class='material-icons'>search</i> Search
				</a>
				
				<div class='input-field left hide'>
					<input id='search-tests' type='text' class='validate browser-default' placeholder='Search Tests...'>
				</div>
				
			</div>
			<!-- search -->
		</div>
	</section>

	<div class='subview-left left'>
		
		<div class='view-summary'>
			<h5>Categories</h3>
			<ul id='category-collection' class='category-collection'>
				
				<li class='category displayed active'>
					<div class='category-heading'>
						<span class='category-name'>PLPTestCases</span>
						<span class='category-status right'>
							<span class='label pass'>9</span>
							<span class='label fail'>1</span>
						</span>
					</div>
					<div class='category-content hide'>
						<div class='category-status-counts'>
							<span class='label green accent-4 white-text'>Passed: 9</span>
							<span class='label red lighten-1 white-text'>Failed: 1</span>
							
						</div>
					
						<div class='category-tests'>
							<table class='bordered table-results'>
								<thead>
									<tr>
										<th>Timestamp</th>
										<th>TestName</th>
										<th>Status</th>
									</tr>
								</thead>
								<tbody>
									<tr>
										<td>07-10-2020 20:58:19 PM</td>
										<td class='linked' test-id='1'>verify add to cart functionality</td>
										<td><span class='test-status pass'>pass</span></td>
									</tr>
									<tr>
										<td>07-10-2020 21:05:20 PM</td>
										<td class='linked' test-id='2'>To verify Add to cart button is disabled for AO users in PLP</td>
										<td><span class='test-status fail'>fail</span></td>
									</tr>
									<tr>
										<td>07-10-2020 21:07:26 PM</td>
										<td class='linked' test-id='3'>To verify sort by functionality in PLP</td>
										<td><span class='test-status pass'>pass</span></td>
									</tr>
									<tr>
										<td>07-10-2020 21:10:02 PM</td>
										<td class='linked' test-id='4'>To Verify the CTA of  "Check Stock Availability at Future Date " link.</td>
										<td><span class='test-status pass'>pass</span></td>
									</tr>
									<tr>
										<td>07-10-2020 21:11:27 PM</td>
										<td class='linked' test-id='5'>To verify the functionality of Check ETA button in PLP</td>
										<td><span class='test-status pass'>pass</span></td>
									</tr>
									<tr>
										<td>07-10-2020 21:13:45 PM</td>
										<td class='linked' test-id='6'>To verify the display of "Check Stock Availability at Future Date " CTA  for the Out of Stock Products.</td>
										<td><span class='test-status pass'>pass</span></td>
									</tr>
									<tr>
										<td>07-10-2020 21:15:25 PM</td>
										<td class='linked' test-id='7'>To verify the selection of past dates are not allowed in the Date picker.</td>
										<td><span class='test-status pass'>pass</span></td>
									</tr>
									<tr>
										<td>07-10-2020 21:17:00 PM</td>
										<td class='linked' test-id='8'>To verify the stock information displayed for any selected date.</td>
										<td><span class='test-status pass'>pass</span></td>
									</tr>
									<tr>
										<td>07-10-2020 21:18:38 PM</td>
										<td class='linked' test-id='9'>To verify the functionality of OK CTA displayed on the Popup.</td>
										<td><span class='test-status pass'>pass</span></td>
									</tr>
									<tr>
										<td>07-10-2020 21:23:34 PM</td>
										<td class='linked' test-id='10'>To verify the navigation functionality from PLP to PDP</td>
										<td><span class='test-status pass'>pass</span></td>
									</tr>
								</tbody>
							</table>
						</div>
					</div>
				</li>
				<li class='category displayed active'>
					<div class='category-heading'>
						<span class='category-name'>PDPTestCases</span>
						<span class='category-status right'>
							<span class='label pass'>12</span>
						</span>
					</div>
					<div class='category-content hide'>
						<div class='category-status-counts'>
							<span class='label green accent-4 white-text'>Passed: 12</span>
							
							
						</div>
					
						<div class='category-tests'>
							<table class='bordered table-results'>
								<thead>
									<tr>
										<th>Timestamp</th>
										<th>TestName</th>
										<th>Status</th>
									</tr>
								</thead>
								<tbody>
									<tr>
										<td>07-10-2020 21:25:45 PM</td>
										<td class='linked' test-id='11'>To verify the page navigation to Product Detailed Page(PDP)</td>
										<td><span class='test-status pass'>pass</span></td>
									</tr>
									<tr>
										<td>07-10-2020 21:27:30 PM</td>
										<td class='linked' test-id='12'>To verify the display of "Check Stock Availability at Future Date " CTA  below the add to wishlist&Compare CTA.</td>
										<td><span class='test-status pass'>pass</span></td>
									</tr>
									<tr>
										<td>07-10-2020 21:28:55 PM</td>
										<td class='linked' test-id='13'>To verify the display of "Check Stock Availability at Future Date " CTA  for the Out of Stock Products.</td>
										<td><span class='test-status pass'>pass</span></td>
									</tr>
									<tr>
										<td>07-10-2020 21:30:46 PM</td>
										<td class='linked' test-id='14'>To Verify the CTA of  "Check Stock Availability at Future Date " link.</td>
										<td><span class='test-status pass'>pass</span></td>
									</tr>
									<tr>
										<td>07-10-2020 21:32:23 PM</td>
										<td class='linked' test-id='15'>To verify the Disclaimer text display on all the time on this Popup.</td>
										<td><span class='test-status pass'>pass</span></td>
									</tr>
									<tr>
										<td>07-10-2020 21:33:59 PM</td>
										<td class='linked' test-id='16'>To verify the selection of Previous and Currents dates in the Date picker.</td>
										<td><span class='test-status pass'>pass</span></td>
									</tr>
									<tr>
										<td>07-10-2020 21:35:52 PM</td>
										<td class='linked' test-id='17'>To verify the user able to select different dates ,one after the other.</td>
										<td><span class='test-status pass'>pass</span></td>
									</tr>
									<tr>
										<td>07-10-2020 21:38:15 PM</td>
										<td class='linked' test-id='18'>To verify the Date formate displayed in the picker.</td>
										<td><span class='test-status pass'>pass</span></td>
									</tr>
									<tr>
										<td>07-10-2020 21:40:43 PM</td>
										<td class='linked' test-id='19'>To verify the stock information displayed for any selected date.</td>
										<td><span class='test-status pass'>pass</span></td>
									</tr>
									<tr>
										<td>07-10-2020 21:42:45 PM</td>
										<td class='linked' test-id='20'>To verify the functionality of OK CTA displayed on the Popup.</td>
										<td><span class='test-status pass'>pass</span></td>
									</tr>
									<tr>
										<td>07-10-2020 21:45:04 PM</td>
										<td class='linked' test-id='21'>To verify the functionality of OK CTA displayed on the Popup.</td>
										<td><span class='test-status pass'>pass</span></td>
									</tr>
									<tr>
										<td>07-10-2020 21:46:49 PM</td>
										<td class='linked' test-id='22'>To verify the functionality of Check ETA button in PDP</td>
										<td><span class='test-status pass'>pass</span></td>
									</tr>
								</tbody>
							</table>
						</div>
					</div>
				</li>
				<li class='category displayed active'>
					<div class='category-heading'>
						<span class='category-name'>SignupTestCases</span>
						<span class='category-status right'>
							<span class='label pass'>4</span>
							<span class='label fail'>2</span>
						</span>
					</div>
					<div class='category-content hide'>
						<div class='category-status-counts'>
							<span class='label green accent-4 white-text'>Passed: 4</span>
							<span class='label red lighten-1 white-text'>Failed: 2</span>
							
						</div>
					
						<div class='category-tests'>
							<table class='bordered table-results'>
								<thead>
									<tr>
										<th>Timestamp</th>
										<th>TestName</th>
										<th>Status</th>
									</tr>
								</thead>
								<tbody>
									<tr>
										<td>07-10-2020 21:49:51 PM</td>
										<td class='linked' test-id='23'>To verify the page navigation to address validation form on SignUp after selecting account type as Cash account for Australia</td>
										<td><span class='test-status pass'>pass</span></td>
									</tr>
									<tr>
										<td>07-10-2020 21:54:13 PM</td>
										<td class='linked' test-id='24'>To verify the page navigation to address validation form on SignUp after selecting account type as Trade account for Australia</td>
										<td><span class='test-status pass'>pass</span></td>
									</tr>
									<tr>
										<td>07-10-2020 21:58:50 PM</td>
										<td class='linked' test-id='25'>Verify AO user is able to change the password clicking on Forgot Password link in Australia site.</td>
										<td><span class='test-status fail'>fail</span></td>
									</tr>
									<tr>
										<td>07-10-2020 21:59:35 PM</td>
										<td class='linked' test-id='26'>To verify the page navigation to address validation form on SignUp after selecting account type as Cash account for NewZealand</td>
										<td><span class='test-status pass'>pass</span></td>
									</tr>
									<tr>
										<td>07-10-2020 22:04:46 PM</td>
										<td class='linked' test-id='27'>To verify the page navigation to address validation form on SignUp after selecting account type as Trade account for NewZealand</td>
										<td><span class='test-status pass'>pass</span></td>
									</tr>
									<tr>
										<td>07-10-2020 22:09:46 PM</td>
										<td class='linked' test-id='28'>Verify AO user is able to change the password clicking on Forgot Password link in New Zealand site.</td>
										<td><span class='test-status fail'>fail</span></td>
									</tr>
								</tbody>
							</table>
						</div>
					</div>
				</li>
				<li class='category displayed active'>
					<div class='category-heading'>
						<span class='category-name'>SRPTestCases</span>
						<span class='category-status right'>
							<span class='label pass'>6</span>
							<span class='label fail'>2</span>
						</span>
					</div>
					<div class='category-content hide'>
						<div class='category-status-counts'>
							<span class='label green accent-4 white-text'>Passed: 6</span>
							<span class='label red lighten-1 white-text'>Failed: 2</span>
							
						</div>
					
						<div class='category-tests'>
							<table class='bordered table-results'>
								<thead>
									<tr>
										<th>Timestamp</th>
										<th>TestName</th>
										<th>Status</th>
									</tr>
								</thead>
								<tbody>
									<tr>
										<td>07-10-2020 22:10:35 PM</td>
										<td class='linked' test-id='29'>To Verify the CTA of  "Check Stock Availability at Future Date " link.</td>
										<td><span class='test-status pass'>pass</span></td>
									</tr>
									<tr>
										<td>07-10-2020 22:15:36 PM</td>
										<td class='linked' test-id='30'>To verify the display of "Check Stock Availability at Future Date " CTA  for the Out of Stock Products.</td>
										<td><span class='test-status fail'>fail</span></td>
									</tr>
									<tr>
										<td>07-10-2020 22:17:11 PM</td>
										<td class='linked' test-id='31'>To verify the selection of past dates are not allowed in the Date picker.</td>
										<td><span class='test-status pass'>pass</span></td>
									</tr>
									<tr>
										<td>07-10-2020 22:19:04 PM</td>
										<td class='linked' test-id='32'>To verify the stock information displayed for any selected date.</td>
										<td><span class='test-status pass'>pass</span></td>
									</tr>
									<tr>
										<td>07-10-2020 22:21:02 PM</td>
										<td class='linked' test-id='33'>To verify the functionality of OK CTA displayed on the Popup.</td>
										<td><span class='test-status pass'>pass</span></td>
									</tr>
									<tr>
										<td>07-10-2020 22:23:12 PM</td>
										<td class='linked' test-id='34'>To verify the functionality of Check ETA button in SRP</td>
										<td><span class='test-status pass'>pass</span></td>
									</tr>
									<tr>
										<td>07-10-2020 22:27:37 PM</td>
										<td class='linked' test-id='35'>To verify the navigation functionality from SRP tp PDP</td>
										<td><span class='test-status fail'>fail</span></td>
									</tr>
									<tr>
										<td>07-10-2020 22:30:00 PM</td>
										<td class='linked' test-id='36'>verify add to cart functionality</td>
										<td><span class='test-status pass'>pass</span></td>
									</tr>
								</tbody>
							</table>
						</div>
					</div>
				</li>
				<li class='category displayed active'>
					<div class='category-heading'>
						<span class='category-name'>HeaderTestCases</span>
						<span class='category-status right'>
							<span class='label fail'>12</span>
						</span>
					</div>
					<div class='category-content hide'>
						<div class='category-status-counts'>
							
							<span class='label red lighten-1 white-text'>Failed: 12</span>
							
						</div>
					
						<div class='category-tests'>
							<table class='bordered table-results'>
								<thead>
									<tr>
										<th>Timestamp</th>
										<th>TestName</th>
										<th>Status</th>
									</tr>
								</thead>
								<tbody>
									<tr>
										<td>07-10-2020 22:34:21 PM</td>
										<td class='linked' test-id='37'>To verify navigation to PLP from megamenu layover</td>
										<td><span class='test-status fail'>fail</span></td>
									</tr>
									<tr>
										<td>07-10-2020 22:39:13 PM</td>
										<td class='linked' test-id='38'>To verify navigation to PLP from megamenu layover</td>
										<td><span class='test-status fail'>fail</span></td>
									</tr>
									<tr>
										<td>07-10-2020 22:44:00 PM</td>
										<td class='linked' test-id='39'>To verify navigation to PLP from megamenu layover</td>
										<td><span class='test-status fail'>fail</span></td>
									</tr>
									<tr>
										<td>07-10-2020 22:48:25 PM</td>
										<td class='linked' test-id='40'>To verify navigation to PLP from megamenu layover</td>
										<td><span class='test-status fail'>fail</span></td>
									</tr>
									<tr>
										<td>07-10-2020 22:53:26 PM</td>
										<td class='linked' test-id='41'>To verify able to navigate to Contact us page on click of Contact Us link in th header</td>
										<td><span class='test-status fail'>fail</span></td>
									</tr>
									<tr>
										<td>07-10-2020 22:57:05 PM</td>
										<td class='linked' test-id='42'>To verify able to navigate to Contact us page on click of Contact Us link in th header</td>
										<td><span class='test-status fail'>fail</span></td>
									</tr>
									<tr>
										<td>07-10-2020 23:01:17 PM</td>
										<td class='linked' test-id='43'>To verify able to navigate to Contact us page on click of Contact Us link in th header</td>
										<td><span class='test-status fail'>fail</span></td>
									</tr>
									<tr>
										<td>07-10-2020 23:06:11 PM</td>
										<td class='linked' test-id='44'>To verify able to navigate to Contact us page on click of Contact Us link in th header</td>
										<td><span class='test-status fail'>fail</span></td>
									</tr>
									<tr>
										<td>07-10-2020 23:10:24 PM</td>
										<td class='linked' test-id='45'>To verify able to switch the region frm Au to Nz and vice-versa</td>
										<td><span class='test-status fail'>fail</span></td>
									</tr>
									<tr>
										<td>07-10-2020 23:15:05 PM</td>
										<td class='linked' test-id='46'>To verify able to switch the region frm Au to Nz and vice-versa</td>
										<td><span class='test-status fail'>fail</span></td>
									</tr>
									<tr>
										<td>07-10-2020 23:19:02 PM</td>
										<td class='linked' test-id='47'>To verify able to switch the region frm Au to Nz and vice-versa</td>
										<td><span class='test-status fail'>fail</span></td>
									</tr>
									<tr>
										<td>07-10-2020 23:23:18 PM</td>
										<td class='linked' test-id='48'>To verify able to switch the region frm Au to Nz and vice-versa</td>
										<td><span class='test-status fail'>fail</span></td>
									</tr>
								</tbody>
							</table>
						</div>
					</div>
				</li>
				<li class='category displayed active'>
					<div class='category-heading'>
						<span class='category-name'>HomePageTestCases</span>
						<span class='category-status right'>
							<span class='label pass'>2</span>
							<span class='label fail'>4</span>
						</span>
					</div>
					<div class='category-content hide'>
						<div class='category-status-counts'>
							<span class='label green accent-4 white-text'>Passed: 2</span>
							<span class='label red lighten-1 white-text'>Failed: 4</span>
							
						</div>
					
						<div class='category-tests'>
							<table class='bordered table-results'>
								<thead>
									<tr>
										<th>Timestamp</th>
										<th>TestName</th>
										<th>Status</th>
									</tr>
								</thead>
								<tbody>
									<tr>
										<td>07-10-2020 23:29:55 PM</td>
										<td class='linked' test-id='49'>To verify Feature productsection in Homepage for logged in users</td>
										<td><span class='test-status fail'>fail</span></td>
									</tr>
									<tr>
										<td>07-10-2020 23:34:52 PM</td>
										<td class='linked' test-id='50'>To verify Feature productsection in Homepage for logged in users</td>
										<td><span class='test-status fail'>fail</span></td>
									</tr>
									<tr>
										<td>07-10-2020 23:39:27 PM</td>
										<td class='linked' test-id='51'>To verify Feature productsection in Homepage for logged in users</td>
										<td><span class='test-status fail'>fail</span></td>
									</tr>
									<tr>
										<td>07-10-2020 23:44:27 PM</td>
										<td class='linked' test-id='52'>To verify Feature productsection in Homepage for logged in users</td>
										<td><span class='test-status fail'>fail</span></td>
									</tr>
									<tr>
										<td>07-10-2020 23:46:06 PM</td>
										<td class='linked' test-id='53'>To verify Feature productsection in Homepage for Guest users</td>
										<td><span class='test-status pass'>pass</span></td>
									</tr>
									<tr>
										<td>07-10-2020 23:46:23 PM</td>
										<td class='linked' test-id='54'>To verify Feature productsection in Homepage for Guest users</td>
										<td><span class='test-status pass'>pass</span></td>
									</tr>
								</tbody>
							</table>
						</div>
					</div>
				</li>

			</ul>
		</div>
	</div>

	<div class='subview-right left'>
		<div class='view-summary'>
			<h5 class='category-name'></h5>
		</div>
	</div>
</div>
<!-- category view -->
<!-- exception view -->
<div id='dashboard-view' class='view hide'>
	<div class='card-panel transparent np-v'>
		<h5>Dashboard</h5>

		<div class='row'>
			<div class='col s2'>
				<div class='card-panel r'>
					Tests
					<div class='panel-lead'>54</div>
				</div>
			</div>
			<div class='col s2'>
				<div class='card-panel r'>
					Steps
					<div class='panel-lead'>171</div>
				</div>
			</div>
			<div class='col s2'>
				<div class='card-panel r'>
					Start
					<div class='panel-lead'>07-10-2020 20:58:19 PM</div>
				</div>
			</div>
			<div class='col s2'>
				<div class='card-panel r'>
			 		End
			 		<div class='panel-lead'>07-10-2020 23:46:41 PM</div>
				</div>
			</div>
			<div class='col s2'>
				<div class='card-panel r'>
					Time Taken
					<div class='panel-lead'>10,101,544ms</div>
				</div>
			</div>
			<div class='col s4'>
				<div class='card-panel dashboard-environment'>
					<span class='right label cyan white-text'>Environment</span><p>&nbsp;</p>
					
					<table>
						<tr>
							<th>Name</th>
							<th>Value</th>
						</tr>
							<tr>
								<td>Browser</td>
								<td>Firefox</td>
							</tr>
							<tr>
								<td>Platform</td>
								<td>Windows server 2012</td>
							</tr>
							<tr>
								<td>OS Version</td>
								<td>10.0</td>
							</tr>
							<tr>
								<td>Java Version</td>
								<td>14.0.1</td>
							</tr>
							<tr>
								<td>Selenium Version</td>
								<td>3.7.1</td>
							</tr>
							<tr>
								<td>Site URL - 1</td>
								<td>https://t27499-s43721.sandbox.mozu.com/</td>
							</tr>
							<tr>
								<td>Site URL - 1</td>
								<td>https://t27499-s43722.sandbox.mozu.com/home</td>
							</tr>
					</table>
				</div>
			</div>
			<div class='col s4'>
				<div class='card-panel dashboard-categories'>
					<span class='right label cyan white-text'>Categories</span><p>&nbsp;</p>
					
					<table>
						<tr>
							<th>Name</th>
							<th>Passed</th>
							<th>Failed</th>
							<th>Others</th>
						</tr>
						<tr>
							<td>PLPTestCases</td>
							<td>9</td>
							<td>1</td>
							<td>0</td>
						</tr>
						<tr>
							<td>PDPTestCases</td>
							<td>12</td>
							<td>0</td>
							<td>0</td>
						</tr>
						<tr>
							<td>SignupTestCases</td>
							<td>4</td>
							<td>2</td>
							<td>0</td>
						</tr>
						<tr>
							<td>SRPTestCases</td>
							<td>6</td>
							<td>2</td>
							<td>0</td>
						</tr>
						<tr>
							<td>HeaderTestCases</td>
							<td>0</td>
							<td>12</td>
							<td>0</td>
						</tr>
						<tr>
							<td>HomePageTestCases</td>
							<td>2</td>
							<td>4</td>
							<td>0</td>
						</tr>
					</table>
				</div>
			</div>
		</div>
	</div>
</div>
<!-- dashboard view -->
<!-- testrunner-logs view -->
		</div>
		<!-- container -->

		<script>
			var statusGroup = {
				passParent: 33,
				failParent: 21,
				fatalParent: 0,
				errorParent: 0,
				warningParent: 0,
				skipParent: 0,
				exceptionsParent: 21,
				
				passChild: 33,
				failChild: 21,
				fatalChild: 0,
				errorChild: 0,
				warningChild: 0,
				skipChild: 0,
				infoChild: 117,
				exceptionsChild: 21,
				
				passGrandChild: 0,
				failGrandChild: 0,
				fatalGrandChild: 0,
				errorGrandChild: 0,
				warningGrandChild: 0,
				skipGrandChild: 0,
				infoGrandChild: 0,
				exceptionsGrandChild: 0,
			};
		</script>
		
			<script src='https://cdn.rawgit.com/anshooarora/extentreports-java/fca20fb7653aade98810546ab96a2a4360e3e712/dist/js/extent.js' type='text/javascript'></script>
		
		
 		<script type='text/javascript'>
 			 $(document).ready(function() { $('.dashboard-view').click() ;  $('.waves-effect:nth-child(3)a:nth-child(1) i:nth-child(1)').click() ; $('.col.s12:nth-child(2) .card-panel.nm-v').hide(); $('.col.s2:nth-child(2)').hide(); $('.col.s12:nth-child(1)').css('width', '100%');$('.row .col.s2').css('width', '25%'); }); 
 		</script>
	</body>
	
</html>
